\BOOKMARK [1][-]{section.1}{\376\377\225\356\230\230\221\315\217\360}{}% 1
\BOOKMARK [2][-]{subsection.1.1}{\376\377\225\356\230\230\200\314\146\157}{section.1}% 2
\BOOKMARK [2][-]{subsection.1.2}{\376\377\227\000\211\201\211\343\121\263\166\204\225\356\230\230}{section.1}% 3
\BOOKMARK [1][-]{section.2}{\376\377\152\041\127\213\120\107\213\276}{}% 4
\BOOKMARK [1][-]{section.3}{\376\377\173\046\123\367\213\364\146\016}{}% 5
\BOOKMARK [1][-]{section.4}{\376\377\225\356\230\230\122\006\147\220\116\016\154\102\211\343}{}% 6
\BOOKMARK [2][-]{subsection.4.1}{\376\377\225\356\230\230\116\000\060\001\116\214\166\204\122\006\147\220\116\016\154\102\211\343}{section.4}% 7
\BOOKMARK [3][-]{subsubsection.4.1.1}{\376\377\225\356\230\230\122\006\147\220}{subsection.4.1}% 8
\BOOKMARK [3][-]{subsubsection.4.1.2}{\376\377\225\356\230\230\116\000\060\001\116\214\166\204\152\041\127\213\136\372\172\313\116\016\154\102\211\343}{subsection.4.1}% 9
\BOOKMARK [3][-]{subsubsection.4.1.3}{\376\377\225\356\230\230\116\000\060\001\116\214\166\204\176\323\147\234}{subsection.4.1}% 10
\BOOKMARK [2][-]{subsection.4.2}{\376\377\225\356\230\230\116\011\060\001\126\333\166\204\122\006\147\220\116\016\154\102\211\343}{section.4}% 11
\BOOKMARK [3][-]{subsubsection.4.2.1}{\376\377\225\356\230\230\122\006\147\220}{subsection.4.2}% 12
\BOOKMARK [3][-]{subsubsection.4.2.2}{\376\377\152\041\127\213\166\204\136\372\172\313\116\016\154\102\211\343}{subsection.4.2}% 13
\BOOKMARK [2][-]{subsection.4.3}{\376\377\225\356\230\230\116\224\166\204\225\356\230\230\122\006\147\220\116\016\154\102\211\343}{section.4}% 14
\BOOKMARK [3][-]{subsubsection.4.3.1}{\376\377\225\356\230\230\122\006\147\220}{subsection.4.3}% 15
\BOOKMARK [3][-]{subsubsection.4.3.2}{\376\377\152\041\127\213\166\204\136\372\172\313\116\016\154\102\211\343}{subsection.4.3}% 16
\BOOKMARK [1][-]{section.5}{\376\377\152\041\127\213\150\300\232\214\116\016\122\006\147\220}{}% 17
\BOOKMARK [2][-]{subsection.5.1}{\376\377\120\107\213\276\166\204\124\010\164\006\140\047\122\006\147\220}{section.5}% 18
\BOOKMARK [2][-]{subsection.5.2}{\376\377\123\357\227\140\140\047\122\006\147\220\377\010\176\331\121\372\152\041\127\213\166\204\117\177\165\050\203\003\126\364\377\011}{section.5}% 19
\BOOKMARK [2][-]{subsection.5.3}{\376\377\152\041\127\213\166\204\124\010\164\006\140\047\122\006\147\220}{section.5}% 20
\BOOKMARK [1][-]{section.6}{\376\377\152\041\127\213\166\204\213\304\116\367\116\016\143\250\136\177}{}% 21
\BOOKMARK [2][-]{subsection.6.1}{\376\377\152\041\127\213\166\204\117\030\177\072\160\271\122\006\147\220}{section.6}% 22
\BOOKMARK [3][-]{subsubsection.6.1.1}{\376\377\152\041\127\213\166\204\117\030\160\271}{subsection.6.1}% 23
\BOOKMARK [3][-]{subsubsection.6.1.2}{\376\377\152\041\127\213\166\204\177\072\160\271}{subsection.6.1}% 24
\BOOKMARK [2][-]{subsection.6.2}{\376\377\152\041\127\213\166\204\136\224\165\050\230\206\127\337\123\312\143\250\136\177}{section.6}% 25
\BOOKMARK [1][-]{subsection.6.2}{\376\377\123\302\200\003\145\207\163\056}{}% 26
\BOOKMARK [1][-]{subsection.6.2}{\376\377\226\104\137\125}{}% 27
\BOOKMARK [2][-]{section*.25}{\376\377\123\237\131\313\145\160\143\156}{subsection.6.2}% 28
\BOOKMARK [2][-]{table.caption.27}{\376\377\000M\000a\000t\000l\000a\000b\152\041\127\213\156\220\116\343\170\001}{subsection.6.2}% 29
\BOOKMARK [3][-]{section*.28}{\376\377\225\356\230\230\116\000\060\001\116\214\166\204\116\343\170\001}{table.caption.27}% 30
\BOOKMARK [3][-]{lstnumber.-1.88}{\376\377\225\356\230\230\116\011\166\204\116\343\170\001}{table.caption.27}% 31
\BOOKMARK [3][-]{lstnumber.-2.8}{\376\377\225\356\230\230\126\333\166\204\116\343\170\001}{table.caption.27}% 32
\BOOKMARK [3][-]{lstnumber.-3.15}{\376\377\225\356\230\230\116\224\166\204\116\343\170\001}{table.caption.27}% 33
