This is pdfTeX, Version 3.14159265-2.6-1.40.18 (TeX Live 2017/W32TeX) (preloaded format=pdflatex 2018.4.29)  3 MAY 2019 20:55
entering extended mode
 restricted \write18 enabled.
 %&-line parsing enabled.
**./五一赛论文.tex
(./五一赛论文.tex
LaTeX2e <2017-04-15>
Babel <3.10> and hyphenation patterns for 84 language(s) loaded.
(e:/texlive/2017/texmf-dist/tex/latex/base/article.cls
Document Class: article 2014/09/29 v1.4h Standard LaTeX document class
(e:/texlive/2017/texmf-dist/tex/latex/base/size10.clo
File: size10.clo 2014/09/29 v1.4h Standard LaTeX file (size option)
)
\c@part=\count79
\c@section=\count80
\c@subsection=\count81
\c@subsubsection=\count82
\c@paragraph=\count83
\c@subparagraph=\count84
\c@figure=\count85
\c@table=\count86
\abovecaptionskip=\skip41
\belowcaptionskip=\skip42
\bibindent=\dimen102
)
(e:/texlive/2017/texmf-dist/tex/latex/ctex/ctex.sty
(e:/texlive/2017/texmf-dist/tex/latex/l3kernel/expl3.sty
Package: expl3 2017/05/13 L3 programming layer (loader) 

(e:/texlive/2017/texmf-dist/tex/latex/l3kernel/expl3-code.tex
Package: expl3 2017/05/13 L3 programming layer (code)
\c_max_int=\count87
\l_tmpa_int=\count88
\l_tmpb_int=\count89
\g_tmpa_int=\count90
\g_tmpb_int=\count91
\g__prg_map_int=\count92
\c_log_iow=\count93
\l_iow_line_count_int=\count94
\l__iow_line_target_int=\count95
\l__iow_one_indent_int=\count96
\l__iow_indent_int=\count97
\c_zero_dim=\dimen103
\c_max_dim=\dimen104
\l_tmpa_dim=\dimen105
\l_tmpb_dim=\dimen106
\g_tmpa_dim=\dimen107
\g_tmpb_dim=\dimen108
\c_zero_skip=\skip43
\c_max_skip=\skip44
\l_tmpa_skip=\skip45
\l_tmpb_skip=\skip46
\g_tmpa_skip=\skip47
\g_tmpb_skip=\skip48
\c_zero_muskip=\muskip10
\c_max_muskip=\muskip11
\l_tmpa_muskip=\muskip12
\l_tmpb_muskip=\muskip13
\g_tmpa_muskip=\muskip14
\g_tmpb_muskip=\muskip15
\l_keys_choice_int=\count98
\c__fp_leading_shift_int=\count99
\c__fp_middle_shift_int=\count100
\c__fp_trailing_shift_int=\count101
\c__fp_big_leading_shift_int=\count102
\c__fp_big_middle_shift_int=\count103
\c__fp_big_trailing_shift_int=\count104
\c__fp_Bigg_leading_shift_int=\count105
\c__fp_Bigg_middle_shift_int=\count106
\c__fp_Bigg_trailing_shift_int=\count107
\c__fp_rand_size_int=\count108
\c__fp_rand_four_int=\count109
\c__fp_rand_eight_int=\count110
\l__sort_length_int=\count111
\l__sort_min_int=\count112
\l__sort_top_int=\count113
\l__sort_max_int=\count114
\l__sort_true_max_int=\count115
\l__sort_block_int=\count116
\l__sort_begin_int=\count117
\l__sort_end_int=\count118
\l__sort_A_int=\count119
\l__sort_B_int=\count120
\l__sort_C_int=\count121
\c_empty_box=\box26
\l_tmpa_box=\box27
\l_tmpb_box=\box28
\g_tmpa_box=\box29
\g_tmpb_box=\box30
\l__box_top_dim=\dimen109
\l__box_bottom_dim=\dimen110
\l__box_left_dim=\dimen111
\l__box_right_dim=\dimen112
\l__box_top_new_dim=\dimen113
\l__box_bottom_new_dim=\dimen114
\l__box_left_new_dim=\dimen115
\l__box_right_new_dim=\dimen116
\l__box_internal_box=\box31
\l__coffin_internal_box=\box32
\l__coffin_internal_dim=\dimen117
\l__coffin_offset_x_dim=\dimen118
\l__coffin_offset_y_dim=\dimen119
\l__coffin_x_dim=\dimen120
\l__coffin_y_dim=\dimen121
\l__coffin_x_prime_dim=\dimen122
\l__coffin_y_prime_dim=\dimen123
\c_empty_coffin=\box33
\l__coffin_aligned_coffin=\box34
\l__coffin_aligned_internal_coffin=\box35
\l_tmpa_coffin=\box36
\l_tmpb_coffin=\box37
\l__coffin_display_coffin=\box38
\l__coffin_display_coord_coffin=\box39
\l__coffin_display_pole_coffin=\box40
\l__coffin_display_offset_dim=\dimen124
\l__coffin_display_x_dim=\dimen125
\l__coffin_display_y_dim=\dimen126
\l__coffin_bounding_shift_dim=\dimen127
\l__coffin_left_corner_dim=\dimen128
\l__coffin_right_corner_dim=\dimen129
\l__coffin_bottom_corner_dim=\dimen130
\l__coffin_top_corner_dim=\dimen131
\l__coffin_scaled_total_height_dim=\dimen132
\l__coffin_scaled_width_dim=\dimen133
)
(e:/texlive/2017/texmf-dist/tex/latex/l3kernel/l3pdfmode.def
File: l3pdfmode.def 2017/03/18 v L3 Experimental driver: PDF mode
\l__driver_color_stack_int=\count122
\l__driver_tmp_box=\box41
))
Package: ctex 2017/04/01 v2.4.9 Chinese adapter in LaTeX (CTEX)

(e:/texlive/2017/texmf-dist/tex/latex/l3packages/xparse/xparse.sty
Package: xparse 2017/05/13 L3 Experimental document command parser
\l__xparse_current_arg_int=\count123
\g__xparse_grabber_int=\count124
\l__xparse_m_args_int=\count125
\l__xparse_mandatory_args_int=\count126
\l__xparse_v_nesting_int=\count127
)
(e:/texlive/2017/texmf-dist/tex/latex/l3packages/l3keys2e/l3keys2e.sty
Package: l3keys2e 2017/05/13 LaTeX2e option processing using LaTeX3 keys
)
\g__file_internal_ior=\read1

(e:/texlive/2017/texmf-dist/tex/latex/ctex/ctexhook.sty
Package: ctexhook 2017/04/01 v2.4.9 Document and package hooks (CTEX)
)
(e:/texlive/2017/texmf-dist/tex/latex/ctex/ctexpatch.sty
Package: ctexpatch 2017/04/01 v2.4.9 Patching commands (CTEX)
)
(e:/texlive/2017/texmf-dist/tex/latex/base/fix-cm.sty
Package: fix-cm 2015/01/14 v1.1t fixes to LaTeX

(e:/texlive/2017/texmf-dist/tex/latex/base/ts1enc.def
File: ts1enc.def 2001/06/05 v3.0e (jk/car/fm) Standard LaTeX file
))
(e:/texlive/2017/texmf-dist/tex/latex/ms/everysel.sty
Package: everysel 2011/10/28 v1.2 EverySelectfont Package (MS)
)
\l__ctex_tmp_int=\count128
\l__ctex_tmp_box=\box42
\l__ctex_tmp_dim=\dimen134

(e:/texlive/2017/texmf-dist/tex/latex/ctex/config/ctexopts.cfg
File: ctexopts.cfg 2017/04/01 v2.4.9 Option configuration file (CTEX)
)
*************************************************
* ctex warning: "deprecated-option"
* 
* Option `hyperref' is deprecated.
* `hyperref' package will be loaded.
*************************************************
(e:/texlive/2017/texmf-dist/tex/latex/ctex/engine/ctex-engine-pdftex.def
File: ctex-engine-pdftex.def 2017/04/01 v2.4.9 (pdf)LaTeX adapter (CTEX)

(e:/texlive/2017/texmf-dist/tex/latex/cjk/texinput/CJKutf8.sty
Package: CJKutf8 2015/04/18 4.8.4

(e:/texlive/2017/texmf-dist/tex/generic/oberdiek/ifpdf.sty
Package: ifpdf 2017/03/15 v3.2 Provides the ifpdf switch
)
(e:/texlive/2017/texmf-dist/tex/latex/base/inputenc.sty
Package: inputenc 2015/03/17 v1.2c Input encoding file
\inpenc@prehook=\toks14
\inpenc@posthook=\toks15

(e:/texlive/2017/texmf-dist/tex/latex/base/utf8.def
File: utf8.def 2017/01/28 v1.1t UTF-8 support for inputenc
Now handling font encoding OML ...
... no UTF-8 mapping file for font encoding OML
Now handling font encoding T1 ...
... processing UTF-8 mapping file for font encoding T1

(e:/texlive/2017/texmf-dist/tex/latex/base/t1enc.dfu
File: t1enc.dfu 2017/01/28 v1.1t UTF-8 support for inputenc
   defining Unicode char U+00A0 (decimal 160)
   defining Unicode char U+00A1 (decimal 161)
   defining Unicode char U+00A3 (decimal 163)
   defining Unicode char U+00AB (decimal 171)
   defining Unicode char U+00AD (decimal 173)
   defining Unicode char U+00BB (decimal 187)
   defining Unicode char U+00BF (decimal 191)
   defining Unicode char U+00C0 (decimal 192)
   defining Unicode char U+00C1 (decimal 193)
   defining Unicode char U+00C2 (decimal 194)
   defining Unicode char U+00C3 (decimal 195)
   defining Unicode char U+00C4 (decimal 196)
   defining Unicode char U+00C5 (decimal 197)
   defining Unicode char U+00C6 (decimal 198)
   defining Unicode char U+00C7 (decimal 199)
   defining Unicode char U+00C8 (decimal 200)
   defining Unicode char U+00C9 (decimal 201)
   defining Unicode char U+00CA (decimal 202)
   defining Unicode char U+00CB (decimal 203)
   defining Unicode char U+00CC (decimal 204)
   defining Unicode char U+00CD (decimal 205)
   defining Unicode char U+00CE (decimal 206)
   defining Unicode char U+00CF (decimal 207)
   defining Unicode char U+00D0 (decimal 208)
   defining Unicode char U+00D1 (decimal 209)
   defining Unicode char U+00D2 (decimal 210)
   defining Unicode char U+00D3 (decimal 211)
   defining Unicode char U+00D4 (decimal 212)
   defining Unicode char U+00D5 (decimal 213)
   defining Unicode char U+00D6 (decimal 214)
   defining Unicode char U+00D8 (decimal 216)
   defining Unicode char U+00D9 (decimal 217)
   defining Unicode char U+00DA (decimal 218)
   defining Unicode char U+00DB (decimal 219)
   defining Unicode char U+00DC (decimal 220)
   defining Unicode char U+00DD (decimal 221)
   defining Unicode char U+00DE (decimal 222)
   defining Unicode char U+00DF (decimal 223)
   defining Unicode char U+00E0 (decimal 224)
   defining Unicode char U+00E1 (decimal 225)
   defining Unicode char U+00E2 (decimal 226)
   defining Unicode char U+00E3 (decimal 227)
   defining Unicode char U+00E4 (decimal 228)
   defining Unicode char U+00E5 (decimal 229)
   defining Unicode char U+00E6 (decimal 230)
   defining Unicode char U+00E7 (decimal 231)
   defining Unicode char U+00E8 (decimal 232)
   defining Unicode char U+00E9 (decimal 233)
   defining Unicode char U+00EA (decimal 234)
   defining Unicode char U+00EB (decimal 235)
   defining Unicode char U+00EC (decimal 236)
   defining Unicode char U+00ED (decimal 237)
   defining Unicode char U+00EE (decimal 238)
   defining Unicode char U+00EF (decimal 239)
   defining Unicode char U+00F0 (decimal 240)
   defining Unicode char U+00F1 (decimal 241)
   defining Unicode char U+00F2 (decimal 242)
   defining Unicode char U+00F3 (decimal 243)
   defining Unicode char U+00F4 (decimal 244)
   defining Unicode char U+00F5 (decimal 245)
   defining Unicode char U+00F6 (decimal 246)
   defining Unicode char U+00F8 (decimal 248)
   defining Unicode char U+00F9 (decimal 249)
   defining Unicode char U+00FA (decimal 250)
   defining Unicode char U+00FB (decimal 251)
   defining Unicode char U+00FC (decimal 252)
   defining Unicode char U+00FD (decimal 253)
   defining Unicode char U+00FE (decimal 254)
   defining Unicode char U+00FF (decimal 255)
   defining Unicode char U+0100 (decimal 256)
   defining Unicode char U+0101 (decimal 257)
   defining Unicode char U+0102 (decimal 258)
   defining Unicode char U+0103 (decimal 259)
   defining Unicode char U+0104 (decimal 260)
   defining Unicode char U+0105 (decimal 261)
   defining Unicode char U+0106 (decimal 262)
   defining Unicode char U+0107 (decimal 263)
   defining Unicode char U+0108 (decimal 264)
   defining Unicode char U+0109 (decimal 265)
   defining Unicode char U+010A (decimal 266)
   defining Unicode char U+010B (decimal 267)
   defining Unicode char U+010C (decimal 268)
   defining Unicode char U+010D (decimal 269)
   defining Unicode char U+010E (decimal 270)
   defining Unicode char U+010F (decimal 271)
   defining Unicode char U+0110 (decimal 272)
   defining Unicode char U+0111 (decimal 273)
   defining Unicode char U+0112 (decimal 274)
   defining Unicode char U+0113 (decimal 275)
   defining Unicode char U+0114 (decimal 276)
   defining Unicode char U+0115 (decimal 277)
   defining Unicode char U+0116 (decimal 278)
   defining Unicode char U+0117 (decimal 279)
   defining Unicode char U+0118 (decimal 280)
   defining Unicode char U+0119 (decimal 281)
   defining Unicode char U+011A (decimal 282)
   defining Unicode char U+011B (decimal 283)
   defining Unicode char U+011C (decimal 284)
   defining Unicode char U+011D (decimal 285)
   defining Unicode char U+011E (decimal 286)
   defining Unicode char U+011F (decimal 287)
   defining Unicode char U+0120 (decimal 288)
   defining Unicode char U+0121 (decimal 289)
   defining Unicode char U+0122 (decimal 290)
   defining Unicode char U+0123 (decimal 291)
   defining Unicode char U+0124 (decimal 292)
   defining Unicode char U+0125 (decimal 293)
   defining Unicode char U+0128 (decimal 296)
   defining Unicode char U+0129 (decimal 297)
   defining Unicode char U+012A (decimal 298)
   defining Unicode char U+012B (decimal 299)
   defining Unicode char U+012C (decimal 300)
   defining Unicode char U+012D (decimal 301)
   defining Unicode char U+012E (decimal 302)
   defining Unicode char U+012F (decimal 303)
   defining Unicode char U+0130 (decimal 304)
   defining Unicode char U+0131 (decimal 305)
   defining Unicode char U+0132 (decimal 306)
   defining Unicode char U+0133 (decimal 307)
   defining Unicode char U+0134 (decimal 308)
   defining Unicode char U+0135 (decimal 309)
   defining Unicode char U+0136 (decimal 310)
   defining Unicode char U+0137 (decimal 311)
   defining Unicode char U+0139 (decimal 313)
   defining Unicode char U+013A (decimal 314)
   defining Unicode char U+013B (decimal 315)
   defining Unicode char U+013C (decimal 316)
   defining Unicode char U+013D (decimal 317)
   defining Unicode char U+013E (decimal 318)
   defining Unicode char U+0141 (decimal 321)
   defining Unicode char U+0142 (decimal 322)
   defining Unicode char U+0143 (decimal 323)
   defining Unicode char U+0144 (decimal 324)
   defining Unicode char U+0145 (decimal 325)
   defining Unicode char U+0146 (decimal 326)
   defining Unicode char U+0147 (decimal 327)
   defining Unicode char U+0148 (decimal 328)
   defining Unicode char U+014A (decimal 330)
   defining Unicode char U+014B (decimal 331)
   defining Unicode char U+014C (decimal 332)
   defining Unicode char U+014D (decimal 333)
   defining Unicode char U+014E (decimal 334)
   defining Unicode char U+014F (decimal 335)
   defining Unicode char U+0150 (decimal 336)
   defining Unicode char U+0151 (decimal 337)
   defining Unicode char U+0152 (decimal 338)
   defining Unicode char U+0153 (decimal 339)
   defining Unicode char U+0154 (decimal 340)
   defining Unicode char U+0155 (decimal 341)
   defining Unicode char U+0156 (decimal 342)
   defining Unicode char U+0157 (decimal 343)
   defining Unicode char U+0158 (decimal 344)
   defining Unicode char U+0159 (decimal 345)
   defining Unicode char U+015A (decimal 346)
   defining Unicode char U+015B (decimal 347)
   defining Unicode char U+015C (decimal 348)
   defining Unicode char U+015D (decimal 349)
   defining Unicode char U+015E (decimal 350)
   defining Unicode char U+015F (decimal 351)
   defining Unicode char U+0160 (decimal 352)
   defining Unicode char U+0161 (decimal 353)
   defining Unicode char U+0162 (decimal 354)
   defining Unicode char U+0163 (decimal 355)
   defining Unicode char U+0164 (decimal 356)
   defining Unicode char U+0165 (decimal 357)
   defining Unicode char U+0168 (decimal 360)
   defining Unicode char U+0169 (decimal 361)
   defining Unicode char U+016A (decimal 362)
   defining Unicode char U+016B (decimal 363)
   defining Unicode char U+016C (decimal 364)
   defining Unicode char U+016D (decimal 365)
   defining Unicode char U+016E (decimal 366)
   defining Unicode char U+016F (decimal 367)
   defining Unicode char U+0170 (decimal 368)
   defining Unicode char U+0171 (decimal 369)
   defining Unicode char U+0172 (decimal 370)
   defining Unicode char U+0173 (decimal 371)
   defining Unicode char U+0174 (decimal 372)
   defining Unicode char U+0175 (decimal 373)
   defining Unicode char U+0176 (decimal 374)
   defining Unicode char U+0177 (decimal 375)
   defining Unicode char U+0178 (decimal 376)
   defining Unicode char U+0179 (decimal 377)
   defining Unicode char U+017A (decimal 378)
   defining Unicode char U+017B (decimal 379)
   defining Unicode char U+017C (decimal 380)
   defining Unicode char U+017D (decimal 381)
   defining Unicode char U+017E (decimal 382)
   defining Unicode char U+01CD (decimal 461)
   defining Unicode char U+01CE (decimal 462)
   defining Unicode char U+01CF (decimal 463)
   defining Unicode char U+01D0 (decimal 464)
   defining Unicode char U+01D1 (decimal 465)
   defining Unicode char U+01D2 (decimal 466)
   defining Unicode char U+01D3 (decimal 467)
   defining Unicode char U+01D4 (decimal 468)
   defining Unicode char U+01E2 (decimal 482)
   defining Unicode char U+01E3 (decimal 483)
   defining Unicode char U+01E6 (decimal 486)
   defining Unicode char U+01E7 (decimal 487)
   defining Unicode char U+01E8 (decimal 488)
   defining Unicode char U+01E9 (decimal 489)
   defining Unicode char U+01EA (decimal 490)
   defining Unicode char U+01EB (decimal 491)
   defining Unicode char U+01F0 (decimal 496)
   defining Unicode char U+01F4 (decimal 500)
   defining Unicode char U+01F5 (decimal 501)
   defining Unicode char U+0218 (decimal 536)
   defining Unicode char U+0219 (decimal 537)
   defining Unicode char U+021A (decimal 538)
   defining Unicode char U+021B (decimal 539)
   defining Unicode char U+0232 (decimal 562)
   defining Unicode char U+0233 (decimal 563)
   defining Unicode char U+1E02 (decimal 7682)
   defining Unicode char U+1E03 (decimal 7683)
   defining Unicode char U+200C (decimal 8204)
   defining Unicode char U+2010 (decimal 8208)
   defining Unicode char U+2011 (decimal 8209)
   defining Unicode char U+2012 (decimal 8210)
   defining Unicode char U+2013 (decimal 8211)
   defining Unicode char U+2014 (decimal 8212)
   defining Unicode char U+2015 (decimal 8213)
   defining Unicode char U+2018 (decimal 8216)
   defining Unicode char U+2019 (decimal 8217)
   defining Unicode char U+201A (decimal 8218)
   defining Unicode char U+201C (decimal 8220)
   defining Unicode char U+201D (decimal 8221)
   defining Unicode char U+201E (decimal 8222)
   defining Unicode char U+2030 (decimal 8240)
   defining Unicode char U+2031 (decimal 8241)
   defining Unicode char U+2039 (decimal 8249)
   defining Unicode char U+203A (decimal 8250)
   defining Unicode char U+2423 (decimal 9251)
   defining Unicode char U+1E20 (decimal 7712)
   defining Unicode char U+1E21 (decimal 7713)
)
Now handling font encoding OT1 ...
... processing UTF-8 mapping file for font encoding OT1

(e:/texlive/2017/texmf-dist/tex/latex/base/ot1enc.dfu
File: ot1enc.dfu 2017/01/28 v1.1t UTF-8 support for inputenc
   defining Unicode char U+00A0 (decimal 160)
   defining Unicode char U+00A1 (decimal 161)
   defining Unicode char U+00A3 (decimal 163)
   defining Unicode char U+00AD (decimal 173)
   defining Unicode char U+00B8 (decimal 184)
   defining Unicode char U+00BF (decimal 191)
   defining Unicode char U+00C5 (decimal 197)
   defining Unicode char U+00C6 (decimal 198)
   defining Unicode char U+00D8 (decimal 216)
   defining Unicode char U+00DF (decimal 223)
   defining Unicode char U+00E6 (decimal 230)
   defining Unicode char U+00EC (decimal 236)
   defining Unicode char U+00ED (decimal 237)
   defining Unicode char U+00EE (decimal 238)
   defining Unicode char U+00EF (decimal 239)
   defining Unicode char U+00F8 (decimal 248)
   defining Unicode char U+0131 (decimal 305)
   defining Unicode char U+0141 (decimal 321)
   defining Unicode char U+0142 (decimal 322)
   defining Unicode char U+0152 (decimal 338)
   defining Unicode char U+0153 (decimal 339)
   defining Unicode char U+0174 (decimal 372)
   defining Unicode char U+0175 (decimal 373)
   defining Unicode char U+0176 (decimal 374)
   defining Unicode char U+0177 (decimal 375)
   defining Unicode char U+0218 (decimal 536)
   defining Unicode char U+0219 (decimal 537)
   defining Unicode char U+021A (decimal 538)
   defining Unicode char U+021B (decimal 539)
   defining Unicode char U+2013 (decimal 8211)
   defining Unicode char U+2014 (decimal 8212)
   defining Unicode char U+2018 (decimal 8216)
   defining Unicode char U+2019 (decimal 8217)
   defining Unicode char U+201C (decimal 8220)
   defining Unicode char U+201D (decimal 8221)
)
Now handling font encoding OMS ...
... processing UTF-8 mapping file for font encoding OMS

(e:/texlive/2017/texmf-dist/tex/latex/base/omsenc.dfu
File: omsenc.dfu 2017/01/28 v1.1t UTF-8 support for inputenc
   defining Unicode char U+00A7 (decimal 167)
   defining Unicode char U+00B6 (decimal 182)
   defining Unicode char U+00B7 (decimal 183)
   defining Unicode char U+2020 (decimal 8224)
   defining Unicode char U+2021 (decimal 8225)
   defining Unicode char U+2022 (decimal 8226)
)
Now handling font encoding OMX ...
... no UTF-8 mapping file for font encoding OMX
Now handling font encoding U ...
... no UTF-8 mapping file for font encoding U
Now handling font encoding TS1 ...
... processing UTF-8 mapping file for font encoding TS1

(e:/texlive/2017/texmf-dist/tex/latex/base/ts1enc.dfu
File: ts1enc.dfu 2017/01/28 v1.1t UTF-8 support for inputenc
   defining Unicode char U+00A2 (decimal 162)
   defining Unicode char U+00A3 (decimal 163)
   defining Unicode char U+00A4 (decimal 164)
   defining Unicode char U+00A5 (decimal 165)
   defining Unicode char U+00A6 (decimal 166)
   defining Unicode char U+00A7 (decimal 167)
   defining Unicode char U+00A8 (decimal 168)
   defining Unicode char U+00A9 (decimal 169)
   defining Unicode char U+00AA (decimal 170)
   defining Unicode char U+00AC (decimal 172)
   defining Unicode char U+00AE (decimal 174)
   defining Unicode char U+00AF (decimal 175)
   defining Unicode char U+00B0 (decimal 176)
   defining Unicode char U+00B1 (decimal 177)
   defining Unicode char U+00B2 (decimal 178)
   defining Unicode char U+00B3 (decimal 179)
   defining Unicode char U+00B4 (decimal 180)
   defining Unicode char U+00B5 (decimal 181)
   defining Unicode char U+00B6 (decimal 182)
   defining Unicode char U+00B7 (decimal 183)
   defining Unicode char U+00B9 (decimal 185)
   defining Unicode char U+00BA (decimal 186)
   defining Unicode char U+00BC (decimal 188)
   defining Unicode char U+00BD (decimal 189)
   defining Unicode char U+00BE (decimal 190)
   defining Unicode char U+00D7 (decimal 215)
   defining Unicode char U+00F7 (decimal 247)
   defining Unicode char U+0192 (decimal 402)
   defining Unicode char U+02C7 (decimal 711)
   defining Unicode char U+02D8 (decimal 728)
   defining Unicode char U+02DD (decimal 733)
   defining Unicode char U+0E3F (decimal 3647)
   defining Unicode char U+2016 (decimal 8214)
   defining Unicode char U+2020 (decimal 8224)
   defining Unicode char U+2021 (decimal 8225)
   defining Unicode char U+2022 (decimal 8226)
   defining Unicode char U+2030 (decimal 8240)
   defining Unicode char U+2031 (decimal 8241)
   defining Unicode char U+203B (decimal 8251)
   defining Unicode char U+203D (decimal 8253)
   defining Unicode char U+2044 (decimal 8260)
   defining Unicode char U+204E (decimal 8270)
   defining Unicode char U+2052 (decimal 8274)
   defining Unicode char U+20A1 (decimal 8353)
   defining Unicode char U+20A4 (decimal 8356)
   defining Unicode char U+20A6 (decimal 8358)
   defining Unicode char U+20A9 (decimal 8361)
   defining Unicode char U+20AB (decimal 8363)
   defining Unicode char U+20AC (decimal 8364)
   defining Unicode char U+20B1 (decimal 8369)
   defining Unicode char U+2103 (decimal 8451)
   defining Unicode char U+2116 (decimal 8470)
   defining Unicode char U+2117 (decimal 8471)
   defining Unicode char U+211E (decimal 8478)
   defining Unicode char U+2120 (decimal 8480)
   defining Unicode char U+2122 (decimal 8482)
   defining Unicode char U+2126 (decimal 8486)
   defining Unicode char U+2127 (decimal 8487)
   defining Unicode char U+212E (decimal 8494)
   defining Unicode char U+2190 (decimal 8592)
   defining Unicode char U+2191 (decimal 8593)
   defining Unicode char U+2192 (decimal 8594)
   defining Unicode char U+2193 (decimal 8595)
   defining Unicode char U+2329 (decimal 9001)
   defining Unicode char U+232A (decimal 9002)
   defining Unicode char U+2422 (decimal 9250)
   defining Unicode char U+25E6 (decimal 9702)
   defining Unicode char U+25EF (decimal 9711)
   defining Unicode char U+266A (decimal 9834)
)
   defining Unicode char U+00A9 (decimal 169)
   defining Unicode char U+00AA (decimal 170)
   defining Unicode char U+00AE (decimal 174)
   defining Unicode char U+00BA (decimal 186)
   defining Unicode char U+02C6 (decimal 710)
   defining Unicode char U+02DC (decimal 732)
   defining Unicode char U+200C (decimal 8204)
   defining Unicode char U+2026 (decimal 8230)
   defining Unicode char U+2122 (decimal 8482)
   defining Unicode char U+2423 (decimal 9251)
))
(e:/texlive/2017/texmf-dist/tex/latex/cjk/texinput/CJK.sty
Package: CJK 2015/04/18 4.8.4

(e:/texlive/2017/texmf-dist/tex/latex/cjk/texinput/mule/MULEenc.sty
Package: MULEenc 2015/04/18 4.8.4
)
(e:/texlive/2017/texmf-dist/tex/latex/cjk/texinput/CJK.enc
File: CJK.enc 2015/04/18 4.8.4
Now handling font encoding C00 ...
... no UTF-8 mapping file for font encoding C00
Now handling font encoding C05 ...
... no UTF-8 mapping file for font encoding C05
Now handling font encoding C09 ...
... no UTF-8 mapping file for font encoding C09
Now handling font encoding C10 ...
... no UTF-8 mapping file for font encoding C10
Now handling font encoding C20 ...
... no UTF-8 mapping file for font encoding C20
Now handling font encoding C19 ...
... no UTF-8 mapping file for font encoding C19
Now handling font encoding C40 ...
... no UTF-8 mapping file for font encoding C40
Now handling font encoding C42 ...
... no UTF-8 mapping file for font encoding C42
Now handling font encoding C43 ...
... no UTF-8 mapping file for font encoding C43
Now handling font encoding C50 ...
... no UTF-8 mapping file for font encoding C50
Now handling font encoding C52 ...
... no UTF-8 mapping file for font encoding C52
Now handling font encoding C49 ...
... no UTF-8 mapping file for font encoding C49
Now handling font encoding C60 ...
... no UTF-8 mapping file for font encoding C60
Now handling font encoding C61 ...
... no UTF-8 mapping file for font encoding C61
Now handling font encoding C63 ...
... no UTF-8 mapping file for font encoding C63
Now handling font encoding C64 ...
... no UTF-8 mapping file for font encoding C64
Now handling font encoding C65 ...
... no UTF-8 mapping file for font encoding C65
Now handling font encoding C70 ...
... no UTF-8 mapping file for font encoding C70
Now handling font encoding C31 ...
... no UTF-8 mapping file for font encoding C31
Now handling font encoding C32 ...
... no UTF-8 mapping file for font encoding C32
Now handling font encoding C33 ...
... no UTF-8 mapping file for font encoding C33
Now handling font encoding C34 ...
... no UTF-8 mapping file for font encoding C34
Now handling font encoding C35 ...
... no UTF-8 mapping file for font encoding C35
Now handling font encoding C36 ...
... no UTF-8 mapping file for font encoding C36
Now handling font encoding C37 ...
... no UTF-8 mapping file for font encoding C37
Now handling font encoding C80 ...
... no UTF-8 mapping file for font encoding C80
Now handling font encoding C81 ...
... no UTF-8 mapping file for font encoding C81
Now handling font encoding C01 ...
... no UTF-8 mapping file for font encoding C01
Now handling font encoding C11 ...
... no UTF-8 mapping file for font encoding C11
Now handling font encoding C21 ...
... no UTF-8 mapping file for font encoding C21
Now handling font encoding C41 ...
... no UTF-8 mapping file for font encoding C41
Now handling font encoding C62 ...
... no UTF-8 mapping file for font encoding C62
)
LaTeX Info: Redefining \selectfont on input line 755.
\CJK@indent=\box43
)
(e:/texlive/2017/texmf-dist/tex/latex/base/fontenc.sty
Package: fontenc 2017/04/05 v2.0i Standard LaTeX package
))
(e:/texlive/2017/texmf-dist/tex/latex/cjkpunct/CJKpunct.sty
Package: CJKpunct 2016/05/14 4.8.4
\CJKpunct@cnta=\count129
\CJKpunct@cntb=\count130
\CJKpunct@cntc=\count131
\CJKpunct@cntd=\count132
\CJKpunct@cnte=\count133
   defining Unicode char U+2018 (decimal 8216)
   defining Unicode char U+2019 (decimal 8217)
   defining Unicode char U+201C (decimal 8220)
   defining Unicode char U+201D (decimal 8221)
   defining Unicode char U+2014 (decimal 8212)
   defining Unicode char U+2026 (decimal 8230)

(e:/texlive/2017/texmf-dist/tex/latex/cjkpunct/CJKpunct.spa))
(e:/texlive/2017/texmf-dist/tex/latex/cjk/texinput/CJKspace.sty
Package: CJKspace 2015/04/18 3.8.0
)
(e:/texlive/2017/texmf-dist/tex/latex/ctex/ctexspa.def
File: ctexspa.def 2017/04/01 v2.4.9 Space info for CJKpunct (CTEX)
)
(e:/texlive/2017/texmf-dist/tex/latex/cjk/texinput/CJKfntef.sty
Package: CJKfntef 2015/04/18 4.8.4

(e:/texlive/2017/texmf-dist/tex/latex/cjk/texinput/CJKulem.sty
Package: CJKulem 2015/04/18 4.8.4

(e:/texlive/2017/texmf-dist/tex/generic/ulem/ulem.sty
\UL@box=\box44
\UL@hyphenbox=\box45
\UL@skip=\skip49
\UL@hook=\toks16
\UL@height=\dimen135
\UL@pe=\count134
\UL@pixel=\dimen136
\ULC@box=\box46
Package: ulem 2012/05/18
\ULdepth=\dimen137
)
\UL@lastkern=\dimen138
\CJK@skip=\skip50
)
\CJK@fntefSkip=\skip51
\CJK@nest=\count135
\CJK@fntefDimen=\dimen139
\CJK@underdotBox=\box47
\CJK@ULbox=\box48
\CJK@underanyskip=\dimen140
)
\ccwd=\dimen141
\l__ctex_ccglue_skip=\skip52
)
.................................................
. LaTeX info: "xparse/define-command"
. 
. Defining command \ctexset with sig. '' on line 376.
.................................................
.................................................
. LaTeX info: "xparse/define-command"
. 
. Defining command \CTEXsetup with sig. '+o>{\TrimSpaces }m' on line 382.
.................................................
.................................................
. LaTeX info: "xparse/define-command"
. 
. Defining command \CTEXoptions with sig. '+o' on line 388.
.................................................
.................................................
. LaTeX info: "xparse/define-command"
. 
. Defining command \CTEXsetfont with sig. '' on line 406.
.................................................
.................................................
. LaTeX info: "xparse/define-command"
. 
. Defining command \ziju with sig. 'm' on line 478.
.................................................
\l__ctex_ziju_dim=\dimen142
.................................................
. LaTeX info: "xparse/define-command"
. 
. Defining command \CTEXindent with sig. '' on line 519.
.................................................
.................................................
. LaTeX info: "xparse/define-command"
. 
. Defining command \CTEXnoindent with sig. '' on line 525.
.................................................

(e:/texlive/2017/texmf-dist/tex/latex/zhnumber/zhnumber.sty
Package: zhnumber 2016/05/14 v2.4 Typesetting numbers with Chinese glyphs
.................................................
. LaTeX info: "xparse/define-command"
. 
. Defining command \zhnumber with sig. '+o+m' on line 50.
.................................................
.................................................
. LaTeX info: "xparse/define-command"
. 
. Defining command \zhnumberwithoptions with sig. '+m+m' on line 57.
.................................................
.................................................
. LaTeX info: "xparse/define-command"
. 
. Defining command \zhnum with sig. '+o+m' on line 111.
.................................................
.................................................
. LaTeX info: "xparse/define-command"
. 
. Defining command \zhnumwithoptions with sig. '+m+m' on line 118.
.................................................
.................................................
. LaTeX info: "xparse/define-command"
. 
. Defining command \zhdig with sig. '+o+m' on line 297.
.................................................
.................................................
. LaTeX info: "xparse/define-command"
. 
. Defining command \zhdigwithoptions with sig. '+m+m' on line 304.
.................................................
.................................................
. LaTeX info: "xparse/define-command"
. 
. Defining command \zhdigits with sig. '+s+o+m' on line 318.
.................................................
.................................................
. LaTeX info: "xparse/define-command"
. 
. Defining command \zhdigitswithoptions with sig. '+m+m+m' on line 325.
.................................................
.................................................
. LaTeX info: "xparse/define-command"
. 
. Defining command \zhdate with sig. '+s+m' on line 384.
.................................................
\l__zhnum_scale_int=\count136
.................................................
. LaTeX info: "xparse/define-command"
. 
. Defining command \zhnumExtendScaleMap with sig. '>{\TrimSpaces }+o+m' on
. line 506.
.................................................
\l__zhnum_byte_min_int=\count137
\l__zhnum_byte_max_int=\count138
.................................................
. LaTeX info: "xparse/define-command"
. 
. Defining command \zhnumsetup with sig. '+m' on line 938.
.................................................

(e:/texlive/2017/texmf-dist/tex/latex/zhnumber/zhnumber-utf8.cfg
File: zhnumber-utf8.cfg 2016/05/14 v2.4 Chinese numerals with UTF8 encoding
))
.................................................
. LaTeX info: "xparse/define-command"
. 
. Defining command \CTEXnumber with sig. 'mm' on line 542.
.................................................
.................................................
. LaTeX info: "xparse/define-command"
. 
. Defining command \CTEXdigits with sig. 'mm' on line 544.
.................................................

(e:/texlive/2017/texmf-dist/tex/latex/ctex/scheme/ctex-scheme-chinese.def
File: ctex-scheme-chinese.def 2017/04/01 v2.4.9 Chinese scheme for generic (CTE
X)

(e:/texlive/2017/texmf-dist/tex/latex/ctex/config/ctex-name-utf8.cfg
File: ctex-name-utf8.cfg 2017/04/01 v2.4.9 Caption with encoding UTF8 (CTEX)
))
(e:/texlive/2017/texmf-dist/tex/latex/tools/indentfirst.sty
Package: indentfirst 1995/11/23 v1.03 Indent first paragraph (DPC)
)
.................................................
. LaTeX info: "xparse/define-command"
. 
. Defining command \zihao with sig. 'm' on line 641.
.................................................

(e:/texlive/2017/texmf-dist/tex/latex/ctex/ctex-c5size.clo
File: ctex-c5size.clo 2017/04/01 v2.4.9 c5size option (CTEX)
)
.................................................
. LaTeX info: "xparse/define-command"
. 
. Defining command \CTeX with sig. '' on line 745.
.................................................

(e:/texlive/2017/texmf-dist/tex/latex/ctex/fontset/ctex-fontset-windows.def
File: ctex-fontset-windows.def 2017/04/01 v2.4.9 Windows fonts definition (CTEX
)

(e:/texlive/2017/texmf-dist/tex/latex/ctex/fontset/ctex-fontset-windowsnew.def
File: ctex-fontset-windowsnew.def 2017/04/01 v2.4.9 Windows fonts definition fo
r Vista or later version (CTEX)

(e:/texlive/2017/texmf-dist/tex/generic/ctex/zhwindowsfonts.tex
File: zhwindowsfonts.tex 2017/04/01 v2.4.9 Windows font map loader for pdfTeX a
nd DVIPDFMx (CTEX)
{e:/texlive/2017/texmf-var/fonts/map/pdftex/updmap/pdftex.map}{UGBK.sfd}{Unicod
e.sfd})
.................................................
. LaTeX info: "xparse/define-command"
. 
. Defining command \songti with sig. '' on line 110.
.................................................
.................................................
. LaTeX info: "xparse/define-command"
. 
. Defining command \heiti with sig. '' on line 111.
.................................................
.................................................
. LaTeX info: "xparse/define-command"
. 
. Defining command \fangsong with sig. '' on line 112.
.................................................
.................................................
. LaTeX info: "xparse/define-command"
. 
. Defining command \kaishu with sig. '' on line 113.
.................................................
.................................................
. LaTeX info: "xparse/define-command"
. 
. Defining command \lishu with sig. '' on line 114.
.................................................
.................................................
. LaTeX info: "xparse/define-command"
. 
. Defining command \youyuan with sig. '' on line 115.
.................................................
.................................................
. LaTeX info: "xparse/define-command"
. 
. Defining command \yahei with sig. '' on line 116.
.................................................
)))
(e:/texlive/2017/texmf-dist/tex/latex/ctex/config/ctex.cfg
File: ctex.cfg 2017/04/01 v2.4.9 Configuration file (CTEX)
)
(e:/texlive/2017/texmf-dist/tex/latex/geometry/geometry.sty
Package: geometry 2010/09/12 v5.6 Page Geometry

(e:/texlive/2017/texmf-dist/tex/latex/graphics/keyval.sty
Package: keyval 2014/10/28 v1.15 key=value parser (DPC)
\KV@toks@=\toks17
)
(e:/texlive/2017/texmf-dist/tex/generic/oberdiek/ifvtex.sty
Package: ifvtex 2016/05/16 v1.6 Detect VTeX and its facilities (HO)
Package ifvtex Info: VTeX not detected.
)
(e:/texlive/2017/texmf-dist/tex/generic/ifxetex/ifxetex.sty
Package: ifxetex 2010/09/12 v0.6 Provides ifxetex conditional
)
\Gm@cnth=\count139
\Gm@cntv=\count140
\c@Gm@tempcnt=\count141
\Gm@bindingoffset=\dimen143
\Gm@wd@mp=\dimen144
\Gm@odd@mp=\dimen145
\Gm@even@mp=\dimen146
\Gm@layoutwidth=\dimen147
\Gm@layoutheight=\dimen148
\Gm@layouthoffset=\dimen149
\Gm@layoutvoffset=\dimen150
\Gm@dimlist=\toks18
)
(e:/texlive/2017/texmf-dist/tex/latex/booktabs/booktabs.sty
Package: booktabs 2016/04/27 v1.618033 publication quality tables
\heavyrulewidth=\dimen151
\lightrulewidth=\dimen152
\cmidrulewidth=\dimen153
\belowrulesep=\dimen154
\belowbottomsep=\dimen155
\aboverulesep=\dimen156
\abovetopsep=\dimen157
\cmidrulesep=\dimen158
\cmidrulekern=\dimen159
\defaultaddspace=\dimen160
\@cmidla=\count142
\@cmidlb=\count143
\@aboverulesep=\dimen161
\@belowrulesep=\dimen162
\@thisruleclass=\count144
\@lastruleclass=\count145
\@thisrulewidth=\dimen163
)
(e:/texlive/2017/texmf-dist/tex/latex/multirow/bigstrut.sty
Package: bigstrut 2016/11/25 v2.2 Provide larger struts in tabulars
\bigstrutjot=\dimen164
)
(e:/texlive/2017/texmf-dist/tex/latex/caption/caption.sty
Package: caption 2016/02/21 v3.3-144 Customizing captions (AR)

(e:/texlive/2017/texmf-dist/tex/latex/caption/caption3.sty
Package: caption3 2016/05/22 v1.7-166 caption3 kernel (AR)
Package caption3 Info: TeX engine: e-TeX on input line 67.
\captionmargin=\dimen165
\captionmargin@=\dimen166
\captionwidth=\dimen167
\caption@tempdima=\dimen168
\caption@indent=\dimen169
\caption@parindent=\dimen170
\caption@hangindent=\dimen171
)
\c@ContinuedFloat=\count146
)
(e:/texlive/2017/texmf-dist/tex/latex/amsmath/amsmath.sty
Package: amsmath 2016/11/05 v2.16a AMS math features
\@mathmargin=\skip53

For additional information on amsmath, use the `?' option.
(e:/texlive/2017/texmf-dist/tex/latex/amsmath/amstext.sty
Package: amstext 2000/06/29 v2.01 AMS text

(e:/texlive/2017/texmf-dist/tex/latex/amsmath/amsgen.sty
File: amsgen.sty 1999/11/30 v2.0 generic functions
\@emptytoks=\toks19
\ex@=\dimen172
))
(e:/texlive/2017/texmf-dist/tex/latex/amsmath/amsbsy.sty
Package: amsbsy 1999/11/29 v1.2d Bold Symbols
\pmbraise@=\dimen173
)
(e:/texlive/2017/texmf-dist/tex/latex/amsmath/amsopn.sty
Package: amsopn 2016/03/08 v2.02 operator names
)
\inf@bad=\count147
LaTeX Info: Redefining \frac on input line 213.
\uproot@=\count148
\leftroot@=\count149
LaTeX Info: Redefining \overline on input line 375.
\classnum@=\count150
\DOTSCASE@=\count151
LaTeX Info: Redefining \ldots on input line 472.
LaTeX Info: Redefining \dots on input line 475.
LaTeX Info: Redefining \cdots on input line 596.
\Mathstrutbox@=\box49
\strutbox@=\box50
\big@size=\dimen174
LaTeX Font Info:    Redeclaring font encoding OML on input line 712.
LaTeX Font Info:    Redeclaring font encoding OMS on input line 713.
\macc@depth=\count152
\c@MaxMatrixCols=\count153
\dotsspace@=\muskip16
\c@parentequation=\count154
\dspbrk@lvl=\count155
\tag@help=\toks20
\row@=\count156
\column@=\count157
\maxfields@=\count158
\andhelp@=\toks21
\eqnshift@=\dimen175
\alignsep@=\dimen176
\tagshift@=\dimen177
\tagwidth@=\dimen178
\totwidth@=\dimen179
\lineht@=\dimen180
\@envbody=\toks22
\multlinegap=\skip54
\multlinetaggap=\skip55
\mathdisplay@stack=\toks23
LaTeX Info: Redefining \[ on input line 2817.
LaTeX Info: Redefining \] on input line 2818.
)
(e:/texlive/2017/texmf-dist/tex/latex/graphics/graphicx.sty
Package: graphicx 2014/10/28 v1.0g Enhanced LaTeX Graphics (DPC,SPQR)

(e:/texlive/2017/texmf-dist/tex/latex/graphics/graphics.sty
Package: graphics 2017/04/14 v1.1b Standard LaTeX Graphics (DPC,SPQR)

(e:/texlive/2017/texmf-dist/tex/latex/graphics/trig.sty
Package: trig 2016/01/03 v1.10 sin cos tan (DPC)
)
(e:/texlive/2017/texmf-dist/tex/latex/graphics-cfg/graphics.cfg
File: graphics.cfg 2016/06/04 v1.11 sample graphics configuration
)
Package graphics Info: Driver file: pdftex.def on input line 99.

(e:/texlive/2017/texmf-dist/tex/latex/graphics-def/pdftex.def
File: pdftex.def 2017/01/12 v0.06k Graphics/color for pdfTeX

(e:/texlive/2017/texmf-dist/tex/generic/oberdiek/infwarerr.sty
Package: infwarerr 2016/05/16 v1.4 Providing info/warning/error messages (HO)
)
(e:/texlive/2017/texmf-dist/tex/generic/oberdiek/ltxcmds.sty
Package: ltxcmds 2016/05/16 v1.23 LaTeX kernel commands for general use (HO)
)
\Gread@gobject=\count159
))
\Gin@req@height=\dimen181
\Gin@req@width=\dimen182
)
(e:/texlive/2017/texmf-dist/tex/latex/subfig/subfig.sty
Package: subfig 2005/06/28 ver: 1.3 subfig package
\c@KVtest=\count160
\sf@farskip=\skip56
\sf@captopadj=\dimen183
\sf@capskip=\skip57
\sf@nearskip=\skip58
\c@subfigure=\count161
\c@subfigure@save=\count162
\c@lofdepth=\count163
\c@subtable=\count164
\c@subtable@save=\count165
\c@lotdepth=\count166
\sf@top=\skip59
\sf@bottom=\skip60
)
(e:/texlive/2017/texmf-dist/tex/latex/float/float.sty
Package: float 2001/11/08 v1.3d Float enhancements (AL)
\c@float@type=\count167
\float@exts=\toks24
\float@box=\box51
\@float@everytoks=\toks25
\@floatcapt=\box52
)
(e:/texlive/2017/texmf-dist/tex/latex/graphics/color.sty
Package: color 2016/07/10 v1.1e Standard LaTeX Color (DPC)

(e:/texlive/2017/texmf-dist/tex/latex/graphics-cfg/color.cfg
File: color.cfg 2016/01/02 v1.6 sample color configuration
)
Package color Info: Driver file: pdftex.def on input line 147.
)
(e:/texlive/2017/texmf-dist/tex/latex/colortbl/colortbl.sty
Package: colortbl 2012/02/13 v1.0a Color table columns (DPC)

(e:/texlive/2017/texmf-dist/tex/latex/tools/array.sty
Package: array 2016/10/06 v2.4d Tabular extension package (FMi)
\col@sep=\dimen184
\extrarowheight=\dimen185
\NC@list=\toks26
\extratabsurround=\skip61
\backup@length=\skip62
)
\everycr=\toks27
\minrowclearance=\skip63
)
(e:/texlive/2017/texmf-dist/tex/latex/listings/listings.sty
\lst@mode=\count168
\lst@gtempboxa=\box53
\lst@token=\toks28
\lst@length=\count169
\lst@currlwidth=\dimen186
\lst@column=\count170
\lst@pos=\count171
\lst@lostspace=\dimen187
\lst@width=\dimen188
\lst@newlines=\count172
\lst@lineno=\count173
\lst@maxwidth=\dimen189

(e:/texlive/2017/texmf-dist/tex/latex/listings/lstmisc.sty
File: lstmisc.sty 2015/06/04 1.6 (Carsten Heinz)
\c@lstnumber=\count174
\lst@skipnumbers=\count175
\lst@framebox=\box54
)
(e:/texlive/2017/texmf-dist/tex/latex/listings/listings.cfg
File: listings.cfg 2015/06/04 1.6 listings configuration
))
Package: listings 2015/06/04 1.6 (Carsten Heinz)

(e:/texlive/2017/texmf-dist/tex/latex/base/textcomp.sty
Package: textcomp 2017/04/05 v2.0i Standard LaTeX package
Package textcomp Info: Sub-encoding information:
(textcomp)               5 = only ISO-Adobe without \textcurrency
(textcomp)               4 = 5 + \texteuro
(textcomp)               3 = 4 + \textohm
(textcomp)               2 = 3 + \textestimated + \textcurrency
(textcomp)               1 = TS1 - \textcircled - \t
(textcomp)               0 = TS1 (full)
(textcomp)             Font families with sub-encoding setting implement
(textcomp)             only a restricted character set as indicated.
(textcomp)             Family '?' is the default used for unknown fonts.
(textcomp)             See the documentation for details.
Package textcomp Info: Setting ? sub-encoding to TS1/1 on input line 79.

(e:/texlive/2017/texmf-dist/tex/latex/base/ts1enc.def
File: ts1enc.def 2001/06/05 v3.0e (jk/car/fm) Standard LaTeX file
LaTeX Font Info:    Redeclaring font encoding TS1 on input line 47.
)
LaTeX Info: Redefining \oldstylenums on input line 334.
Package textcomp Info: Setting cmr sub-encoding to TS1/0 on input line 349.
Package textcomp Info: Setting cmss sub-encoding to TS1/0 on input line 350.
Package textcomp Info: Setting cmtt sub-encoding to TS1/0 on input line 351.
Package textcomp Info: Setting cmvtt sub-encoding to TS1/0 on input line 352.
Package textcomp Info: Setting cmbr sub-encoding to TS1/0 on input line 353.
Package textcomp Info: Setting cmtl sub-encoding to TS1/0 on input line 354.
Package textcomp Info: Setting ccr sub-encoding to TS1/0 on input line 355.
Package textcomp Info: Setting ptm sub-encoding to TS1/4 on input line 356.
Package textcomp Info: Setting pcr sub-encoding to TS1/4 on input line 357.
Package textcomp Info: Setting phv sub-encoding to TS1/4 on input line 358.
Package textcomp Info: Setting ppl sub-encoding to TS1/3 on input line 359.
Package textcomp Info: Setting pag sub-encoding to TS1/4 on input line 360.
Package textcomp Info: Setting pbk sub-encoding to TS1/4 on input line 361.
Package textcomp Info: Setting pnc sub-encoding to TS1/4 on input line 362.
Package textcomp Info: Setting pzc sub-encoding to TS1/4 on input line 363.
Package textcomp Info: Setting bch sub-encoding to TS1/4 on input line 364.
Package textcomp Info: Setting put sub-encoding to TS1/5 on input line 365.
Package textcomp Info: Setting uag sub-encoding to TS1/5 on input line 366.
Package textcomp Info: Setting ugq sub-encoding to TS1/5 on input line 367.
Package textcomp Info: Setting ul8 sub-encoding to TS1/4 on input line 368.
Package textcomp Info: Setting ul9 sub-encoding to TS1/4 on input line 369.
Package textcomp Info: Setting augie sub-encoding to TS1/5 on input line 370.
Package textcomp Info: Setting dayrom sub-encoding to TS1/3 on input line 371.
Package textcomp Info: Setting dayroms sub-encoding to TS1/3 on input line 372.

Package textcomp Info: Setting pxr sub-encoding to TS1/0 on input line 373.
Package textcomp Info: Setting pxss sub-encoding to TS1/0 on input line 374.
Package textcomp Info: Setting pxtt sub-encoding to TS1/0 on input line 375.
Package textcomp Info: Setting txr sub-encoding to TS1/0 on input line 376.
Package textcomp Info: Setting txss sub-encoding to TS1/0 on input line 377.
Package textcomp Info: Setting txtt sub-encoding to TS1/0 on input line 378.
Package textcomp Info: Setting lmr sub-encoding to TS1/0 on input line 379.
Package textcomp Info: Setting lmdh sub-encoding to TS1/0 on input line 380.
Package textcomp Info: Setting lmss sub-encoding to TS1/0 on input line 381.
Package textcomp Info: Setting lmssq sub-encoding to TS1/0 on input line 382.
Package textcomp Info: Setting lmvtt sub-encoding to TS1/0 on input line 383.
Package textcomp Info: Setting lmtt sub-encoding to TS1/0 on input line 384.
Package textcomp Info: Setting qhv sub-encoding to TS1/0 on input line 385.
Package textcomp Info: Setting qag sub-encoding to TS1/0 on input line 386.
Package textcomp Info: Setting qbk sub-encoding to TS1/0 on input line 387.
Package textcomp Info: Setting qcr sub-encoding to TS1/0 on input line 388.
Package textcomp Info: Setting qcs sub-encoding to TS1/0 on input line 389.
Package textcomp Info: Setting qpl sub-encoding to TS1/0 on input line 390.
Package textcomp Info: Setting qtm sub-encoding to TS1/0 on input line 391.
Package textcomp Info: Setting qzc sub-encoding to TS1/0 on input line 392.
Package textcomp Info: Setting qhvc sub-encoding to TS1/0 on input line 393.
Package textcomp Info: Setting futs sub-encoding to TS1/4 on input line 394.
Package textcomp Info: Setting futx sub-encoding to TS1/4 on input line 395.
Package textcomp Info: Setting futj sub-encoding to TS1/4 on input line 396.
Package textcomp Info: Setting hlh sub-encoding to TS1/3 on input line 397.
Package textcomp Info: Setting hls sub-encoding to TS1/3 on input line 398.
Package textcomp Info: Setting hlst sub-encoding to TS1/3 on input line 399.
Package textcomp Info: Setting hlct sub-encoding to TS1/5 on input line 400.
Package textcomp Info: Setting hlx sub-encoding to TS1/5 on input line 401.
Package textcomp Info: Setting hlce sub-encoding to TS1/5 on input line 402.
Package textcomp Info: Setting hlcn sub-encoding to TS1/5 on input line 403.
Package textcomp Info: Setting hlcw sub-encoding to TS1/5 on input line 404.
Package textcomp Info: Setting hlcf sub-encoding to TS1/5 on input line 405.
Package textcomp Info: Setting pplx sub-encoding to TS1/3 on input line 406.
Package textcomp Info: Setting pplj sub-encoding to TS1/3 on input line 407.
Package textcomp Info: Setting ptmx sub-encoding to TS1/4 on input line 408.
Package textcomp Info: Setting ptmj sub-encoding to TS1/4 on input line 409.
) (./mcode.sty
-- Package: `mcode' 2.7 <2015/11/11> --
Package: mcode 2015/11/11 2.7
 - settings optimized for display (colour formating)
 - line numbering enabled
 - literate programming (character replacements) enabled
 - automatic line breaking enabled (careful, buggy!)
 - framed listings
\lbreakdots=\box55
LaTeX Font Info:    Try loading font information for OT1+pcr on input line 230.

(e:/texlive/2017/texmf-dist/tex/latex/psnfss/ot1pcr.fd
File: ot1pcr.fd 2001/06/04 font definitions for OT1/pcr.
))
(e:/texlive/2017/texmf-dist/tex/latex/xcolor/xcolor.sty
Package: xcolor 2016/05/11 v2.12 LaTeX color extensions (UK)

(e:/texlive/2017/texmf-dist/tex/latex/graphics-cfg/color.cfg
File: color.cfg 2016/01/02 v1.6 sample color configuration
)
Package xcolor Info: Driver file: pdftex.def on input line 225.
LaTeX Info: Redefining \color on input line 709.
Package xcolor Info: Model `cmy' substituted by `cmy0' on input line 1348.
Package xcolor Info: Model `hsb' substituted by `rgb' on input line 1352.
Package xcolor Info: Model `RGB' extended on input line 1364.
Package xcolor Info: Model `HTML' substituted by `rgb' on input line 1366.
Package xcolor Info: Model `Hsb' substituted by `hsb' on input line 1367.
Package xcolor Info: Model `tHsb' substituted by `hsb' on input line 1368.
Package xcolor Info: Model `HSB' substituted by `hsb' on input line 1369.
Package xcolor Info: Model `Gray' substituted by `gray' on input line 1370.
Package xcolor Info: Model `wave' substituted by `hsb' on input line 1371.
)
(e:/texlive/2017/texmf-dist/tex/latex/listings/lstlang1.sty
File: lstlang1.sty 2015/06/04 1.6 listings language file
)
(e:/texlive/2017/texmf-dist/tex/latex/hyperref/hyperref.sty
Package: hyperref 2017/03/14 v6.85a Hypertext links for LaTeX

(e:/texlive/2017/texmf-dist/tex/generic/oberdiek/hobsub-hyperref.sty
Package: hobsub-hyperref 2016/05/16 v1.14 Bundle oberdiek, subset hyperref (HO)


(e:/texlive/2017/texmf-dist/tex/generic/oberdiek/hobsub-generic.sty
Package: hobsub-generic 2016/05/16 v1.14 Bundle oberdiek, subset generic (HO)
Package: hobsub 2016/05/16 v1.14 Construct package bundles (HO)
Package hobsub Info: Skipping package `infwarerr' (already loaded).
Package hobsub Info: Skipping package `ltxcmds' (already loaded).
Package: ifluatex 2016/05/16 v1.4 Provides the ifluatex switch (HO)
Package ifluatex Info: LuaTeX not detected.
Package hobsub Info: Skipping package `ifvtex' (already loaded).
Package: intcalc 2016/05/16 v1.2 Expandable calculations with integers (HO)
Package hobsub Info: Skipping package `ifpdf' (already loaded).
Package: etexcmds 2016/05/16 v1.6 Avoid name clashes with e-TeX commands (HO)
Package etexcmds Info: Could not find \expanded.
(etexcmds)             That can mean that you are not using pdfTeX 1.50 or
(etexcmds)             that some package has redefined \expanded.
(etexcmds)             In the latter case, load this package earlier.
Package: kvsetkeys 2016/05/16 v1.17 Key value parser (HO)
Package: kvdefinekeys 2016/05/16 v1.4 Define keys (HO)
Package: pdftexcmds 2017/03/19 v0.25 Utility functions of pdfTeX for LuaTeX (HO
)
Package pdftexcmds Info: LuaTeX not detected.
Package pdftexcmds Info: \pdf@primitive is available.
Package pdftexcmds Info: \pdf@ifprimitive is available.
Package pdftexcmds Info: \pdfdraftmode found.
Package: pdfescape 2016/05/16 v1.14 Implements pdfTeX's escape features (HO)
Package: bigintcalc 2016/05/16 v1.4 Expandable calculations on big integers (HO
)
Package: bitset 2016/05/16 v1.2 Handle bit-vector datatype (HO)
Package: uniquecounter 2016/05/16 v1.3 Provide unlimited unique counter (HO)
)
Package hobsub Info: Skipping package `hobsub' (already loaded).
Package: letltxmacro 2016/05/16 v1.5 Let assignment for LaTeX macros (HO)
Package: hopatch 2016/05/16 v1.3 Wrapper for package hooks (HO)
Package: xcolor-patch 2016/05/16 xcolor patch
Package: atveryend 2016/05/16 v1.9 Hooks at the very end of document (HO)
Package atveryend Info: \enddocument detected (standard20110627).
Package: atbegshi 2016/06/09 v1.18 At begin shipout hook (HO)
Package: refcount 2016/05/16 v3.5 Data extraction from label references (HO)
Package: hycolor 2016/05/16 v1.8 Color options for hyperref/bookmark (HO)
)
(e:/texlive/2017/texmf-dist/tex/latex/oberdiek/auxhook.sty
Package: auxhook 2016/05/16 v1.4 Hooks for auxiliary files (HO)
)
(e:/texlive/2017/texmf-dist/tex/latex/oberdiek/kvoptions.sty
Package: kvoptions 2016/05/16 v3.12 Key value format for package options (HO)
)
\@linkdim=\dimen190
\Hy@linkcounter=\count176
\Hy@pagecounter=\count177

(e:/texlive/2017/texmf-dist/tex/latex/hyperref/pd1enc.def
File: pd1enc.def 2017/03/14 v6.85a Hyperref: PDFDocEncoding definition (HO)
Now handling font encoding PD1 ...
... no UTF-8 mapping file for font encoding PD1
)
\Hy@SavedSpaceFactor=\count178

(e:/texlive/2017/texmf-dist/tex/latex/latexconfig/hyperref.cfg
File: hyperref.cfg 2002/06/06 v1.2 hyperref configuration of TeXLive
)
Package hyperref Info: Option `unicode' set `true' on input line 4374.

(e:/texlive/2017/texmf-dist/tex/latex/hyperref/puenc.def
File: puenc.def 2017/03/14 v6.85a Hyperref: PDF Unicode definition (HO)
Now handling font encoding PU ...
... no UTF-8 mapping file for font encoding PU
)
Package hyperref Info: Option `colorlinks' set `true' on input line 4374.
Package hyperref Info: Hyper figures OFF on input line 4498.
Package hyperref Info: Link nesting OFF on input line 4503.
Package hyperref Info: Hyper index ON on input line 4506.
Package hyperref Info: Plain pages OFF on input line 4513.
Package hyperref Info: Backreferencing OFF on input line 4518.
Package hyperref Info: Implicit mode ON; LaTeX internals redefined.
Package hyperref Info: Bookmarks ON on input line 4751.
\c@Hy@tempcnt=\count179

(e:/texlive/2017/texmf-dist/tex/latex/url/url.sty
\Urlmuskip=\muskip17
Package: url 2013/09/16  ver 3.4  Verb mode for urls, etc.
)
LaTeX Info: Redefining \url on input line 5104.
\XeTeXLinkMargin=\dimen191
\Fld@menulength=\count180
\Field@Width=\dimen192
\Fld@charsize=\dimen193
Package hyperref Info: Hyper figures OFF on input line 6358.
Package hyperref Info: Link nesting OFF on input line 6363.
Package hyperref Info: Hyper index ON on input line 6366.
Package hyperref Info: backreferencing OFF on input line 6373.
Package hyperref Info: Link coloring ON on input line 6376.
Package hyperref Info: Link coloring with OCG OFF on input line 6383.
Package hyperref Info: PDF/A mode OFF on input line 6388.
LaTeX Info: Redefining \ref on input line 6428.
LaTeX Info: Redefining \pageref on input line 6432.
\Hy@abspage=\count181
\c@Item=\count182
\c@Hfootnote=\count183
)

Package hyperref Message: Driver (autodetected): hpdftex.

(e:/texlive/2017/texmf-dist/tex/latex/hyperref/hpdftex.def
File: hpdftex.def 2017/03/14 v6.85a Hyperref driver for pdfTeX
\Fld@listcount=\count184
\c@bookmark@seq@number=\count185

(e:/texlive/2017/texmf-dist/tex/latex/oberdiek/rerunfilecheck.sty
Package: rerunfilecheck 2016/05/16 v1.8 Rerun checks for auxiliary files (HO)
Package uniquecounter Info: New unique counter `rerunfilecheck' on input line 2
82.
)
\Hy@SectionHShift=\skip64
)
(e:/texlive/2017/texmf-dist/tex/latex/multirow/multirow.sty
Package: multirow 2016/11/25 v2.2 Span multiple rows of a table
\multirow@colwidth=\skip65
\multirow@cntb=\count186
\multirow@dima=\skip66
)
(e:/texlive/2017/texmf-dist/tex/latex/type1cm/type1cm.sty
Package: type1cm 2002/09/05 v0.04 BlueSky/Y&Y Type1 CM font definitions (DPC, p
atched RF)
)
(e:/texlive/2017/texmf-dist/tex/latex/setspace/setspace.sty
Package: setspace 2011/12/19 v6.7a set line spacing
)
(e:/texlive/2017/texmf-dist/tex/latex/base/ifthen.sty
Package: ifthen 2014/09/29 v1.1c Standard LaTeX ifthen package (DPC)
)
(e:/texlive/2017/texmf-dist/tex/latex/titlesec/titlesec.sty
Package: titlesec 2016/03/21 v2.10.2 Sectioning titles
\ttl@box=\box56
\beforetitleunit=\skip67
\aftertitleunit=\skip68
\ttl@plus=\dimen194
\ttl@minus=\dimen195
\ttl@toksa=\toks29
\titlewidth=\dimen196
\titlewidthlast=\dimen197
\titlewidthfirst=\dimen198
)
(e:/texlive/2017/texmf-dist/tex/latex/titlesec/titletoc.sty
Package: titletoc 2011/12/15 v1.6 TOC entries
\ttl@leftsep=\dimen199
)
(e:/texlive/2017/texmf-dist/tex/latex/cjk/texinput/utf8/UTF8.bdg
File: UTF8.bdg 2015/04/18 4.8.4
)
(e:/texlive/2017/texmf-dist/tex/latex/cjk/texinput/utf8/UTF8.enc
File: UTF8.enc 2015/04/18 4.8.4
)
(e:/texlive/2017/texmf-dist/tex/latex/cjk/texinput/utf8/UTF8.chr
File: UTF8.chr 2015/04/18 4.8.4
)
(./五一赛论文.aux)
\openout1 = `五一赛论文.aux'.

LaTeX Font Info:    Checking defaults for OML/cmm/m/it on input line 51.
LaTeX Font Info:    ... okay on input line 51.
LaTeX Font Info:    Checking defaults for T1/cmr/m/n on input line 51.
LaTeX Font Info:    ... okay on input line 51.
LaTeX Font Info:    Checking defaults for OT1/cmr/m/n on input line 51.
LaTeX Font Info:    ... okay on input line 51.
LaTeX Font Info:    Checking defaults for OMS/cmsy/m/n on input line 51.
LaTeX Font Info:    ... okay on input line 51.
LaTeX Font Info:    Checking defaults for OMX/cmex/m/n on input line 51.
LaTeX Font Info:    ... okay on input line 51.
LaTeX Font Info:    Checking defaults for U/cmr/m/n on input line 51.
LaTeX Font Info:    ... okay on input line 51.
LaTeX Font Info:    Checking defaults for TS1/cmr/m/n on input line 51.
LaTeX Font Info:    ... okay on input line 51.
LaTeX Font Info:    Checking defaults for C00/song/m/n on input line 51.
LaTeX Font Info:    ... okay on input line 51.
LaTeX Font Info:    Checking defaults for C05/song/m/n on input line 51.
LaTeX Font Info:    ... okay on input line 51.
LaTeX Font Info:    Checking defaults for C09/song/m/n on input line 51.
LaTeX Font Info:    ... okay on input line 51.
LaTeX Font Info:    Checking defaults for C10/song/m/n on input line 51.
LaTeX Font Info:    ... okay on input line 51.
LaTeX Font Info:    Checking defaults for C20/song/m/n on input line 51.
LaTeX Font Info:    ... okay on input line 51.
LaTeX Font Info:    Checking defaults for C19/song/m/n on input line 51.
LaTeX Font Info:    ... okay on input line 51.
LaTeX Font Info:    Checking defaults for C40/song/m/n on input line 51.
LaTeX Font Info:    ... okay on input line 51.
LaTeX Font Info:    Checking defaults for C42/song/m/n on input line 51.
LaTeX Font Info:    ... okay on input line 51.
LaTeX Font Info:    Checking defaults for C43/song/m/n on input line 51.
LaTeX Font Info:    ... okay on input line 51.
LaTeX Font Info:    Checking defaults for C50/song/m/n on input line 51.
LaTeX Font Info:    ... okay on input line 51.
LaTeX Font Info:    Checking defaults for C52/song/m/n on input line 51.
LaTeX Font Info:    ... okay on input line 51.
LaTeX Font Info:    Checking defaults for C49/song/m/n on input line 51.
LaTeX Font Info:    ... okay on input line 51.
LaTeX Font Info:    Checking defaults for C60/mj/m/n on input line 51.
LaTeX Font Info:    ... okay on input line 51.
LaTeX Font Info:    Checking defaults for C61/mj/m/n on input line 51.
LaTeX Font Info:    ... okay on input line 51.
LaTeX Font Info:    Checking defaults for C63/mj/m/n on input line 51.
LaTeX Font Info:    ... okay on input line 51.
LaTeX Font Info:    Checking defaults for C64/mj/m/n on input line 51.
LaTeX Font Info:    ... okay on input line 51.
LaTeX Font Info:    Checking defaults for C65/mj/m/n on input line 51.
LaTeX Font Info:    ... okay on input line 51.
LaTeX Font Info:    Checking defaults for C70/song/m/n on input line 51.
LaTeX Font Info:    ... okay on input line 51.
LaTeX Font Info:    Checking defaults for C31/song/m/n on input line 51.
LaTeX Font Info:    ... okay on input line 51.
LaTeX Font Info:    Checking defaults for C32/song/m/n on input line 51.
LaTeX Font Info:    ... okay on input line 51.
LaTeX Font Info:    Checking defaults for C33/song/m/n on input line 51.
LaTeX Font Info:    ... okay on input line 51.
LaTeX Font Info:    Checking defaults for C34/song/m/n on input line 51.
LaTeX Font Info:    ... okay on input line 51.
LaTeX Font Info:    Checking defaults for C35/song/m/n on input line 51.
LaTeX Font Info:    ... okay on input line 51.
LaTeX Font Info:    Checking defaults for C36/song/m/n on input line 51.
LaTeX Font Info:    ... okay on input line 51.
LaTeX Font Info:    Checking defaults for C37/song/m/n on input line 51.
LaTeX Font Info:    ... okay on input line 51.
LaTeX Font Info:    Checking defaults for C80/song/m/n on input line 51.
LaTeX Font Info:    ... okay on input line 51.
LaTeX Font Info:    Checking defaults for C81/song/m/n on input line 51.
LaTeX Font Info:    ... okay on input line 51.
LaTeX Font Info:    Checking defaults for C01/song/m/n on input line 51.
LaTeX Font Info:    ... okay on input line 51.
LaTeX Font Info:    Checking defaults for C11/song/m/n on input line 51.
LaTeX Font Info:    ... okay on input line 51.
LaTeX Font Info:    Checking defaults for C21/song/m/n on input line 51.
LaTeX Font Info:    ... okay on input line 51.
LaTeX Font Info:    Checking defaults for C41/song/m/n on input line 51.
LaTeX Font Info:    ... okay on input line 51.
LaTeX Font Info:    Checking defaults for C62/song/m/n on input line 51.
LaTeX Font Info:    ... okay on input line 51.
LaTeX Font Info:    Checking defaults for PD1/pdf/m/n on input line 51.
LaTeX Font Info:    ... okay on input line 51.
LaTeX Font Info:    Checking defaults for PU/pdf/m/n on input line 51.
LaTeX Font Info:    ... okay on input line 51.
 ABD: EverySelectfont initializing macros
LaTeX Info: Redefining \selectfont on input line 51.

*geometry* driver: auto-detecting
*geometry* detected driver: pdftex
*geometry* verbose mode - [ preamble ] result:
* driver: pdftex
* paper: a4paper
* layout: <same size as paper>
* layoutoffset:(h,v)=(0.0pt,0.0pt)
* modes: 
* h-part:(L,W,R)=(90.47955pt, 416.54877pt, 90.47955pt)
* v-part:(T,H,B)=(72.2698pt, 700.50723pt, 72.2698pt)
* \paperwidth=597.50787pt
* \paperheight=845.04684pt
* \textwidth=416.54877pt
* \textheight=700.50723pt
* \oddsidemargin=18.20956pt
* \evensidemargin=18.20956pt
* \topmargin=-37.00018pt
* \headheight=12.0pt
* \headsep=25.0pt
* \topskip=10.0pt
* \footskip=30.0pt
* \marginparwidth=65.0pt
* \marginparsep=11.0pt
* \columnsep=10.0pt
* \skip\footins=9.0pt plus 4.0pt minus 2.0pt
* \hoffset=0.0pt
* \voffset=0.0pt
* \mag=1000
* \@twocolumnfalse
* \@twosidefalse
* \@mparswitchfalse
* \@reversemarginfalse
* (1in=72.27pt=25.4mm, 1cm=28.453pt)

Package caption Info: Begin \AtBeginDocument code.
Package caption Info: subfig package v1.3 is loaded.
Package caption Info: float package is loaded.
Package caption Info: hyperref package is loaded.
Package caption Info: listings package is loaded.
Package caption Info: End \AtBeginDocument code.
(e:/texlive/2017/texmf-dist/tex/context/base/mkii/supp-pdf.mkii
[Loading MPS to PDF converter (version 2006.09.02).]
\scratchcounter=\count187
\scratchdimen=\dimen256
\scratchbox=\box57
\nofMPsegments=\count188
\nofMParguments=\count189
\everyMPshowfont=\toks30
\MPscratchCnt=\count190
\MPscratchDim=\dimen257
\MPnumerator=\count191
\makeMPintoPDFobject=\count192
\everyMPtoPDFconversion=\toks31
) (e:/texlive/2017/texmf-dist/tex/latex/oberdiek/epstopdf-base.sty
Package: epstopdf-base 2016/05/15 v2.6 Base part for package epstopdf

(e:/texlive/2017/texmf-dist/tex/latex/oberdiek/grfext.sty
Package: grfext 2016/05/16 v1.2 Manage graphics extensions (HO)
)
Package epstopdf-base Info: Redefining graphics rule for `.eps' on input line 4
38.
Package grfext Info: Graphics extension search list:
(grfext)             [.png,.pdf,.jpg,.mps,.jpeg,.jbig2,.jb2,.PNG,.PDF,.JPG,.JPE
G,.JBIG2,.JB2,.eps]
(grfext)             \AppendGraphicsExtensions on input line 456.

(e:/texlive/2017/texmf-dist/tex/latex/latexconfig/epstopdf-sys.cfg
File: epstopdf-sys.cfg 2010/07/13 v1.3 Configuration of (r)epstopdf for TeX Liv
e
))
\c@lstlisting=\count193
\AtBeginShipoutBox=\box58
Package hyperref Info: Link coloring ON on input line 51.

(e:/texlive/2017/texmf-dist/tex/latex/hyperref/nameref.sty
Package: nameref 2016/05/21 v2.44 Cross-referencing by name of section

(e:/texlive/2017/texmf-dist/tex/generic/oberdiek/gettitlestring.sty
Package: gettitlestring 2016/05/16 v1.5 Cleanup title references (HO)
)
\c@section@level=\count194
)
LaTeX Info: Redefining \ref on input line 51.
LaTeX Info: Redefining \pageref on input line 51.
LaTeX Info: Redefining \nameref on input line 51.

(./五一赛论文.out) (./五一赛论文.out)
\@outlinefile=\write3
\openout3 = `五一赛论文.out'.

LaTeX Font Info:    Try loading font information for C70+zhhei on input line 60
.

(e:/texlive/2017/texmf-dist/tex/latex/zhmetrics/c70zhhei.fd
File: c70zhhei.fd 2009/09/23 4.8.2
)
LaTeX Font Info:    Try loading font information for C70+zhsong on input line 6
2.

(e:/texlive/2017/texmf-dist/tex/latex/zhmetrics/c70zhsong.fd
File: c70zhsong.fd 2009/09/23 4.8.2
)
Package CJKpunct Info: use punctuation spaces for family 'zhsong' with punctsty
le (quanjiao) on input line 62.
LaTeX Font Info:    Try loading font information for C70+rm on input line 84.

(e:/texlive/2017/texmf-dist/tex/latex/ctex/fd/c70rm.fd
File: c70rm.fd 2017/04/01 v2.4.9 Chinese font definition (CTEX)
)
(e:/texlive/2017/texmf-dist/tex/generic/ctex/zhwindowsfonts.tex
File: zhwindowsfonts.tex 2017/04/01 v2.4.9 Windows font map loader for pdfTeX a
nd DVIPDFMx (CTEX)
) [1

]
Package CJKpunct Info: use punctuation spaces for family 'zhhei' with punctstyl
e (quanjiao) on input line 113.

<picture/liucheng.png, id=281, 854.19125pt x 320.19624pt>
File: picture/liucheng.png Graphic file (type png)

<use picture/liucheng.png>
Package pdftex.def Info: picture/liucheng.png used on input line 123.
(pdftex.def)             Requested size: 333.24028pt x 124.91512pt.
 [2]
Underfull \hbox (badness 10000) in paragraph at lines 127--129

 []

<picture/PIC.png, id=309, 451.08525pt x 255.354pt>
File: picture/PIC.png Graphic file (type png)
 <use picture/PIC.png>
Package pdftex.def Info: picture/PIC.png used on input line 134.
(pdftex.def)             Requested size: 333.24028pt x 188.65118pt.

Underfull \hbox (badness 10000) in paragraph at lines 130--138

 []

[3 <./picture/liucheng.png> <./picture/PIC.png>]
<picture/PPT1.jpg, id=327, 963.52153pt x 542.1427pt>
File: picture/PPT1.jpg Graphic file (type jpg)
 <use picture/PPT1.jpg>
Package pdftex.def Info: picture/PPT1.jpg used on input line 147.
(pdftex.def)             Requested size: 291.58286pt x 164.06691pt.

<picture/PPT2.jpg, id=328, 963.52153pt x 542.1427pt>
File: picture/PPT2.jpg Graphic file (type jpg)
 <use picture/PPT2.jpg>
Package pdftex.def Info: picture/PPT2.jpg used on input line 152.
(pdftex.def)             Requested size: 291.58286pt x 164.06691pt.

[4 <./picture/PPT1.jpg> <./picture/PPT2.jpg>]
Underfull \hbox (badness 10000) in paragraph at lines 189--191

 []

<picture/liuchengway2.png, id=352, 500.5902pt x 528.5346pt>
File: picture/liuchengway2.png Graphic file (type png)

<use picture/liuchengway2.png>
Package pdftex.def Info: picture/liuchengway2.png used on input line 196.
(pdftex.def)             Requested size: 249.9318pt x 263.8876pt.
Package epstopdf Info: Source file: <picture/problem1.eps>
(epstopdf)                    date: 2019-05-03 17:43:57
(epstopdf)                    size: 21902 bytes
(epstopdf)             Output file: <picture/problem1-eps-converted-to.pdf>
(epstopdf)                    date: 2019-05-03 17:47:55
(epstopdf)                    size: 4472 bytes
(epstopdf)             Command: <repstopdf --outfile=picture/problem1-eps-conve
rted-to.pdf picture/problem1.eps>
(epstopdf)             \includegraphics on input line 222.
Package epstopdf Info: Output file is already uptodate.

<picture/problem1-eps-converted-to.pdf, id=359, 1156.32pt x 564.1075pt>
File: picture/problem1-eps-converted-to.pdf Graphic file (type pdf)

<use picture/problem1-eps-converted-to.pdf>
Package pdftex.def Info: picture/problem1-eps-converted-to.pdf used on input li
ne 222.
(pdftex.def)             Requested size: 416.54877pt x 203.20766pt.
Package epstopdf Info: Source file: <picture/P_2_44_12.eps>
(epstopdf)                    date: 2019-05-03 15:34:37
(epstopdf)                    size: 21453 bytes
(epstopdf)             Output file: <picture/P_2_44_12-eps-converted-to.pdf>
(epstopdf)                    date: 2019-05-03 17:52:00
(epstopdf)                    size: 4513 bytes
(epstopdf)             Command: <repstopdf --outfile=picture/P_2_44_12-eps-conv
erted-to.pdf picture/P_2_44_12.eps>
(epstopdf)             \includegraphics on input line 244.
Package epstopdf Info: Output file is already uptodate.

<picture/P_2_44_12-eps-converted-to.pdf, id=360, 1156.32pt x 564.1075pt>
File: picture/P_2_44_12-eps-converted-to.pdf Graphic file (type pdf)

<use picture/P_2_44_12-eps-converted-to.pdf>
Package pdftex.def Info: picture/P_2_44_12-eps-converted-to.pdf used on input l
ine 244.
(pdftex.def)             Requested size: 416.54877pt x 203.20766pt.
Package epstopdf Info: Source file: <picture/P_2_45_11.eps>
(epstopdf)                    date: 2019-05-03 15:36:02
(epstopdf)                    size: 21501 bytes
(epstopdf)             Output file: <picture/P_2_45_11-eps-converted-to.pdf>
(epstopdf)                    date: 2019-05-03 20:12:52
(epstopdf)                    size: 4512 bytes
(epstopdf)             Command: <repstopdf --outfile=picture/P_2_45_11-eps-conv
erted-to.pdf picture/P_2_45_11.eps>
(epstopdf)             \includegraphics on input line 249.
Package epstopdf Info: Output file is already uptodate.

<picture/P_2_45_11-eps-converted-to.pdf, id=361, 1156.32pt x 564.1075pt>
File: picture/P_2_45_11-eps-converted-to.pdf Graphic file (type pdf)

<use picture/P_2_45_11-eps-converted-to.pdf>
Package pdftex.def Info: picture/P_2_45_11-eps-converted-to.pdf used on input l
ine 249.
(pdftex.def)             Requested size: 416.54877pt x 203.20766pt.
Package epstopdf Info: Source file: <picture/P_2_35_19.eps>
(epstopdf)                    date: 2019-05-03 15:35:20
(epstopdf)                    size: 21173 bytes
(epstopdf)             Output file: <picture/P_2_35_19-eps-converted-to.pdf>
(epstopdf)                    date: 2019-05-03 20:12:54
(epstopdf)                    size: 4485 bytes
(epstopdf)             Command: <repstopdf --outfile=picture/P_2_35_19-eps-conv
erted-to.pdf picture/P_2_35_19.eps>
(epstopdf)             \includegraphics on input line 254.
Package epstopdf Info: Output file is already uptodate.

<picture/P_2_35_19-eps-converted-to.pdf, id=362, 1156.32pt x 564.1075pt>
File: picture/P_2_35_19-eps-converted-to.pdf Graphic file (type pdf)

<use picture/P_2_35_19-eps-converted-to.pdf>
Package pdftex.def Info: picture/P_2_35_19-eps-converted-to.pdf used on input l
ine 254.
(pdftex.def)             Requested size: 416.54877pt x 203.20766pt.
 [5] [6 <./picture/liuchengway2.png> <./picture/problem1-eps-converted-to.pdf>]
 [7 <./picture/P_2_44_12-eps-converted-to.pdf> <./picture/P_2_45_11-eps-convert
ed-to.pdf> <./picture/P_2_35_19-eps-converted-to.pdf>]
Package CJKpunct Info: use punctuation spaces for family 'rm' with punctstyle (
quanjiao) on input line 262.

Overfull \hbox (60.17377pt too wide) detected at line 341
[] \OT1/cmr/m/n/12.045 = [] = []
 []


Overfull \hbox (28.86128pt too wide) in paragraph at lines 345--346
[] []\C70/rm/bx/n/10.53937/95  \C70/rm/bx/n/10.53937/98  \C70/rm/bx/n/10.5393
7/4e 	 \C70/rm/bx/n/10.53937/76  \C70/rm/bx/n/10.53937/6a ! \C70/rm/bx/n/10.53
937/57  \C70/rm/bx/n/10.53937/5e  \C70/rm/bx/n/10.53937/7a  \C70/rm/bx/n/10.
53937/4e ^^N \C70/rm/bx/n/10.53937/6c B \C70/rm/bx/n/10.53937/89 [] \C70/zhson
g/m/n/12.045/8b  \C70/zhsong/m/n/12.045/51  \C70/zhsong/bx/n/12.045/7b V \C70
/zhsong/m/n/12.045/53  \C70/zhsong/m/n/12.045/91 $\OML/cmm/m/it/12.045 k[]$\C
70/zhsong/bx/n/12.045/4e : \C70/zhsong/m/n/12.045/63 	 \C70/zhsong/bx/n/12.045/
7b ,\OT1/cmr/m/n/12.045 i\C70/zhsong/m/n/12.045/79  \C70/zhsong/m/n/12.045/65 
 \C70/zhsong/m/n/12.045/68 H \C70/zhsong/bx/n/12.045/52 ^^G r \C70/zhsong/bx/n
/12.045/76  \C70/zhsong/m/n/12.045/67 ( ^^? \C70/zhsong/bx/n/12.045/57 W \C70/
zhsong/m/n/12.045/65 p |\C70/zhsong/m/n/12.045/ff ^^H|$\OML/cmm/m/it/12.045 i \
OT1/cmr/m/n/12.045 = 1\OML/cmm/m/it/12.045 ; \OT1/cmr/m/n/12.045 2\OML/cmm/m/it
/12.045 ; []  ; \OT1/cmr/m/n/12.045 7$|\C70/zhsong/m/n/12.045/ff 	|
 []

[8] [9]
Overfull \hbox (45.8197pt too wide) in paragraph at lines 361--371
 [][][] 
 []

Package epstopdf Info: Source file: <picture/problem1.eps>
(epstopdf)                    date: 2019-05-03 17:43:57
(epstopdf)                    size: 21902 bytes
(epstopdf)             Output file: <picture/problem1-eps-converted-to.pdf>
(epstopdf)                    date: 2019-05-03 17:47:55
(epstopdf)                    size: 4472 bytes
(epstopdf)             Command: <repstopdf --outfile=picture/problem1-eps-conve
rted-to.pdf picture/problem1.eps>
(epstopdf)             \includegraphics on input line 374.
Package epstopdf Info: Output file is already uptodate.
File: picture/problem1-eps-converted-to.pdf Graphic file (type pdf)
<use picture/problem1-eps-converted-to.pdf>
Package pdftex.def Info: picture/problem1-eps-converted-to.pdf used on input li
ne 374.
(pdftex.def)             Requested size: 416.54877pt x 203.20766pt.
Package epstopdf Info: Source file: <picture/P_2_44_12.eps>
(epstopdf)                    date: 2019-05-03 15:34:37
(epstopdf)                    size: 21453 bytes
(epstopdf)             Output file: <picture/P_2_44_12-eps-converted-to.pdf>
(epstopdf)                    date: 2019-05-03 17:52:00
(epstopdf)                    size: 4513 bytes
(epstopdf)             Command: <repstopdf --outfile=picture/P_2_44_12-eps-conv
erted-to.pdf picture/P_2_44_12.eps>
(epstopdf)             \includegraphics on input line 379.
Package epstopdf Info: Output file is already uptodate.
File: picture/P_2_44_12-eps-converted-to.pdf Graphic file (type pdf)

<use picture/P_2_44_12-eps-converted-to.pdf>
Package pdftex.def Info: picture/P_2_44_12-eps-converted-to.pdf used on input l
ine 379.
(pdftex.def)             Requested size: 416.54877pt x 203.20766pt.
Package epstopdf Info: Source file: <picture/P_1_3.eps>
(epstopdf)                    date: 2019-05-03 15:30:08
(epstopdf)                    size: 20155 bytes
(epstopdf)             Output file: <picture/P_1_3-eps-converted-to.pdf>
(epstopdf)                    date: 2019-05-03 17:49:51
(epstopdf)                    size: 4428 bytes
(epstopdf)             Command: <repstopdf --outfile=picture/P_1_3-eps-converte
d-to.pdf picture/P_1_3.eps>
(epstopdf)             \includegraphics on input line 384.
Package epstopdf Info: Output file is already uptodate.

<picture/P_1_3-eps-converted-to.pdf, id=436, 1156.32pt x 564.1075pt>
File: picture/P_1_3-eps-converted-to.pdf Graphic file (type pdf)

<use picture/P_1_3-eps-converted-to.pdf>
Package pdftex.def Info: picture/P_1_3-eps-converted-to.pdf used on input line 
384.
(pdftex.def)             Requested size: 416.54877pt x 203.20766pt.
 [10] [11 <./picture/P_1_3-eps-converted-to.pdf>]
Overfull \hbox (4.50096pt too wide) in paragraph at lines 428--429
[]\C70/zhsong/m/n/12.045/75 (\OT1/cmr/m/n/12.045 Matlab\C70/zhsong/m/n/12.045/5
b  \C70/zhsong/m/n/12.045/8b  \C70/zhsong/m/n/12.045/65 t p \C70/zhsong/m/n/1
2.045/7e  \C70/zhsong/bx/n/12.045/60 ' \C70/zhsong/bx/n/12.045/89  \C70/zhson
g/bx/n/12.045/52 ^^R \C70/zhsong/m/n/12.045/95  \C70/zhsong/m/n/12.045/98  \C
70/zhsong/bx/n/12.045/6c B \C70/zhsong/bx/n/12.045/89 |\C70/zhsong/m/n/12.045/
ff ^^L| \C70/zhsong/bx/n/12.045/5f  \C70/zhsong/bx/n/12.045/52 0 \C70/zhsong/m
/n/12.045/67 ^^@ \C70/zhsong/bx/n/12.045/4f ^^X \C70/zhsong/bx/n/12.045/89  \C
70/zhsong/bx/n/12.045/4e :|\C70/zhsong/m/n/12.045/ff ^^Z| $\OML/cmm/m/it/12.045
 k[] \OT1/cmr/m/n/12.045 = 3\OML/cmm/m/it/12.045 ; k[] \OT1/cmr/m/n/12.045 = 57
\OML/cmm/m/it/12.045 ; k[] \OT1/cmr/m/n/12.045 =
 []


Overfull \hbox (81.74446pt too wide) in paragraph at lines 433--445
 [][][] 
 []

Package epstopdf Info: Source file: <picture/P3_1.eps>
(epstopdf)                    date: 2019-05-03 15:36:47
(epstopdf)                    size: 21154 bytes
(epstopdf)             Output file: <picture/P3_1-eps-converted-to.pdf>
(epstopdf)                    date: 2019-05-03 17:51:17
(epstopdf)                    size: 4514 bytes
(epstopdf)             Command: <repstopdf --outfile=picture/P3_1-eps-converted
-to.pdf picture/P3_1.eps>
(epstopdf)             \includegraphics on input line 452.
Package epstopdf Info: Output file is already uptodate.
<picture/P3_1-eps-converted-to.pdf, id=461, 1156.32pt x 564.1075pt>
File: picture/P3_1-eps-converted-to.pdf Graphic file (type pdf)

<use picture/P3_1-eps-converted-to.pdf>
Package pdftex.def Info: picture/P3_1-eps-converted-to.pdf used on input line 4
52.
(pdftex.def)             Requested size: 416.54877pt x 203.20766pt.
Package epstopdf Info: Source file: <picture/P3_2.eps>
(epstopdf)                    date: 2019-05-03 15:37:18
(epstopdf)                    size: 19932 bytes
(epstopdf)             Output file: <picture/P3_2-eps-converted-to.pdf>
(epstopdf)                    date: 2019-05-03 18:34:45
(epstopdf)                    size: 4457 bytes
(epstopdf)             Command: <repstopdf --outfile=picture/P3_2-eps-converted
-to.pdf picture/P3_2.eps>
(epstopdf)             \includegraphics on input line 457.
Package epstopdf Info: Output file is already uptodate.

<picture/P3_2-eps-converted-to.pdf, id=462, 1156.32pt x 564.1075pt>
File: picture/P3_2-eps-converted-to.pdf Graphic file (type pdf)

<use picture/P3_2-eps-converted-to.pdf>
Package pdftex.def Info: picture/P3_2-eps-converted-to.pdf used on input line 4
57.
(pdftex.def)             Requested size: 416.54877pt x 203.20766pt.
Package epstopdf Info: Source file: <picture/P3_3.eps>
(epstopdf)                    date: 2019-05-03 15:37:35
(epstopdf)                    size: 19794 bytes
(epstopdf)             Output file: <picture/P3_3-eps-converted-to.pdf>
(epstopdf)                    date: 2019-05-03 18:34:48
(epstopdf)                    size: 4459 bytes
(epstopdf)             Command: <repstopdf --outfile=picture/P3_3-eps-converted
-to.pdf picture/P3_3.eps>
(epstopdf)             \includegraphics on input line 462.
Package epstopdf Info: Output file is already uptodate.

<picture/P3_3-eps-converted-to.pdf, id=463, 1156.32pt x 564.1075pt>
File: picture/P3_3-eps-converted-to.pdf Graphic file (type pdf)

<use picture/P3_3-eps-converted-to.pdf>
Package pdftex.def Info: picture/P3_3-eps-converted-to.pdf used on input line 4
62.
(pdftex.def)             Requested size: 416.54877pt x 203.20766pt.
Package epstopdf Info: Source file: <picture/P3_4.eps>
(epstopdf)                    date: 2019-05-03 15:37:51
(epstopdf)                    size: 18762 bytes
(epstopdf)             Output file: <picture/P3_4-eps-converted-to.pdf>
(epstopdf)                    date: 2019-05-03 18:34:50
(epstopdf)                    size: 4440 bytes
(epstopdf)             Command: <repstopdf --outfile=picture/P3_4-eps-converted
-to.pdf picture/P3_4.eps>
(epstopdf)             \includegraphics on input line 467.
Package epstopdf Info: Output file is already uptodate.

<picture/P3_4-eps-converted-to.pdf, id=464, 1156.32pt x 564.1075pt>
File: picture/P3_4-eps-converted-to.pdf Graphic file (type pdf)

<use picture/P3_4-eps-converted-to.pdf>
Package pdftex.def Info: picture/P3_4-eps-converted-to.pdf used on input line 4
67.
(pdftex.def)             Requested size: 416.54877pt x 203.20766pt.

Overfull \hbox (2.17252pt too wide) in paragraph at lines 447--470
[]\C70/zhsong/bx/n/12.045/4e  \C70/zhsong/m/n/12.045/84  \C70/zhsong/m/n/12.0
45/82 r \C70/zhsong/bx/n/12.045/77  \C70/zhsong/bx/n/12.045/5f b \C70/zhsong/b
x/n/12.045/4e  \C70/zhsong/m/n/12.045/88 h\OT1/cmr/m/n/12.045 P1|\C70/zhsong/m
/n/12.045/ff ^^L| \C70/zhsong/m/n/12.045/7e  \C70/zhsong/m/n/12.045/82 r \C70/
zhsong/bx/n/12.045/77  \C70/zhsong/bx/n/12.045/5f b \C70/zhsong/bx/n/12.045/4e
  \C70/zhsong/m/n/12.045/88 h\OT1/cmr/m/n/12.045 P2|\C70/zhsong/m/n/12.045/ff 
^^L| \C70/zhsong/m/n/12.045/7e  \C70/zhsong/m/n/12.045/82 r \C70/zhsong/bx/n/1
2.045/77  \C70/zhsong/bx/n/12.045/5f b \C70/zhsong/bx/n/12.045/4e  \C70/zhson
g/m/n/12.045/88 h\OT1/cmr/m/n/12.045 P3|\C70/zhsong/m/n/12.045/ff ^^L| \C70/zhs
ong/m/n/12.045/7d + \C70/zhsong/m/n/12.045/82 r \C70/zhsong/bx/n/12.045/77  \C
70/zhsong/bx/n/12.045/5f b \C70/zhsong/bx/n/12.045/4e  \C70/zhsong/m/n/12.045/
88 h\OT1/cmr/m/n/12.045 P4|\C70/zhsong/m/n/12.045/ff ^^L|
 []

[12] [13 <./picture/P3_1-eps-converted-to.pdf> <./picture/P3_2-eps-converted-to
.pdf> <./picture/P3_3-eps-converted-to.pdf>]
Overfull \hbox (0.56412pt too wide) in paragraph at lines 474--475
[]\C70/zhsong/m/n/12.045/8b  \C70/zhsong/m/n/12.045/51  \C70/zhsong/bx/n/12.0
45/7b V \C70/zhsong/m/n/12.045/53  \C70/zhsong/m/n/12.045/91 $\OML/cmm/m/it/1
2.045 k[]$\C70/zhsong/bx/n/12.045/4e : \C70/zhsong/m/n/12.045/63 	 \C70/zhsong/
bx/n/12.045/7b ,\OT1/cmr/m/n/12.045 i\C70/zhsong/m/n/12.045/79  \C70/zhsong/m/
n/12.045/65  \C70/zhsong/m/n/12.045/68 H \C70/zhsong/bx/n/12.045/52 ^^G r \C70
/zhsong/bx/n/12.045/76  \C70/zhsong/m/n/12.045/67 ( ^^? \C70/zhsong/bx/n/12.04
5/57 W \C70/zhsong/m/n/12.045/65 p |\C70/zhsong/m/n/12.045/ff ^^H|$\OML/cmm/m/i
t/12.045 i \OT1/cmr/m/n/12.045 = 1\OML/cmm/m/it/12.045 ; \OT1/cmr/m/n/12.045 2\
OML/cmm/m/it/12.045 ; []  ; \OT1/cmr/m/n/12.045 25$|\C70/zhsong/m/n/12.045/ff 	
||^^L| \C70/zhsong/bx/n/12.045/6c  \C70/zhsong/m/n/12.045/75 ( \C70/zhsong/bx/
n/12.045/5f ^^O\OT1/cmr/m/n/12.045 ([][]6[][])|\C70/zhsong/m/n/12.045/30 ^^A|
 []


Overfull \hbox (10.16272pt too wide) in paragraph at lines 491--493
\C70/zhsong/m/n/12.045/75 (\OT1/cmr/m/n/12.045 Matlab\C70/zhsong/m/n/12.045/5b 
 \C70/zhsong/m/n/12.045/8b  \C70/zhsong/m/n/12.045/65 t p \C70/zhsong/m/n/12.
045/7e  \C70/zhsong/bx/n/12.045/60 ' \C70/zhsong/bx/n/12.045/89  \C70/zhsong/
bx/n/12.045/52 ^^R \C70/zhsong/m/n/12.045/95  \C70/zhsong/m/n/12.045/98  \C70
/zhsong/bx/n/12.045/6c B \C70/zhsong/bx/n/12.045/89 |\C70/zhsong/m/n/12.045/ff
 ^^L| \C70/zhsong/bx/n/12.045/5f  \C70/zhsong/bx/n/12.045/52 0 \C70/zhsong/m/n
/12.045/67 ^^@ \C70/zhsong/bx/n/12.045/4f ^^X \C70/zhsong/bx/n/12.045/89  \C70
/zhsong/bx/n/12.045/4e :$\OML/cmm/m/it/12.045 k[] \OT1/cmr/m/n/12.045 = 100$|\C
70/zhsong/m/n/12.045/ff ^^L| \C70/zhsong/m/n/12.045/51 v \C70/zhsong/bx/n/12.04
5/4f Y \C70/zhsong/bx/n/12.045/4e :\OT1/cmr/m/n/12.045 0|\C70/zhsong/m/n/12.045
/ff ^^L| \OT1/cmr/m/n/12.045 N=100|\C70/zhsong/m/n/12.045/30 ^^B|
 []


Overfull \hbox (52.5146pt too wide) in paragraph at lines 500--510
 [][][] 
 []

[14 <./picture/P3_4-eps-converted-to.pdf>] [15] [16]
Underfull \hbox (badness 1231) in paragraph at lines 559--560
[]\C70/zhsong/m/n/12.045/66  \C70/zhsong/m/n/12.045/51  \C70/zhsong/m/n/12.04
5/53 N|\C70/zhsong/m/n/12.045/ff ^^L| \C70/zhsong/bx/n/12.045/52 i \C70/zhsong/
bx/n/12.045/4f Y \C70/zhsong/bx/n/12.045/77  \C70/zhsong/bx/n/12.045/5f b \C70
/zhsong/m/n/12.045/53 9 \C70/zhsong/m/n/12.045/91 M \C70/zhsong/bx/n/12.045/7b 
 \C70/zhsong/bx/n/12.045/6c  \C70/zhsong/bx/n/12.045/57 ( \C70/zhsong/bx/n/12
.045/77  \C70/zhsong/bx/n/12.045/5f b \C70/zhsong/bx/n/12.045/4e  \C70/zhsong
/m/n/12.045/63  \C70/zhsong/m/n/12.045/68 7 \C70/zhsong/bx/n/12.045/4e - \C70/
zhsong/bx/n/12.045/76  \C70/zhsong/m/n/12.045/5e  \C70/zhsong/m/n/12.045/75 (
|\C70/zhsong/m/n/12.045/ff ^^L| \C70/zhsong/m/n/12.045/67 : \C70/zhsong/m/n/12.
045/75 5 \C70/zhsong/m/n/12.045/5d  \C70/zhsong/m/n/12.045/7a  \C70/zhsong/bx
/n/12.045/62  \C70/zhsong/m/n/12.045/67 /|\C70/zhsong/m/n/12.045/ff ^^L|
 []

[17]

Package hyperref Warning: The anchor of a bookmark and its parent's must not
(hyperref)                be the same. Added a new anchor on input line 565.

[18]

Package hyperref Warning: The anchor of a bookmark and its parent's must not
(hyperref)                be the same. Added a new anchor on input line 604.

LaTeX Font Info:    Font shape `OT1/pcr/bx/n' in size <7.52812> not available
(Font)              Font shape `OT1/pcr/b/n' tried instead on input line 606.
LaTeX Font Info:    Try loading font information for TS1+pcr on input line 624.

(e:/texlive/2017/texmf-dist/tex/latex/psnfss/ts1pcr.fd
File: ts1pcr.fd 2001/06/04 font definitions for TS1/pcr.
)
LaTeX Font Info:    Try loading font information for OML+pcr on input line 646.


(e:/texlive/2017/texmf-dist/tex/latex/psnfss/omlpcr.fd
File: omlpcr.fd 
)
LaTeX Font Info:    Font shape `OML/pcr/m/n' in size <7.52812> not available
(Font)              Font shape `OML/cmm/m/it' tried instead on input line 646.
LaTeX Font Info:    Try loading font information for OMS+pcr on input line 658.


(e:/texlive/2017/texmf-dist/tex/latex/psnfss/omspcr.fd
File: omspcr.fd 
)
LaTeX Font Info:    Font shape `OMS/pcr/m/n' in size <7.52812> not available
(Font)              Font shape `OMS/cmsy/m/n' tried instead on input line 658.
 [19] [20]
Package atveryend Info: Empty hook `BeforeClearDocument' on input line 750.
 [21]
Package atveryend Info: Empty hook `AfterLastShipout' on input line 750.

(./五一赛论文.aux)
Package atveryend Info: Executing hook `AtVeryEndDocument' on input line 750.
Package atveryend Info: Executing hook `AtEndAfterFileList' on input line 750.
Package rerunfilecheck Info: File `五一赛论文.out' has not changed.
(rerunfilecheck)             Checksum: 70B12AE57DC18E4C31BA62BFE11E048E;3783.
Package atveryend Info: Empty hook `AtVeryVeryEnd' on input line 750.
 )
(\end occurred inside a group at level 1)

### simple group (level 1) entered at line 58 ({)
### bottom level 
Here is how much of TeX's memory you used:
 27542 strings out of 492995
 456711 string characters out of 6136402
 568853 words of memory out of 5000000
 30132 multiletter control sequences out of 15000+600000
 69200 words of font info for 257 fonts, out of 8000000 for 9000
 1141 hyphenation exceptions out of 8191
 41i,28n,49p,10451b,2300s stack positions out of 5000i,500n,10000p,200000b,80000s
{e:/texlive/2017/texmf-dist/fonts/enc/dvips/cm-super/cm-super-t
s1.enc}{e:/texlive/2017/texmf-dist/fonts/enc/dvips/base/8r.enc}<c:/WINDOWS/font
s/simhei.ttf><c:/WINDOWS/fonts/simhei.ttf><c:/WINDOWS/fonts/simhei.ttf><c:/WIND
OWS/fonts/simhei.ttf><c:/WINDOWS/fonts/simhei.ttf><c:/WINDOWS/fonts/simsun.ttc>
<c:/WINDOWS/fonts/simhei.ttf><c:/WINDOWS/fonts/simhei.ttf><c:/WINDOWS/fonts/sim
sun.ttc><c:/WINDOWS/fonts/simhei.ttf><c:/WINDOWS/fonts/simhei.ttf><c:/WINDOWS/f
onts/simhei.ttf><c:/WINDOWS/fonts/simhei.ttf><c:/WINDOWS/fonts/simhei.ttf><c:/W
INDOWS/fonts/simsun.ttc><c:/WINDOWS/fonts/simsun.ttc><c:/WINDOWS/fonts/simsun.t
tc><c:/WINDOWS/fonts/simhei.ttf><c:/WINDOWS/fonts/simhei.ttf><c:/WINDOWS/fonts/
simhei.ttf><c:/WINDOWS/fonts/simhei.ttf><c:/WINDOWS/fonts/simhei.ttf><c:/WINDOW
S/fonts/simhei.ttf><c:/WINDOWS/fonts/simhei.ttf><c:/WINDOWS/fonts/simsun.ttc><c
:/WINDOWS/fonts/simsun.ttc><c:/WINDOWS/fonts/simhei.ttf><c:/WINDOWS/fonts/simhe
i.ttf><c:/WINDOWS/fonts/simsun.ttc><c:/WINDOWS/fonts/simhei.ttf><c:/WINDOWS/fon
ts/simhei.ttf><c:/WINDOWS/fonts/simsun.ttc><c:/WINDOWS/fonts/simsun.ttc><c:/WIN
DOWS/fonts/simhei.ttf><c:/WINDOWS/fonts/simhei.ttf><c:/WINDOWS/fonts/simhei.ttf
><c:/WINDOWS/fonts/simhei.ttf><c:/WINDOWS/fonts/simhei.ttf><c:/WINDOWS/fonts/si
mhei.ttf><c:/WINDOWS/fonts/simhei.ttf><c:/WINDOWS/fonts/simsun.ttc><c:/WINDOWS/
fonts/simsun.ttc><c:/WINDOWS/fonts/simsun.ttc><c:/WINDOWS/fonts/simsun.ttc><c:/
WINDOWS/fonts/simhei.ttf><c:/WINDOWS/fonts/simhei.ttf><c:/WINDOWS/fonts/simsun.
ttc><c:/WINDOWS/fonts/simsun.ttc><c:/WINDOWS/fonts/simhei.ttf><c:/WINDOWS/fonts
/simhei.ttf><c:/WINDOWS/fonts/simhei.ttf><c:/WINDOWS/fonts/simhei.ttf><c:/WINDO
WS/fonts/simsun.ttc><c:/WINDOWS/fonts/simsun.ttc><c:/WINDOWS/fonts/simsun.ttc><
c:/WINDOWS/fonts/simsun.ttc><c:/WINDOWS/fonts/simsun.ttc><c:/WINDOWS/fonts/simh
ei.ttf><c:/WINDOWS/fonts/simhei.ttf><c:/WINDOWS/fonts/simhei.ttf><c:/WINDOWS/fo
nts/simhei.ttf><c:/WINDOWS/fonts/simsun.ttc><c:/WINDOWS/fonts/simsun.ttc><c:/WI
NDOWS/fonts/simsun.ttc><c:/WINDOWS/fonts/simsun.ttc><c:/WINDOWS/fonts/simsun.tt
c><c:/WINDOWS/fonts/simsun.ttc><c:/WINDOWS/fonts/simsun.ttc><c:/WINDOWS/fonts/s
imsun.ttc><c:/WINDOWS/fonts/simsun.ttc><c:/WINDOWS/fonts/simsun.ttc><c:/WINDOWS
/fonts/simsun.ttc><c:/WINDOWS/fonts/simsun.ttc><c:/WINDOWS/fonts/simsun.ttc><c:
/WINDOWS/fonts/simsun.ttc><c:/WINDOWS/fonts/simsun.ttc><c:/WINDOWS/fonts/simsun
.ttc><c:/WINDOWS/fonts/simsun.ttc><c:/WINDOWS/fonts/simsun.ttc><c:/WINDOWS/font
s/simsun.ttc><c:/WINDOWS/fonts/simsun.ttc><c:/WINDOWS/fonts/simsun.ttc><c:/WIND
OWS/fonts/simsun.ttc><c:/WINDOWS/fonts/simsun.ttc><c:/WINDOWS/fonts/simsun.ttc>
<c:/WINDOWS/fonts/simsun.ttc><c:/WINDOWS/fonts/simsun.ttc><c:/WINDOWS/fonts/sim
sun.ttc><c:/WINDOWS/fonts/simsun.ttc><c:/WINDOWS/fonts/simsun.ttc><c:/WINDOWS/f
onts/simsun.ttc><c:/WINDOWS/fonts/simsun.ttc><c:/WINDOWS/fonts/simsun.ttc><c:/W
INDOWS/fonts/simsun.ttc><c:/WINDOWS/fonts/simsun.ttc><c:/WINDOWS/fonts/simsun.t
tc><c:/WINDOWS/fonts/simsun.ttc><c:/WINDOWS/fonts/simsun.ttc><c:/WINDOWS/fonts/
simsun.ttc><c:/WINDOWS/fonts/simsun.ttc><c:/WINDOWS/fonts/simsun.ttc><c:/WINDOW
S/fonts/simsun.ttc><c:/WINDOWS/fonts/simsun.ttc><c:/WINDOWS/fonts/simsun.ttc><c
:/WINDOWS/fonts/simsun.ttc><c:/WINDOWS/fonts/simsun.ttc><c:/WINDOWS/fonts/simsu
n.ttc><c:/WINDOWS/fonts/simsun.ttc><c:/WINDOWS/fonts/simsun.ttc><c:/WINDOWS/fon
ts/simsun.ttc><c:/WINDOWS/fonts/simhei.ttf><c:/WINDOWS/fonts/simhei.ttf><c:/WIN
DOWS/fonts/simhei.ttf><c:/WINDOWS/fonts/simhei.ttf><c:/WINDOWS/fonts/simhei.ttf
><c:/WINDOWS/fonts/simhei.ttf><e:/texlive/2017/texmf-dist/fonts/type1/public/am
sfonts/cm/cmex10.pfb><e:/texlive/2017/texmf-dist/fonts/type1/public/amsfonts/cm
/cmmi10.pfb><e:/texlive/2017/texmf-dist/fonts/type1/public/amsfonts/cm/cmmi12.p
fb><e:/texlive/2017/texmf-dist/fonts/type1/public/amsfonts/cm/cmmi7.pfb><e:/tex
live/2017/texmf-dist/fonts/type1/public/amsfonts/cm/cmmi8.pfb><e:/texlive/2017/
texmf-dist/fonts/type1/public/amsfonts/cm/cmr10.pfb><e:/texlive/2017/texmf-dist
/fonts/type1/public/amsfonts/cm/cmr12.pfb><e:/texlive/2017/texmf-dist/fonts/typ
e1/public/amsfonts/cm/cmr5.pfb><e:/texlive/2017/texmf-dist/fonts/type1/public/a
msfonts/cm/cmr7.pfb><e:/texlive/2017/texmf-dist/fonts/type1/public/amsfonts/cm/
cmr8.pfb><e:/texlive/2017/texmf-dist/fonts/type1/public/amsfonts/cm/cmsy10.pfb>
<e:/texlive/2017/texmf-dist/fonts/type1/public/amsfonts/cm/cmsy5.pfb><e:/texliv
e/2017/texmf-dist/fonts/type1/public/amsfonts/cm/cmsy7.pfb><e:/texlive/2017/tex
mf-dist/fonts/type1/public/amsfonts/cm/cmtt8.pfb><e:/texlive/2017/texmf-dist/fo
nts/type1/public/cm-super/sftt0800.pfb><e:/texlive/2017/texmf-dist/fonts/type1/
urw/courier/ucrb8a.pfb><e:/texlive/2017/texmf-dist/fonts/type1/urw/courier/ucrr
8a.pfb>
Output written on 五一赛论文.pdf (21 pages, 1311778 bytes).
PDF statistics:
 1177 PDF objects out of 1200 (max. 8388607)
 916 compressed objects within 10 object streams
 246 named destinations out of 1000 (max. 500000)
 615 words of extra memory for PDF output out of 10000 (max. 10000000)

