\BOOKMARK [1][-]{section.1}{\376\377\116\011\160\271\137\017\153\143\137\046\154\342\143\057\203\141\126\150\377\010\152\041\127\127\0001\377\011}{}% 1
\BOOKMARK [2][-]{subsection.1.1}{\376\377\133\236\232\214\166\356\166\204}{section.1}% 2
\BOOKMARK [2][-]{subsection.1.2}{\376\377\127\372\147\054\123\237\164\006}{section.1}% 3
\BOOKMARK [2][-]{subsection.1.3}{\376\377\133\236\232\214\153\145\232\244}{section.1}% 4
\BOOKMARK [2][-]{subsection.1.4}{\376\377\133\236\232\214\116\352\126\150}{section.1}% 5
\BOOKMARK [2][-]{subsection.1.5}{\376\377\133\236\232\214\176\323\147\234\210\145\121\105\123\312\122\006\147\220}{section.1}% 6
\BOOKMARK [1][-]{section.2}{\376\377\232\330\230\221\134\017\117\341\123\367\214\003\214\020\145\076\131\047\126\150\133\236\232\214\377\010\152\041\127\127\0003\377\011}{}% 7
\BOOKMARK [2][-]{subsection.2.1}{\376\377\133\236\232\214\166\356\166\204}{section.2}% 8
\BOOKMARK [2][-]{subsection.2.2}{\376\377\133\236\232\214\123\237\164\006}{section.2}% 9
\BOOKMARK [2][-]{subsection.2.3}{\376\377\133\236\232\214\153\145\232\244}{section.2}% 10
\BOOKMARK [3][-]{subsubsection.2.3.1}{\376\377\123\125\214\003\214\020\134\017\117\341\123\367\145\076\131\047\126\150\123\125\121\103\165\065\215\357\133\236\232\214}{subsection.2.3}% 11
\BOOKMARK [3][-]{subsubsection.2.3.2}{\376\377\123\314\214\003\214\020\134\017\117\341\123\367\145\076\131\047\126\150\123\125\121\103\165\065\215\357\133\236\232\214}{subsection.2.3}% 12
\BOOKMARK [2][-]{subsection.2.4}{\376\377\133\236\232\214\116\352\126\150}{section.2}% 13
\BOOKMARK [2][-]{subsection.2.5}{\376\377\133\236\232\214\176\323\147\234}{section.2}% 14
\BOOKMARK [1][-]{section.3}{\376\377\152\041\142\337\116\130\154\325\155\367\230\221\377\010\152\041\127\127\0002\377\011}{}% 15
\BOOKMARK [2][-]{subsection.3.1}{\376\377\133\236\232\214\166\356\166\204}{section.3}% 16
\BOOKMARK [2][-]{subsection.3.2}{\376\377\133\236\232\214\123\237\164\006\123\312\133\236\232\214\165\065\215\357\213\364\146\016}{section.3}% 17
\BOOKMARK [2][-]{subsection.3.3}{\376\377\133\236\232\214\153\145\232\244}{section.3}% 18
\BOOKMARK [2][-]{subsection.3.4}{\376\377\133\236\232\214\116\352\126\150}{section.3}% 19
\BOOKMARK [2][-]{subsection.3.5}{\376\377\133\236\232\214\176\323\147\234}{section.3}% 20
\BOOKMARK [1][-]{section.4}{\376\377\227\136\176\277\140\047\116\031\174\173\122\237\163\207\145\076\131\047\126\150\133\236\232\214\377\010\152\041\127\127\0003\377\011}{}% 21
\BOOKMARK [2][-]{subsection.4.1}{\376\377\133\236\232\214\166\356\166\204}{section.4}% 22
\BOOKMARK [2][-]{subsection.4.2}{\376\377\133\236\232\214\123\237\164\006}{section.4}% 23
\BOOKMARK [2][-]{subsection.4.3}{\376\377\133\236\232\214\153\145\232\244}{section.4}% 24
\BOOKMARK [3][-]{subsubsection.4.3.1}{\376\377\155\113\213\325\214\003\214\020\162\171\140\047}{subsection.4.3}% 25
\BOOKMARK [3][-]{subsubsection.4.3.2}{\376\377\155\113\213\325\215\037\217\175\162\171\140\047}{subsection.4.3}% 26
\BOOKMARK [2][-]{subsection.4.4}{\376\377\133\236\232\214\116\352\126\150}{section.4}% 27
\BOOKMARK [2][-]{subsection.4.5}{\376\377\133\236\232\214\176\323\147\234}{section.4}% 28
\BOOKMARK [1][-]{section.5}{\376\377\152\041\142\337\116\130\154\325\126\150\214\003\136\105\123\312\124\014\153\145\150\300\154\342\133\236\232\214\377\010\000A\000M\060\001\000D\000S\000B\060\001\000S\000S\000B\377\011\377\010\152\041\127\127\0005\377\011}{}% 29
\BOOKMARK [2][-]{subsection.5.1}{\376\377\133\236\232\214\166\356\166\204}{section.5}% 30
\BOOKMARK [2][-]{subsection.5.2}{\376\377\133\236\232\214\123\237\164\006}{section.5}% 31
\BOOKMARK [2][-]{subsection.5.3}{\376\377\133\236\232\214\153\145\232\244}{section.5}% 32
\BOOKMARK [3][-]{subsubsection.5.3.1}{\376\377\121\150\217\175\154\342\143\057\136\105\214\003\122\066}{subsection.5.3}% 33
\BOOKMARK [3][-]{subsubsection.5.3.2}{\376\377\226\306\142\020\165\065\215\357\377\010\116\130\154\325\126\150\377\011\147\204\142\020\211\343\214\003\126\150\000,\211\343\214\003\121\150\217\175\154\342\117\341\123\367}{subsection.5.3}% 34
\BOOKMARK [2][-]{subsection.5.4}{\376\377\133\236\232\214\116\352\126\150}{section.5}% 35
\BOOKMARK [2][-]{subsection.5.5}{\376\377\133\236\232\214\176\323\147\234}{section.5}% 36
\BOOKMARK [1][-]{section.6}{\376\377\123\112\123\314\135\345\214\003\230\221\145\340\176\277\133\371\213\262\147\072}{}% 37
\BOOKMARK [2][-]{subsection.6.1}{\376\377\133\236\232\214\166\356\166\204}{section.6}% 38
\BOOKMARK [2][-]{subsection.6.2}{\376\377\133\236\232\214\121\205\133\271}{section.6}% 39
\BOOKMARK [2][-]{subsection.6.3}{\376\377\133\236\232\214\165\065\215\357\213\364\146\016}{section.6}% 40
\BOOKMARK [2][-]{subsection.6.4}{\376\377\133\236\232\214\153\145\232\244}{section.6}% 41
\BOOKMARK [3][-]{subsubsection.6.4.1}{\376\377\000F\000M\123\321\134\004\147\072\133\236\232\214}{subsection.6.4}% 42
\BOOKMARK [3][-]{subsubsection.6.4.2}{\376\377\000F\000M\143\245\145\066\147\072\133\236\232\214}{subsection.6.4}% 43
\BOOKMARK [2][-]{subsection.6.5}{\376\377\133\236\232\214\116\352\126\150}{section.6}% 44
\BOOKMARK [2][-]{subsection.6.6}{\376\377\214\003\213\325\116\055\220\107\122\060\166\204\225\356\230\230\123\312\122\006\147\220}{section.6}% 45
