\BOOKMARK [1][-]{section.1}{\376\377\225\356\230\230\221\315\217\360}{}% 1
\BOOKMARK [2][-]{subsection.1.1}{\376\377\225\356\230\230\166\204\200\314\146\157}{section.1}% 2
\BOOKMARK [2][-]{subsection.1.2}{\376\377\227\000\211\201\211\343\121\263\166\204\225\356\230\230}{section.1}% 3
\BOOKMARK [1][-]{section.2}{\376\377\225\356\230\230\120\107\213\276}{}% 4
\BOOKMARK [1][-]{section.3}{\376\377\173\046\123\367\213\364\146\016}{}% 5
\BOOKMARK [1][-]{section.4}{\376\377\152\041\127\213\166\204\136\372\172\313\123\312\154\102\211\343}{}% 6
\BOOKMARK [2][-]{subsection.4.1}{\376\377\152\041\127\213\116\000\377\032\127\372\116\216\220\020\153\145\126\336\137\122\166\204\145\066\137\227\163\207\137\161\124\315\126\340\175\040\147\103\221\315\122\006\147\220\152\041\127\213}{section.4}% 7
\BOOKMARK [3][-]{subsubsection.4.1.1}{\376\377\145\160\143\156\230\204\131\004\164\006}{subsection.4.1}% 8
\BOOKMARK [3][-]{subsubsection.4.1.2}{\376\377\123\206\123\362\145\066\137\227\163\207\213\241\173\227}{subsection.4.1}% 9
\BOOKMARK [3][-]{subsubsection.4.1.3}{\376\377\166\370\121\163\140\047\213\241\173\227}{subsection.4.1}% 10
\BOOKMARK [3][-]{subsubsection.4.1.4}{\376\377\152\041\127\213\166\204\136\372\172\313}{subsection.4.1}% 11
\BOOKMARK [3][-]{subsubsection.4.1.5}{\376\377\152\041\127\213\166\204\154\102\211\343}{subsection.4.1}% 12
\BOOKMARK [2][-]{subsection.4.2}{\376\377\152\041\127\213\116\214\377\032\127\372\116\216\131\032\230\171\137\017\126\336\137\122\142\337\124\010\166\204\145\066\137\227\163\207\230\204\155\113\152\041\127\213}{section.4}% 13
\BOOKMARK [3][-]{subsubsection.4.2.1}{\376\377\152\041\127\213\166\204\136\372\172\313}{subsection.4.2}% 14
\BOOKMARK [3][-]{subsubsection.4.2.2}{\376\377\152\041\127\213\166\204\154\102\211\343}{subsection.4.2}% 15
\BOOKMARK [3][-]{subsubsection.4.2.3}{\376\377\200\003\206\121\232\330\153\041\230\171\133\236\163\260\166\204\152\041\127\213\117\030\123\026}{subsection.4.2}% 16
\BOOKMARK [2][-]{subsection.4.3}{\376\377\152\041\127\213\116\011\377\032\127\372\116\216\176\246\147\137\117\030\123\026\173\227\154\325\166\204\142\020\147\054\117\030\123\026\152\041\127\213}{section.4}% 17
\BOOKMARK [3][-]{subsubsection.4.3.1}{\376\377\152\041\127\213\166\204\136\372\172\313}{subsection.4.3}% 18
\BOOKMARK [3][-]{subsubsection.4.3.2}{\376\377\152\041\127\213\166\204\154\102\211\343}{subsection.4.3}% 19
\BOOKMARK [1][-]{section.5}{\376\377\176\331\160\274\224\242\123\202\230\206\133\374\166\204\136\372\213\256\117\341}{}% 20
\BOOKMARK [1][-]{section.6}{\376\377\152\041\127\213\166\204\122\006\147\220}{}% 21
\BOOKMARK [2][-]{subsection.6.1}{\376\377\120\107\213\276\166\204\124\010\164\006\140\047\122\006\147\220}{section.6}% 22
\BOOKMARK [2][-]{subsection.6.2}{\376\377\152\041\127\213\166\204\124\010\164\006\140\047\122\006\147\220}{section.6}% 23
\BOOKMARK [1][-]{section.7}{\376\377\152\041\127\213\166\204\213\304\116\367\116\016\117\030\123\026}{}% 24
\BOOKMARK [2][-]{subsection.7.1}{\376\377\152\041\127\213\166\204\117\030\160\271}{section.7}% 25
\BOOKMARK [2][-]{subsection.7.2}{\376\377\152\041\127\213\166\204\177\072\160\271}{section.7}% 26
\BOOKMARK [2][-]{subsection.7.3}{\376\377\152\041\127\213\166\204\117\030\123\026}{section.7}% 27
\BOOKMARK [1][-]{Item.23}{\376\377\123\302\200\003\145\207\163\056}{}% 28
\BOOKMARK [1][-]{Item.23}{\376\377\226\104\137\125}{}% 29
\BOOKMARK [2][-]{section*.10}{\376\377\226\104\210\150}{Item.23}% 30
\BOOKMARK [2][-]{table.5}{\376\377\147\103\221\315\122\006\147\220\152\041\127\213\166\204\000M\000A\000T\000L\000A\000B\172\013\136\217}{Item.23}% 31
\BOOKMARK [3][-]{section*.11}{\376\377\116\073\172\013\136\217}{table.5}% 32
\BOOKMARK [3][-]{lstnumber.-1.18}{\376\377\145\160\143\156\213\373\123\326\172\013\136\217}{table.5}% 33
\BOOKMARK [3][-]{lstnumber.-2.21}{\376\377\145\160\143\156\230\204\131\004\164\006\172\013\136\217}{table.5}% 34
\BOOKMARK [3][-]{lstnumber.-3.22}{\376\377\137\161\124\315\126\340\175\040\213\373\123\326\172\013\136\217}{table.5}% 35
\BOOKMARK [2][-]{lstnumber.-4.19}{\376\377\145\066\137\227\163\207\230\204\155\113\152\041\127\213\166\204\000M\000A\000T\000L\000A\000B\172\013\136\217}{Item.23}% 36
\BOOKMARK [3][-]{section*.12}{\376\377\116\073\172\013\136\217}{lstnumber.-4.19}% 37
\BOOKMARK [2][-]{lstnumber.-5.19}{\376\377\142\020\147\054\117\030\123\026\152\041\127\213\166\204\000M\000A\000T\000L\000A\000B\172\013\136\217}{Item.23}% 38
\BOOKMARK [3][-]{section*.13}{\376\377\142\311\150\074\147\027\145\345\116\130\133\120\133\374\121\145\172\013\136\217}{lstnumber.-5.19}% 39
\BOOKMARK [3][-]{lstnumber.-6.9}{\376\377\116\073\172\013\136\217}{lstnumber.-5.19}% 40
\BOOKMARK [3][-]{lstnumber.-7.32}{\376\377\166\356\150\007\121\375\145\160\133\374\121\145\172\013\136\217}{lstnumber.-5.19}% 41
\BOOKMARK [3][-]{lstnumber.-8.3}{\376\377\176\246\147\137\121\375\145\160\133\374\121\145\172\013\136\217}{lstnumber.-5.19}% 42
\BOOKMARK [3][-]{lstnumber.-9.39}{\376\377\176\246\147\137\121\375\145\160\122\044\145\255\172\013\136\217}{lstnumber.-5.19}% 43
\BOOKMARK [3][-]{lstnumber.-10.13}{\376\377\166\356\150\007\121\375\145\160\122\044\145\255\172\013\136\217}{lstnumber.-5.19}% 44
