\BOOKMARK [1][-]{section.1}{\376\377\230\221\163\207\124\214\124\150\147\037\155\113\221\317}{}% 1
\BOOKMARK [2][-]{subsection.1.1}{\376\377\133\236\232\214\166\356\166\204}{section.1}% 2
\BOOKMARK [2][-]{subsection.1.2}{\376\377\133\236\232\214\116\352\126\150}{section.1}% 3
\BOOKMARK [2][-]{subsection.1.3}{\376\377\133\236\232\214\211\201\154\102}{section.1}% 4
\BOOKMARK [2][-]{subsection.1.4}{\376\377\133\236\232\214\153\145\232\244}{section.1}% 5
\BOOKMARK [3][-]{subsubsection.1.4.1}{\376\377\201\011\121\262\154\342\166\204\230\221\163\207\124\214\124\150\147\037}{subsection.1.4}% 6
\BOOKMARK [3][-]{subsubsection.1.4.2}{\376\377\153\143\137\046\154\342\166\204\230\221\163\207\124\214\124\150\147\037}{subsection.1.4}% 7
\BOOKMARK [2][-]{subsection.1.5}{\376\377\145\160\143\156\166\204\221\307\226\306\124\214\213\357\135\356\122\006\147\220}{section.1}% 8
\BOOKMARK [1][-]{section.2}{\376\377\166\370\117\115\135\356\155\113\221\317}{}% 9
\BOOKMARK [2][-]{subsection.2.1}{\376\377\133\236\232\214\166\356\166\204}{section.2}% 10
\BOOKMARK [2][-]{subsection.2.2}{\376\377\133\236\232\214\116\352\126\150}{section.2}% 11
\BOOKMARK [2][-]{subsection.2.3}{\376\377\133\236\232\214\211\201\154\102}{section.2}% 12
\BOOKMARK [2][-]{subsection.2.4}{\376\377\133\236\232\214\153\145\232\244}{section.2}% 13
\BOOKMARK [2][-]{subsection.2.5}{\376\377\145\160\143\156\166\204\221\307\226\306\124\214\213\357\135\356\122\006\147\220}{section.2}% 14
\BOOKMARK [1][-]{section.3}{\376\377\165\065\123\213\155\113\221\317}{}% 15
\BOOKMARK [2][-]{subsection.3.1}{\376\377\133\236\232\214\166\356\166\204}{section.3}% 16
\BOOKMARK [2][-]{subsection.3.2}{\376\377\133\236\232\214\116\352\126\150}{section.3}% 17
\BOOKMARK [2][-]{subsection.3.3}{\376\377\133\236\232\214\211\201\154\102}{section.3}% 18
\BOOKMARK [2][-]{subsection.3.4}{\376\377\133\236\232\214\153\145\232\244}{section.3}% 19
\BOOKMARK [3][-]{subsubsection.3.4.1}{\376\377\166\364\155\101\122\006\221\317\116\072\0000\166\204\153\143\137\046\154\342}{subsection.3.4}% 20
\BOOKMARK [3][-]{subsubsection.3.4.2}{\376\377\166\364\155\101\122\006\221\317\116\072\0000\166\204\116\011\211\322\154\342}{subsection.3.4}% 21
\BOOKMARK [3][-]{subsubsection.3.4.3}{\376\377\166\364\155\101\122\006\221\317\116\072\0000\166\204\145\271\154\342}{subsection.3.4}% 22
\BOOKMARK [3][-]{subsubsection.3.4.4}{\376\377\166\364\155\101\122\006\221\317\116\015\116\072\0000\166\204\145\271\154\342}{subsection.3.4}% 23
\BOOKMARK [2][-]{subsection.3.5}{\376\377\145\160\143\156\166\204\221\307\226\306\124\214\213\357\135\356\122\006\147\220}{section.3}% 24
\BOOKMARK [3][-]{subsubsection.3.5.1}{\376\377\164\006\213\272\145\160\143\156\166\204\213\241\173\227}{subsection.3.5}% 25
\BOOKMARK [3][-]{subsubsection.3.5.2}{\376\377\133\236\232\214\145\160\143\156\124\214\213\357\135\356\122\006\147\220}{subsection.3.5}% 26
\BOOKMARK [1][-]{section.4}{\376\377\156\051\136\246\155\113\221\317\116\016\143\247\122\066}{}% 27
\BOOKMARK [2][-]{subsection.4.1}{\376\377\133\236\232\214\166\356\166\204}{section.4}% 28
\BOOKMARK [2][-]{subsection.4.2}{\376\377\133\236\232\214\116\352\126\150}{section.4}% 29
\BOOKMARK [2][-]{subsection.4.3}{\376\377\133\236\232\214\123\237\164\006}{section.4}% 30
\BOOKMARK [3][-]{subsubsection.4.3.1}{\376\377\170\154\116\366\213\276\213\241\123\237\164\006}{subsection.4.3}% 31
\BOOKMARK [3][-]{subsubsection.4.3.2}{\376\377\217\157\116\366\213\276\213\241\123\237\164\006}{subsection.4.3}% 32
\BOOKMARK [2][-]{subsection.4.4}{\376\377\133\236\232\214\153\145\232\244}{section.4}% 33
\BOOKMARK [2][-]{subsection.4.5}{\376\377\145\160\143\156\221\307\226\306\116\016\131\004\164\006}{section.4}% 34
\BOOKMARK [1][-]{section.5}{\376\377\133\236\232\214\141\037\140\363}{}% 35
