--------------------------  c2000_debug.pjt - Debug  --------------------------
[AD.c] "C:\CCStudio_v3.3PLA\C2000\cgtools\bin\cl2000" -g -q -fr"C:/Users/admin/Desktop/c2000_noflash_201909031805_2/Debug" -d"_DEBUG" -d"LARGE_MODEL" -ml -v28 -@"Debug.lkf" "AD.c"
"AD.c", line 135: warning: enumerated type mixed with another type
"AD.c", line 149: warning: enumerated type mixed with another type
"AD.c", line 277: warning: variable "j" was declared but never referenced
"AD.c", line 681: warning: subscript out of range
"AD.c", line 686: warning: subscript out of range
"AD.c", line 744: warning: enumerated type mixed with another type
"AD.c", line 745: warning: enumerated type mixed with another type
"AD.c", line 746: warning: enumerated type mixed with another type
"AD.c", line 747: warning: enumerated type mixed with another type
"AD.c", line 748: warning: enumerated type mixed with another type
"AD.c", line 763: warning: nested comment is not allowed
"AD.c", line 764: warning: nested comment is not allowed
"AD.c", line 340: warning: variable "regValue" was set but never used
"AD.c", line 343: warning: variable "endpoint0count" was declared but never referenced
"AD.c", line 344: warning: variable "endpoint0data" was declared but never referenced
"AD.c", line 345: warning: variable "i" was set but never used
"AD.c", line 348: warning: variable "Fifostatus" was set but never used
"AD.c", line 362: warning: variable "RecievedDataLongth" was declared but never referenced
"AD.c", line 364: warning: variable "DataToEndpoint0" was declared but never referenced
"AD.c", line 1422: warning: enumerated type mixed with another type
"AD.c", line 1441: warning: enumerated type mixed with another type
"AD.c", line 1461: warning: enumerated type mixed with another type
"AD.c", line 1473: warning: enumerated type mixed with another type
"AD.c", line 1477: warning: enumerated type mixed with another type
"AD.c", line 1496: warning: enumerated type mixed with another type
"AD.c", line 1501: warning: enumerated type mixed with another type
"AD.c", line 1524: warning: enumerated type mixed with another type
"AD.c", line 1560: warning: enumerated type mixed with another type
"AD.c", line 1565: warning: enumerated type mixed with another type
"AD.c", line 1615: warning: enumerated type mixed with another type
"AD.c", line 1623: warning: enumerated type mixed with another type
"AD.c", line 1628: warning: enumerated type mixed with another type
"AD.c", line 1633: warning: enumerated type mixed with another type
"AD.c", line 1638: warning: enumerated type mixed with another type
"AD.c", line 1640: warning: enumerated type mixed with another type
"AD.c", line 1686: warning: enumerated type mixed with another type
"AD.c", line 1687: warning: enumerated type mixed with another type
"AD.c", line 1711: warning: enumerated type mixed with another type
"AD.c", line 1719: warning: enumerated type mixed with another type
"AD.c", line 1724: warning: enumerated type mixed with another type
"AD.c", line 1729: warning: enumerated type mixed with another type
"AD.c", line 1738: warning: enumerated type mixed with another type
"AD.c", line 1743: warning: enumerated type mixed with another type

[cfft32aq.asm] "C:\CCStudio_v3.3PLA\C2000\cgtools\bin\cl2000" -g -q -fr"C:/Users/admin/Desktop/c2000_noflash_201909031805_2/Debug" -d"_DEBUG" -d"LARGE_MODEL" -ml -v28 -@"Debug.lkf" "cfft32aq.asm"

[cfft32br2.asm] "C:\CCStudio_v3.3PLA\C2000\cgtools\bin\cl2000" -g -q -fr"C:/Users/admin/Desktop/c2000_noflash_201909031805_2/Debug" -d"_DEBUG" -d"LARGE_MODEL" -ml -v28 -@"Debug.lkf" "cfft32br2.asm"

[cfft32c.asm] "C:\CCStudio_v3.3PLA\C2000\cgtools\bin\cl2000" -g -q -fr"C:/Users/admin/Desktop/c2000_noflash_201909031805_2/Debug" -d"_DEBUG" -d"LARGE_MODEL" -ml -v28 -@"Debug.lkf" "cfft32c.asm"

[cfft32i.asm] "C:\CCStudio_v3.3PLA\C2000\cgtools\bin\cl2000" -g -q -fr"C:/Users/admin/Desktop/c2000_noflash_201909031805_2/Debug" -d"_DEBUG" -d"LARGE_MODEL" -ml -v28 -@"Debug.lkf" "cfft32i.asm"

[cfft32m.asm] "C:\CCStudio_v3.3PLA\C2000\cgtools\bin\cl2000" -g -q -fr"C:/Users/admin/Desktop/c2000_noflash_201909031805_2/Debug" -d"_DEBUG" -d"LARGE_MODEL" -ml -v28 -@"Debug.lkf" "cfft32m.asm"

[cfft32w.asm] "C:\CCStudio_v3.3PLA\C2000\cgtools\bin\cl2000" -g -q -fr"C:/Users/admin/Desktop/c2000_noflash_201909031805_2/Debug" -d"_DEBUG" -d"LARGE_MODEL" -ml -v28 -@"Debug.lkf" "cfft32w.asm"

[cfft32z.asm] "C:\CCStudio_v3.3PLA\C2000\cgtools\bin\cl2000" -g -q -fr"C:/Users/admin/Desktop/c2000_noflash_201909031805_2/Debug" -d"_DEBUG" -d"LARGE_MODEL" -ml -v28 -@"Debug.lkf" "cfft32z.asm"

[descriptors.c] "C:\CCStudio_v3.3PLA\C2000\cgtools\bin\cl2000" -g -q -fr"C:/Users/admin/Desktop/c2000_noflash_201909031805_2/Debug" -d"_DEBUG" -d"LARGE_MODEL" -ml -v28 -@"Debug.lkf" "descriptors.c"

[DSP281x_Adc.c] "C:\CCStudio_v3.3PLA\C2000\cgtools\bin\cl2000" -g -q -fr"C:/Users/admin/Desktop/c2000_noflash_201909031805_2/Debug" -d"_DEBUG" -d"LARGE_MODEL" -ml -v28 -@"Debug.lkf" "DSP281x_Adc.c"

[DSP281x_CpuTimers.c] "C:\CCStudio_v3.3PLA\C2000\cgtools\bin\cl2000" -g -q -fr"C:/Users/admin/Desktop/c2000_noflash_201909031805_2/Debug" -d"_DEBUG" -d"LARGE_MODEL" -ml -v28 -@"Debug.lkf" "DSP281x_CpuTimers.c"

[DSP281x_DefaultIsr.c] "C:\CCStudio_v3.3PLA\C2000\cgtools\bin\cl2000" -g -q -fr"C:/Users/admin/Desktop/c2000_noflash_201909031805_2/Debug" -d"_DEBUG" -d"LARGE_MODEL" -ml -v28 -@"Debug.lkf" "DSP281x_DefaultIsr.c"

[DSP281x_GlobalVariableDefs.c] "C:\CCStudio_v3.3PLA\C2000\cgtools\bin\cl2000" -g -q -fr"C:/Users/admin/Desktop/c2000_noflash_201909031805_2/Debug" -d"_DEBUG" -d"LARGE_MODEL" -ml -v28 -@"Debug.lkf" "DSP281x_GlobalVariableDefs.c"

[DSP281x_PieCtrl.c] "C:\CCStudio_v3.3PLA\C2000\cgtools\bin\cl2000" -g -q -fr"C:/Users/admin/Desktop/c2000_noflash_201909031805_2/Debug" -d"_DEBUG" -d"LARGE_MODEL" -ml -v28 -@"Debug.lkf" "DSP281x_PieCtrl.c"

[DSP281x_PieVect.c] "C:\CCStudio_v3.3PLA\C2000\cgtools\bin\cl2000" -g -q -fr"C:/Users/admin/Desktop/c2000_noflash_201909031805_2/Debug" -d"_DEBUG" -d"LARGE_MODEL" -ml -v28 -@"Debug.lkf" "DSP281x_PieVect.c"

[DSP281x_usDelay.asm] "C:\CCStudio_v3.3PLA\C2000\cgtools\bin\cl2000" -g -q -fr"C:/Users/admin/Desktop/c2000_noflash_201909031805_2/Debug" -d"_DEBUG" -d"LARGE_MODEL" -ml -v28 -@"Debug.lkf" "DSP281x_usDelay.asm"

[DSP28_CodeStartBranch.asm] "C:\CCStudio_v3.3PLA\C2000\cgtools\bin\cl2000" -g -q -fr"C:/Users/admin/Desktop/c2000_noflash_201909031805_2/Debug" -d"_DEBUG" -d"LARGE_MODEL" -ml -v28 -@"Debug.lkf" "DSP28_CodeStartBranch.asm"

[DSP28_Gpio.c] "C:\CCStudio_v3.3PLA\C2000\cgtools\bin\cl2000" -g -q -fr"C:/Users/admin/Desktop/c2000_noflash_201909031805_2/Debug" -d"_DEBUG" -d"LARGE_MODEL" -ml -v28 -@"Debug.lkf" "DSP28_Gpio.c"

[DSP28_InitPeripherals.c] "C:\CCStudio_v3.3PLA\C2000\cgtools\bin\cl2000" -g -q -fr"C:/Users/admin/Desktop/c2000_noflash_201909031805_2/Debug" -d"_DEBUG" -d"LARGE_MODEL" -ml -v28 -@"Debug.lkf" "DSP28_InitPeripherals.c"

[DSP28_Xintf.c] "C:\CCStudio_v3.3PLA\C2000\cgtools\bin\cl2000" -g -q -fr"C:/Users/admin/Desktop/c2000_noflash_201909031805_2/Debug" -d"_DEBUG" -d"LARGE_MODEL" -ml -v28 -@"Debug.lkf" "DSP28_Xintf.c"

[DSP28_XIntrupt.c] "C:\CCStudio_v3.3PLA\C2000\cgtools\bin\cl2000" -g -q -fr"C:/Users/admin/Desktop/c2000_noflash_201909031805_2/Debug" -d"_DEBUG" -d"LARGE_MODEL" -ml -v28 -@"Debug.lkf" "DSP28_XIntrupt.c"

[fir16.asm] "C:\CCStudio_v3.3PLA\C2000\cgtools\bin\cl2000" -g -q -fr"C:/Users/admin/Desktop/c2000_noflash_201909031805_2/Debug" -d"_DEBUG" -d"LARGE_MODEL" -ml -v28 -@"Debug.lkf" "fir16.asm"

[iir16.asm] "C:\CCStudio_v3.3PLA\C2000\cgtools\bin\cl2000" -g -q -fr"C:/Users/admin/Desktop/c2000_noflash_201909031805_2/Debug" -d"_DEBUG" -d"LARGE_MODEL" -ml -v28 -@"Debug.lkf" "iir16.asm"

[LCD.C] "C:\CCStudio_v3.3PLA\C2000\cgtools\bin\cl2000" -g -q -fr"C:/Users/admin/Desktop/c2000_noflash_201909031805_2/Debug" -d"_DEBUG" -d"LARGE_MODEL" -ml -v28 -@"Debug.lkf" "LCD.C"
"LCD.C", line 166: warning: variable "code_temp1" was declared but never referenced
"LCD.C", line 232: warning: variable "ii1" was declared but never referenced
"LCD.C", line 232: warning: variable "ii4" was set but never used

[sel_q.asm] "C:\CCStudio_v3.3PLA\C2000\cgtools\bin\cl2000" -g -q -fr"C:/Users/admin/Desktop/c2000_noflash_201909031805_2/Debug" -d"_DEBUG" -d"LARGE_MODEL" -ml -v28 -@"Debug.lkf" "sel_q.asm"

[Linking...] "C:\CCStudio_v3.3PLA\C2000\cgtools\bin\cl2000" -@"Debug.lkf"
<Linking>

Build Complete,
  0 Errors, 46 Warnings, 0 Remarks.
