\BOOKMARK [1][-]{section.1}{\376\377\145\160\133\127\126\376\120\317\131\004\164\006\176\277\140\047\130\236\137\072}{}% 1
\BOOKMARK [2][-]{subsection.1.1}{\376\377\133\236\232\214\166\356\166\204}{section.1}% 2
\BOOKMARK [2][-]{subsection.1.2}{\376\377\133\236\232\214\121\205\133\271}{section.1}% 3
\BOOKMARK [2][-]{subsection.1.3}{\376\377\133\236\232\214\217\307\172\013}{section.1}% 4
\BOOKMARK [2][-]{subsection.1.4}{\376\377\133\236\232\214\116\343\170\001}{section.1}% 5
\BOOKMARK [2][-]{subsection.1.5}{\376\377\133\236\232\214\176\323\147\234}{section.1}% 6
\BOOKMARK [2][-]{subsection.1.6}{\376\377\133\236\232\214\122\006\147\220}{section.1}% 7
\BOOKMARK [1][-]{section.2}{\376\377\145\160\133\127\126\376\120\317\131\004\164\006\116\055\120\074\156\344\154\342}{}% 8
\BOOKMARK [2][-]{subsection.2.1}{\376\377\133\236\232\214\166\356\166\204}{section.2}% 9
\BOOKMARK [2][-]{subsection.2.2}{\376\377\133\236\232\214\121\205\133\271}{section.2}% 10
\BOOKMARK [2][-]{subsection.2.3}{\376\377\133\236\232\214\123\237\164\006}{section.2}% 11
\BOOKMARK [2][-]{subsection.2.4}{\376\377\133\236\232\214\153\145\232\244}{section.2}% 12
\BOOKMARK [2][-]{subsection.2.5}{\376\377\133\236\232\214\116\343\170\001\123\312\211\343\221\312}{section.2}% 13
\BOOKMARK [2][-]{subsection.2.6}{\376\377\133\236\232\214\176\323\147\234}{section.2}% 14
\BOOKMARK [2][-]{subsection.2.7}{\376\377\133\236\232\214\122\006\147\220}{section.2}% 15
\BOOKMARK [1][-]{section.3}{\376\377\145\160\133\127\126\376\120\317\166\364\145\271\126\376\127\107\210\141\123\026\131\004\164\006}{}% 16
\BOOKMARK [2][-]{subsection.3.1}{\376\377\133\236\232\214\166\356\166\204}{section.3}% 17
\BOOKMARK [2][-]{subsection.3.2}{\376\377\133\236\232\214\121\205\133\271}{section.3}% 18
\BOOKMARK [2][-]{subsection.3.3}{\376\377\133\236\232\214\123\237\164\006}{section.3}% 19
\BOOKMARK [2][-]{subsection.3.4}{\376\377\133\236\232\214\153\145\232\244}{section.3}% 20
\BOOKMARK [2][-]{subsection.3.5}{\376\377\133\236\232\214\116\343\170\001}{section.3}% 21
\BOOKMARK [2][-]{subsection.3.6}{\376\377\133\236\232\214\176\323\147\234}{section.3}% 22
\BOOKMARK [2][-]{subsection.3.7}{\376\377\133\236\232\214\122\006\147\220}{section.3}% 23
\BOOKMARK [1][-]{section.4}{\376\377\145\160\133\127\126\376\120\317\131\004\164\006\172\172\225\364\136\163\156\321}{}% 24
\BOOKMARK [2][-]{subsection.4.1}{\376\377\133\236\232\214\166\356\166\204}{section.4}% 25
\BOOKMARK [2][-]{subsection.4.2}{\376\377\133\236\232\214\121\205\133\271}{section.4}% 26
\BOOKMARK [2][-]{subsection.4.3}{\376\377\133\236\232\214\153\145\232\244}{section.4}% 27
\BOOKMARK [2][-]{subsection.4.4}{\376\377\133\236\232\214\123\237\164\006}{section.4}% 28
\BOOKMARK [2][-]{subsection.4.5}{\376\377\133\236\232\214\172\013\136\217}{section.4}% 29
\BOOKMARK [2][-]{subsection.4.6}{\376\377\133\236\232\214\176\323\147\234}{section.4}% 30
\BOOKMARK [1][-]{figure.caption.11}{\376\377\122\006\135\345\140\305\121\265}{}% 31
