\BOOKMARK [1][-]{section.1}{\376\377\213\276\213\241\166\356\166\204}{}% 1
\BOOKMARK [1][-]{section.2}{\376\377\213\276\213\241\211\201\154\102}{}% 2
\BOOKMARK [2][-]{subsection.2.1}{\376\377\127\372\147\054\211\201\154\102}{section.2}% 3
\BOOKMARK [2][-]{subsection.2.2}{\376\377\143\320\232\330\211\201\154\102}{section.2}% 4
\BOOKMARK [1][-]{section.3}{\376\377\213\276\213\241\121\205\133\271\116\016\153\145\232\244}{}% 5
\BOOKMARK [2][-]{subsection.3.1}{\376\377\116\247\165\037\137\303\165\065\117\341\123\367}{section.3}% 6
\BOOKMARK [2][-]{subsection.3.2}{\376\377\217\336\143\245\171\072\154\342\126\150}{section.3}% 7
\BOOKMARK [2][-]{subsection.3.3}{\376\377\150\071\143\156\155\262\146\166\146\076\171\072\134\117\146\076\171\072\166\204\143\320\171\072\117\341\140\157\217\333\210\114\144\315\117\134}{section.3}% 8
\BOOKMARK [1][-]{section.4}{\376\377\213\276\213\241\123\237\164\006}{}% 9
\BOOKMARK [2][-]{subsection.4.1}{\376\377\137\303\165\065\117\341\123\367\166\204\122\006\147\220\123\302\161\147\150\007\121\306}{section.4}% 10
\BOOKMARK [2][-]{subsection.4.2}{\376\377\000M\000A\000T\000L\000A\000B\145\160\143\156\131\004\164\006\123\237\164\006}{section.4}% 11
\BOOKMARK [2][-]{subsection.4.3}{\376\377\170\154\116\366\123\237\164\006}{section.4}% 12
\BOOKMARK [1][-]{section.5}{\376\377\217\157\116\366\213\276\213\241}{}% 13
\BOOKMARK [2][-]{subsection.5.1}{\376\377\156\220\116\343\170\001\122\006\147\220}{section.5}% 14
\BOOKMARK [2][-]{subsection.5.2}{\376\377\117\341\123\367\131\004\164\006}{section.5}% 15
\BOOKMARK [3][-]{subsubsection.5.2.1}{\376\377\123\302\145\160\213\241\173\227}{subsection.5.2}% 16
\BOOKMARK [3][-]{subsubsection.5.2.2}{\376\377\145\160\143\156\146\076\171\072}{subsection.5.2}% 17
\BOOKMARK [2][-]{subsection.5.3}{\376\377\116\343\170\001\133\236\163\260}{section.5}% 18
\BOOKMARK [3][-]{subsubsection.5.3.1}{\376\377\127\372\116\216\145\160\143\156\133\130\120\250\166\204\116\343\170\001\133\236\163\260}{subsection.5.3}% 19
\BOOKMARK [3][-]{subsubsection.5.3.2}{\376\377\127\372\116\216\133\236\145\366\131\004\164\006\166\204\116\343\170\001\133\236\163\260}{subsection.5.3}% 20
\BOOKMARK [1][-]{section.6}{\376\377\133\236\232\214\176\323\147\234}{}% 21
\BOOKMARK [2][-]{subsection.6.1}{\376\377\127\372\116\216\145\160\143\156\133\130\120\250\166\204\116\343\170\001\166\204\176\323\147\234}{section.6}% 22
\BOOKMARK [2][-]{subsection.6.2}{\376\377\127\372\116\216\133\236\145\366\131\004\164\006\166\204\116\343\170\001\166\204\176\323\147\234}{section.6}% 23
\BOOKMARK [2][-]{subsection.6.3}{\376\377\000m\000a\000t\000l\000a\000b\131\004\164\006\166\204\176\323\147\234}{section.6}% 24
\BOOKMARK [2][-]{subsection.6.4}{\376\377\145\071\217\333\166\204\145\271\124\021}{section.6}% 25
\BOOKMARK [1][-]{section.7}{\376\377\133\236\232\214\141\037\140\363\116\016\117\123\117\032}{}% 26
\BOOKMARK [1][-]{section.8}{\376\377\226\104\137\125\000:\000m\000a\000t\000l\000a\000b\116\343\170\001}{}% 27
