\BOOKMARK [1][-]{section.1}{\376\377\153\143\116\244\166\370\136\162\150\300\154\342\126\150}{}% 1
\BOOKMARK [2][-]{subsection.1.1}{\376\377\133\236\232\214\166\356\166\204}{section.1}% 2
\BOOKMARK [2][-]{subsection.1.2}{\376\377\133\236\232\214\116\352\126\150}{section.1}% 3
\BOOKMARK [2][-]{subsection.1.3}{\376\377\133\236\232\214\123\237\164\006}{section.1}% 4
\BOOKMARK [2][-]{subsection.1.4}{\376\377\133\236\232\214\153\145\232\244}{section.1}% 5
\BOOKMARK [2][-]{subsection.1.5}{\376\377\133\236\232\214\176\323\147\234}{section.1}% 6
\BOOKMARK [3][-]{subsubsection.1.5.1}{\376\377\154\342\137\142\213\260\137\125}{subsection.1.5}% 7
\BOOKMARK [3][-]{subsubsection.1.5.2}{\376\377\136\105\136\246\136\163\210\141\116\016\166\370\117\115\136\163\210\141}{subsection.1.5}% 8
\BOOKMARK [3][-]{subsubsection.1.5.3}{\376\377\116\055\230\221\147\054\143\057\136\105\166\370\116\015\136\163\210\141\136\246}{subsection.1.5}% 9
\BOOKMARK [2][-]{subsection.1.6}{\376\377\140\035\200\003\230\230\211\343\173\124}{section.1}% 10
\BOOKMARK [1][-]{section.2}{\376\377\123\071\221\115\156\344\154\342\126\150}{}% 11
\BOOKMARK [2][-]{subsection.2.1}{\376\377\133\236\232\214\166\356\166\204}{section.2}% 12
\BOOKMARK [2][-]{subsection.2.2}{\376\377\133\236\232\214\116\352\126\150}{section.2}% 13
\BOOKMARK [2][-]{subsection.2.3}{\376\377\133\236\232\214\123\237\164\006}{section.2}% 14
\BOOKMARK [2][-]{subsection.2.4}{\376\377\133\236\232\214\153\145\232\244}{section.2}% 15
\BOOKMARK [2][-]{subsection.2.5}{\376\377\133\236\232\214\176\323\147\234}{section.2}% 16
\BOOKMARK [2][-]{subsection.2.6}{\376\377\140\035\200\003\230\230\211\343\173\124}{section.2}% 17
\BOOKMARK [1][-]{section.3}{\376\377\122\250\166\356\150\007\150\300\155\113\123\312\166\370\123\302\171\357\175\057}{}% 18
\BOOKMARK [2][-]{subsection.3.1}{\376\377\133\236\232\214\166\356\166\204}{section.3}% 19
\BOOKMARK [2][-]{subsection.3.2}{\376\377\133\236\232\214\116\352\126\150}{section.3}% 20
\BOOKMARK [2][-]{subsection.3.3}{\376\377\133\236\232\214\123\237\164\006}{section.3}% 21
\BOOKMARK [2][-]{subsection.3.4}{\376\377\133\236\232\214\153\145\232\244}{section.3}% 22
\BOOKMARK [2][-]{subsection.3.5}{\376\377\133\236\232\214\176\323\147\234}{section.3}% 23
\BOOKMARK [2][-]{subsection.3.6}{\376\377\140\035\200\003\230\230\211\343\173\124}{section.3}% 24
\BOOKMARK [1][-]{Item.35}{\376\377\122\051\165\050\000M\000A\000T\000L\000A\000B\131\015\163\260\145\160\143\156\154\342\137\142}{}% 25
\BOOKMARK [2][-]{section*.14}{\376\377\131\015\163\260\123\237\164\006}{Item.35}% 26
\BOOKMARK [2][-]{section*.14}{\376\377\000M\000A\000T\000L\000A\000B\116\343\170\001}{Item.35}% 27
\BOOKMARK [2][-]{lstnumber.-1.16}{\376\377\220\350\122\006\131\015\163\260\145\160\143\156\116\016\171\072\154\342\126\150\126\376\162\107\133\371\153\324}{Item.35}% 28
