\BOOKMARK [1][-]{section.1}{\376\377\213\276\213\241\211\201\154\102\213\364\146\016}{}% 1
\BOOKMARK [2][-]{subsection.1.1}{\376\377\213\276\213\241\127\372\147\054\211\201\154\102}{section.1}% 2
\BOOKMARK [2][-]{subsection.1.2}{\376\377\213\276\213\241\143\320\232\330\220\350\122\006\211\201\154\102}{section.1}% 3
\BOOKMARK [1][-]{section.2}{\376\377\145\271\150\110\213\272\213\301\377\010\145\164\117\123\165\065\215\357\166\204\135\345\117\134\123\237\164\006\377\011}{}% 4
\BOOKMARK [1][-]{section.3}{\376\377\124\004\133\120\152\041\127\127\213\276\213\241\123\237\164\006}{}% 5
\BOOKMARK [2][-]{subsection.3.1}{\376\377\122\006\230\221\152\041\127\127}{section.3}% 6
\BOOKMARK [3][-]{subsubsection.3.1.1}{\376\377\0002\122\006\230\221}{subsection.3.1}% 7
\BOOKMARK [3][-]{subsubsection.3.1.2}{\376\377\0004\122\006\230\221}{subsection.3.1}% 8
\BOOKMARK [3][-]{subsubsection.3.1.3}{\376\377\0001\0000\122\006\230\221}{subsection.3.1}% 9
\BOOKMARK [3][-]{subsubsection.3.1.4}{\376\377\0001\0002\122\006\230\221}{subsection.3.1}% 10
\BOOKMARK [3][-]{subsubsection.3.1.5}{\376\377\0001\0000\0000\0000\122\006\230\221}{subsection.3.1}% 11
\BOOKMARK [3][-]{subsubsection.3.1.6}{\376\377\122\006\230\221\152\041\127\127}{subsection.3.1}% 12
\BOOKMARK [2][-]{subsection.3.2}{\376\377\140\073\213\241\145\366\152\041\127\127}{section.3}% 13
\BOOKMARK [3][-]{subsubsection.3.2.1}{\376\377\165\061\152\041\0007\060\001\152\041\0002\0004\060\001\152\041\0006\0000\152\041\127\127\176\304\142\020\166\204\127\372\147\054\213\241\145\366\152\041\127\127}{subsection.3.2}% 14
\BOOKMARK [3][-]{subsubsection.3.2.2}{\376\377\150\041\145\366\152\041\127\127}{subsection.3.2}% 15
\BOOKMARK [3][-]{subsubsection.3.2.3}{\376\377\156\005\226\366\060\001\117\335\143\001\152\041\127\127}{subsection.3.2}% 16
\BOOKMARK [3][-]{subsubsection.3.2.4}{\376\377\155\210\230\244\152\041\127\127}{subsection.3.2}% 17
\BOOKMARK [3][-]{subsubsection.3.2.5}{\376\377\142\245\145\366\152\041\127\127}{subsection.3.2}% 18
\BOOKMARK [3][-]{subsubsection.3.2.6}{\376\377\140\073\213\241\145\366\152\041\127\127}{subsection.3.2}% 19
\BOOKMARK [2][-]{subsection.3.3}{\376\377\227\363\116\120\152\041\127\127}{section.3}% 20
\BOOKMARK [3][-]{subsubsection.3.3.1}{\376\377\227\363\173\046\166\204\116\247\165\037}{subsection.3.3}% 21
\BOOKMARK [3][-]{subsubsection.3.3.2}{\376\377\227\363\116\120\152\041\127\127}{subsection.3.3}% 22
\BOOKMARK [2][-]{subsection.3.4}{\376\377\146\076\171\072\152\041\127\127}{section.3}% 23
\BOOKMARK [3][-]{subsubsection.3.4.1}{\376\377\152\041\0008\213\241\145\160\126\150}{subsection.3.4}% 24
\BOOKMARK [3][-]{subsubsection.3.4.2}{\376\377\121\153\220\011\116\000}{subsection.3.4}% 25
\BOOKMARK [3][-]{subsubsection.3.4.3}{\376\377\0003\176\277\000-\0008\176\277\213\321\170\001\126\150}{subsection.3.4}% 26
\BOOKMARK [3][-]{subsubsection.3.4.4}{\376\377\116\003\153\265\213\321\170\001\126\150}{subsection.3.4}% 27
\BOOKMARK [3][-]{subsubsection.3.4.5}{\376\377\146\076\171\072\152\041\127\127}{subsection.3.4}% 28
\BOOKMARK [2][-]{subsection.3.5}{\376\377\116\007\136\164\123\206\152\041\127\127}{section.3}% 29
\BOOKMARK [3][-]{subsubsection.3.5.1}{\376\377\145\345\213\241\145\160}{subsection.3.5}% 30
\BOOKMARK [3][-]{subsubsection.3.5.2}{\376\377\147\010\213\241\145\160}{subsection.3.5}% 31
\BOOKMARK [3][-]{subsubsection.3.5.3}{\376\377\136\164\213\241\145\160}{subsection.3.5}% 32
\BOOKMARK [3][-]{subsubsection.3.5.4}{\376\377\145\345\217\333\122\066\122\044\145\255\117\341\123\367\000j\000u\000d\000g\000e}{subsection.3.5}% 33
\BOOKMARK [3][-]{subsubsection.3.5.5}{\376\377\116\007\136\164\123\206\152\041\127\127}{subsection.3.5}% 34
\BOOKMARK [1][-]{section.4}{\376\377\131\032\122\237\200\375\145\160\133\127\145\366\224\237\140\073\165\065\215\357}{}% 35
\BOOKMARK [1][-]{section.5}{\376\377\214\003\213\325\060\001\116\377\167\037\060\001\177\026\172\013\116\013\217\175}{}% 36
\BOOKMARK [1][-]{section.6}{\376\377\000\040\176\323\213\272}{}% 37
\BOOKMARK [1][-]{section.7}{\376\377\133\236\232\214\141\037\140\363}{}% 38
\BOOKMARK [2][-]{subsection.7.1}{\376\377\133\236\232\214\217\307\172\013\116\055\220\107\122\060\166\204\225\356\230\230\123\312\211\343\121\263\225\356\230\230\166\204\145\271\154\325}{section.7}% 39
\BOOKMARK [2][-]{subsection.7.2}{\376\377\133\236\232\214\166\204\145\066\203\267\116\016\141\037\123\327}{section.7}% 40
\BOOKMARK [2][-]{subsection.7.3}{\376\377\147\037\147\033\123\312\211\201\154\102}{section.7}% 41
\BOOKMARK [1][-]{subsection.7.3}{\376\377\123\302\200\003\145\207\163\056}{}% 42
