\BOOKMARK [1][-]{section.1}{\376\377\225\356\230\230\221\315\217\360}{}% 1
\BOOKMARK [2][-]{subsection.1.1}{\376\377\225\356\230\230\200\314\146\157}{section.1}% 2
\BOOKMARK [2][-]{subsection.1.2}{\376\377\227\000\211\201\211\343\121\263\166\204\225\356\230\230}{section.1}% 3
\BOOKMARK [1][-]{section.2}{\376\377\152\041\127\213\120\107\213\276}{}% 4
\BOOKMARK [1][-]{section.3}{\376\377\173\046\123\367\213\364\146\016}{}% 5
\BOOKMARK [1][-]{section.4}{\376\377\225\356\230\230\122\006\147\220}{}% 6
\BOOKMARK [2][-]{subsection.4.1}{\376\377\225\356\230\230\166\204\221\315\211\201\140\047\122\006\147\220}{section.4}% 7
\BOOKMARK [2][-]{subsection.4.2}{\376\377\166\370\121\163\145\207\163\056\176\374\217\360}{section.4}% 8
\BOOKMARK [2][-]{subsection.4.3}{\376\377\225\356\230\230\166\204\140\035\215\357\122\006\147\220}{section.4}% 9
\BOOKMARK [1][-]{section.5}{\376\377\152\041\127\213\166\204\136\372\172\313\116\016\154\102\211\343}{}% 10
\BOOKMARK [2][-]{subsection.5.1}{\376\377\225\356\230\230\116\000}{section.5}% 11
\BOOKMARK [3][-]{subsubsection.5.1.1}{\376\377\156\070\211\310\215\357\176\277\213\276\213\241\116\113\215\357\172\013\147\000\167\355\377\010\152\041\127\213\116\000\377\011\166\204\136\372\172\313}{subsection.5.1}% 12
\BOOKMARK [3][-]{subsubsection.5.1.2}{\376\377\156\070\211\310\215\357\176\277\213\276\213\241\116\113\215\357\172\013\147\000\167\355\377\010\152\041\127\213\116\000\377\011\166\204\154\102\211\343}{subsection.5.1}% 13
\BOOKMARK [2][-]{subsection.5.2}{\376\377\225\356\230\230\116\214}{section.5}% 14
\BOOKMARK [3][-]{subsubsection.5.2.1}{\376\377\156\070\211\310\215\357\176\277\213\276\213\241\116\113\156\070\211\310\145\366\225\364\147\000\225\177\377\010\152\041\127\213\116\214\377\011\166\204\121\306\131\007}{subsection.5.2}% 15
\BOOKMARK [3][-]{subsubsection.5.2.2}{\376\377\156\070\211\310\215\357\176\277\213\276\213\241\116\113\156\070\211\310\145\366\225\364\147\000\225\177\377\010\152\041\127\213\116\214\377\011\166\204\136\372\172\313\116\016\154\102\211\343}{subsection.5.2}% 16
\BOOKMARK [2][-]{subsection.5.3}{\376\377\225\356\230\230\116\011}{section.5}% 17
\BOOKMARK [3][-]{subsubsection.5.3.1}{\376\377\156\070\211\310\215\357\176\277\213\276\213\241\116\113\156\070\211\310\145\366\225\364\147\000\225\177\377\010\152\041\127\213\116\011\377\011\166\204\121\306\131\007}{subsection.5.3}% 18
\BOOKMARK [3][-]{subsubsection.5.3.2}{\376\377\156\070\211\310\215\357\176\277\213\276\213\241\116\113\156\070\211\310\145\366\225\364\147\000\225\177\377\010\152\041\127\213\116\011\377\011\166\204\136\372\172\313\116\016\154\102\211\343}{subsection.5.3}% 19
\BOOKMARK [2][-]{subsection.5.4}{\376\377\225\356\230\230\126\333}{section.5}% 20
\BOOKMARK [3][-]{subsubsection.5.4.1}{\376\377\156\070\211\310\215\357\176\277\213\276\213\241\116\113\156\070\211\310\145\366\225\364\147\000\225\177\377\010\152\041\127\213\126\333\377\011\166\204\136\372\172\313}{subsection.5.4}% 21
\BOOKMARK [3][-]{subsubsection.5.4.2}{\376\377\156\070\211\310\215\357\176\277\213\276\213\241\116\113\156\070\211\310\145\366\225\364\147\000\225\177\377\010\152\041\127\213\126\333\377\011\166\204\154\102\211\343}{subsection.5.4}% 22
\BOOKMARK [2][-]{subsection.5.5}{\376\377\225\356\230\230\116\224}{section.5}% 23
\BOOKMARK [3][-]{subsubsection.5.5.1}{\376\377\156\070\211\310\215\357\176\277\213\276\213\241\116\113\116\015\124\014\145\366\225\364\121\372\123\321\166\204\156\070\211\310\145\366\225\364\147\000\225\177\377\010\152\041\127\213\116\224\000-\0001\377\011\166\204\136\372\172\313}{subsection.5.5}% 24
\BOOKMARK [3][-]{subsubsection.5.5.2}{\376\377\156\070\211\310\215\357\176\277\213\276\213\241\116\113\173\111\137\205\145\366\225\364\147\052\133\232\166\204\156\070\211\310\145\366\225\364\147\000\225\177\377\010\152\041\127\213\116\224\000-\0002\377\011\166\204\136\372\172\313}{subsection.5.5}% 25
\BOOKMARK [1][-]{section.6}{\376\377\152\041\127\213\150\300\232\214\116\016\122\006\147\220}{}% 26
\BOOKMARK [2][-]{subsection.6.1}{\376\377\120\107\213\276\166\204\124\010\164\006\140\047\122\006\147\220}{section.6}% 27
\BOOKMARK [2][-]{subsection.6.2}{\376\377\123\357\227\140\140\047\122\006\147\220\377\010\176\331\121\372\152\041\127\213\166\204\117\177\165\050\203\003\126\364\377\011}{section.6}% 28
\BOOKMARK [2][-]{subsection.6.3}{\376\377\152\041\127\213\166\204\124\010\164\006\140\047\122\006\147\220}{section.6}% 29
\BOOKMARK [1][-]{section.7}{\376\377\152\041\127\213\166\204\213\304\116\367\116\016\143\250\136\177}{}% 30
\BOOKMARK [2][-]{subsection.7.1}{\376\377\152\041\127\213\166\204\117\030\177\072\160\271\122\006\147\220}{section.7}% 31
\BOOKMARK [3][-]{subsubsection.7.1.1}{\376\377\152\041\127\213\166\204\117\030\160\271}{subsection.7.1}% 32
\BOOKMARK [3][-]{subsubsection.7.1.2}{\376\377\152\041\127\213\166\204\177\072\160\271}{subsection.7.1}% 33
\BOOKMARK [2][-]{subsection.7.2}{\376\377\152\041\127\213\166\204\117\030\123\026}{section.7}% 34
\BOOKMARK [2][-]{subsection.7.3}{\376\377\152\041\127\213\166\204\136\224\165\050\220\273\127\337\123\312\143\250\136\177}{section.7}% 35
\BOOKMARK [1][-]{section*.12}{\376\377\123\302\200\003\145\207\163\056}{}% 36
\BOOKMARK [1][-]{section*.13}{\376\377\226\104\137\125}{}% 37
\BOOKMARK [2][-]{section*.14}{\376\377\137\220\135\336\157\130\133\211\156\126\230\316\146\157\123\072\146\157\160\271\166\370\121\163\117\341\140\157}{section*.13}% 38
\BOOKMARK [2][-]{section*.17}{\376\377\000M\000a\000t\000l\000a\000b\152\041\127\213\156\220\116\343\170\001}{section*.13}% 39
\BOOKMARK [3][-]{section*.18}{\376\377\152\041\127\213\116\000\060\001\116\214}{section*.17}% 40
\BOOKMARK [3][-]{section*.19}{\376\377\152\041\127\213\116\011\060\001\126\333\060\001\116\224}{section*.17}% 41
