\BOOKMARK [1][-]{section.1}{\376\377\213\276\213\241\211\201\154\102\213\364\146\016}{}% 1
\BOOKMARK [2][-]{subsection.1.1}{\376\377\213\276\213\241\127\372\147\054\211\201\154\102}{section.1}% 2
\BOOKMARK [2][-]{subsection.1.2}{\376\377\213\276\213\241\143\320\232\330\220\350\122\006\211\201\154\102}{section.1}% 3
\BOOKMARK [1][-]{section.2}{\376\377\145\271\150\110\213\272\213\301\377\010\145\164\117\123\165\065\215\357\166\204\135\345\117\134\123\237\164\006\377\011}{}% 4
\BOOKMARK [2][-]{subsection.2.1}{\376\377\230\221\163\207\230\204\177\156\116\016\214\003\202\202\165\065\215\357}{section.2}% 5
\BOOKMARK [2][-]{subsection.2.2}{\376\377\175\057\122\240\126\150}{section.2}% 6
\BOOKMARK [2][-]{subsection.2.3}{\376\377\154\342\137\142\133\130\120\250\126\150}{section.2}% 7
\BOOKMARK [2][-]{subsection.2.4}{\376\377\000D\000/\000A\217\154\143\142\126\150}{section.2}% 8
\BOOKMARK [2][-]{subsection.2.5}{\376\377\117\116\220\032\156\344\154\342\126\150}{section.2}% 9
\BOOKMARK [1][-]{section.3}{\376\377\124\004\133\120\152\041\127\127\213\276\213\241\123\237\164\006}{}% 10
\BOOKMARK [2][-]{subsection.3.1}{\376\377\201\011\121\262\123\321\165\037\165\065\215\357}{section.3}% 11
\BOOKMARK [3][-]{subsubsection.3.1.1}{\376\377\000V\000H\000D\000L\122\006\230\221\123\237\164\006}{subsection.3.1}% 12
\BOOKMARK [3][-]{subsubsection.3.1.2}{\376\377\122\006\230\221\152\041\127\127}{subsection.3.1}% 13
\BOOKMARK [2][-]{subsection.3.2}{\376\377\230\221\163\207\133\127\060\001\166\370\117\115\133\127\116\247\165\037\165\065\215\357}{section.3}% 14
\BOOKMARK [3][-]{subsubsection.3.2.1}{\376\377\165\065\215\357\123\237\164\006}{subsection.3.2}% 15
\BOOKMARK [3][-]{subsubsection.3.2.2}{\376\377\152\041\0004\0000\152\041\127\127}{subsection.3.2}% 16
\BOOKMARK [2][-]{subsection.3.3}{\376\377\000B\000C\000D\170\001\217\154\116\214\217\333\122\066\165\065\215\357}{section.3}% 17
\BOOKMARK [3][-]{subsubsection.3.3.1}{\376\377\165\065\215\357\117\134\165\050}{subsection.3.3}% 18
\BOOKMARK [3][-]{subsubsection.3.3.2}{\376\377\000B\000C\000D\170\001\217\154\116\214\217\333\122\066\152\041\127\127}{subsection.3.3}% 19
\BOOKMARK [2][-]{subsection.3.4}{\376\377\175\057\122\240\126\150}{section.3}% 20
\BOOKMARK [3][-]{subsubsection.3.4.1}{\376\377\122\240\154\325\126\150\152\041\127\127}{subsection.3.4}% 21
\BOOKMARK [3][-]{subsubsection.3.4.2}{\376\377\133\304\133\130\126\150\152\041\127\127}{subsection.3.4}% 22
\BOOKMARK [2][-]{subsection.3.5}{\376\377\154\342\137\142\133\130\120\250\126\150\116\016\154\342\137\142\220\011\142\351\165\065\215\357}{section.3}% 23
\BOOKMARK [3][-]{subsubsection.3.5.1}{\376\377\154\342\137\142\145\207\116\366\166\204\165\037\142\020}{subsection.3.5}% 24
\BOOKMARK [3][-]{subsubsection.3.5.2}{\376\377\154\342\137\142\220\011\142\351\152\041\127\127}{subsection.3.5}% 25
\BOOKMARK [2][-]{subsection.3.6}{\376\377\155\210\230\244\165\065\215\357}{section.3}% 26
\BOOKMARK [3][-]{subsubsection.3.6.1}{\376\377\155\210\230\244\165\065\215\357\123\237\164\006}{subsection.3.6}% 27
\BOOKMARK [3][-]{subsubsection.3.6.2}{\376\377\155\210\230\244\152\041\127\127}{subsection.3.6}% 28
\BOOKMARK [2][-]{subsection.3.7}{\376\377\155\113\230\221\165\065\215\357}{section.3}% 29
\BOOKMARK [3][-]{subsubsection.3.7.1}{\376\377\155\113\230\221\123\237\164\006}{subsection.3.7}% 30
\BOOKMARK [3][-]{subsubsection.3.7.2}{\376\377\155\113\230\221\152\041\127\127}{subsection.3.7}% 31
\BOOKMARK [2][-]{subsection.3.8}{\376\377\213\321\170\001\146\076\171\072\165\065\215\357}{section.3}% 32
\BOOKMARK [3][-]{subsubsection.3.8.1}{\376\377\202\257\162\107\144\055\136\372\166\204\213\321\170\001\146\076\171\072\165\065\215\357\123\237\164\006}{subsection.3.8}% 33
\BOOKMARK [3][-]{subsubsection.3.8.2}{\376\377\213\321\170\001\146\076\171\072\152\041\127\127}{subsection.3.8}% 34
\BOOKMARK [2][-]{subsection.3.9}{\376\377\202\202\167\001\000R\000O\000M}{section.3}% 35
\BOOKMARK [3][-]{subsubsection.3.9.1}{\376\377\123\326\123\315\165\065\215\357}{subsection.3.9}% 36
\BOOKMARK [3][-]{subsubsection.3.9.2}{\376\377\202\202\167\001\000r\000o\000m\152\041\127\127}{subsection.3.9}% 37
\BOOKMARK [2][-]{subsection.3.10}{\376\377\000A\000M\214\003\122\066}{section.3}% 38
\BOOKMARK [3][-]{subsubsection.3.10.1}{\376\377\000A\000M\214\003\122\066\123\237\164\006}{subsection.3.10}% 39
\BOOKMARK [3][-]{subsubsection.3.10.2}{\376\377\000A\000M\152\041\127\127}{subsection.3.10}% 40
\BOOKMARK [1][-]{section.4}{\376\377\166\364\143\245\145\160\133\127\230\221\163\207\124\010\142\020\126\150\140\073\165\065\215\357}{}% 41
\BOOKMARK [1][-]{section.5}{\376\377\214\003\213\325\060\001\116\377\167\037\060\001\177\026\172\013\116\013\217\175}{}% 42
\BOOKMARK [1][-]{section.6}{\376\377\000\040\176\323\213\272}{}% 43
\BOOKMARK [1][-]{section.7}{\376\377\133\236\232\214\141\037\140\363}{}% 44
\BOOKMARK [2][-]{subsection.7.1}{\376\377\133\236\232\214\217\307\172\013\116\055\220\107\122\060\166\204\225\356\230\230\123\312\211\343\121\263\225\356\230\230\166\204\145\271\154\325}{section.7}% 45
\BOOKMARK [2][-]{subsection.7.2}{\376\377\133\236\232\214\166\204\145\066\203\267\116\016\141\037\123\327}{section.7}% 46
\BOOKMARK [2][-]{subsection.7.3}{\376\377\147\037\147\033\123\312\211\201\154\102}{section.7}% 47
\BOOKMARK [1][-]{subsection.7.3}{\376\377\123\302\200\003\145\207\163\056}{}% 48
