\BOOKMARK [1][-]{section.1}{\376\377\225\356\230\230\221\315\217\360}{}% 1
\BOOKMARK [2][-]{subsection.1.1}{\376\377\225\356\230\230\166\204\200\314\146\157}{section.1}% 2
\BOOKMARK [2][-]{subsection.1.2}{\376\377\227\000\211\201\211\343\121\263\166\204\225\356\230\230}{section.1}% 3
\BOOKMARK [1][-]{section.2}{\376\377\225\356\230\230\122\006\147\220}{}% 4
\BOOKMARK [2][-]{subsection.2.1}{\376\377\225\356\230\230\166\204\221\315\211\201\140\047\122\006\147\220}{section.2}% 5
\BOOKMARK [2][-]{subsection.2.2}{\376\377\145\207\163\056\176\374\217\360}{section.2}% 6
\BOOKMARK [2][-]{subsection.2.3}{\376\377\225\356\230\230\166\204\140\035\215\357\122\006\147\220}{section.2}% 7
\BOOKMARK [1][-]{section.3}{\376\377\225\356\230\230\120\107\213\276}{}% 8
\BOOKMARK [1][-]{section.4}{\376\377\173\046\123\367\213\364\146\016}{}% 9
\BOOKMARK [1][-]{section.5}{\376\377\152\041\127\213\166\204\136\372\172\313\123\312\154\102\211\343}{}% 10
\BOOKMARK [2][-]{subsection.5.1}{\376\377\152\041\127\213\116\000\377\032\127\372\116\216\217\355\116\343\140\035\140\363\166\204\202\060\202\107\216\262\220\177\152\041\127\213}{section.5}% 11
\BOOKMARK [2][-]{subsection.5.2}{\376\377\152\041\127\213\116\214\377\032\143\320\122\115\211\322\117\030\123\026\152\041\127\213}{section.5}% 12
\BOOKMARK [2][-]{subsection.5.3}{\376\377\152\041\127\213\116\011\377\032\200\003\206\121\202\060\202\107\211\304\220\177\145\271\150\110\166\204\137\256\122\006\140\035\140\363\143\320\122\115\211\322\117\030\123\026\152\041\127\213}{section.5}% 13
\BOOKMARK [2][-]{subsection.5.4}{\376\377\152\041\127\213\126\333\377\032\234\174\226\367\123\357\145\073\140\047\122\044\145\255\152\041\127\213}{section.5}% 14
\BOOKMARK [1][-]{section.6}{\376\377\152\041\127\213\166\204\122\006\147\220}{}% 15
\BOOKMARK [2][-]{subsection.6.1}{\376\377\120\107\213\276\166\204\124\010\164\006\140\047\122\006\147\220}{section.6}% 16
\BOOKMARK [2][-]{subsection.6.2}{\376\377\152\041\127\213\166\204\124\010\164\006\140\047\122\006\147\220}{section.6}% 17
\BOOKMARK [1][-]{section.7}{\376\377\152\041\127\213\166\204\213\304\116\367\116\016\117\030\123\026}{}% 18
\BOOKMARK [2][-]{subsection.7.1}{\376\377\152\041\127\213\166\204\117\030\160\271}{section.7}% 19
\BOOKMARK [2][-]{subsection.7.2}{\376\377\152\041\127\213\166\204\177\072\160\271}{section.7}% 20
\BOOKMARK [2][-]{subsection.7.3}{\376\377\152\041\127\213\166\204\117\030\123\026}{section.7}% 21
\BOOKMARK [1][-]{section.8}{\376\377\152\041\127\213\136\224\165\050\230\206\127\337\123\312\143\250\136\177}{}% 22
\BOOKMARK [1][-]{appendix.A}{\376\377\226\104\137\125}{}% 23
\BOOKMARK [2][-]{subsection.A.1}{\376\377\166\370\121\163\117\341\140\157\210\150\150\074}{appendix.A}% 24
\BOOKMARK [2][-]{subsection.A.2}{\376\377\000\040\000M\000A\000T\000L\000A\000B\172\013\136\217\116\343\170\001}{appendix.A}% 25
