\BOOKMARK [1][]{section.1}{Introduction}{}% 1
\BOOKMARK [2][]{subsection.1.1}{Background}{section.1}% 2
\BOOKMARK [2][]{subsection.1.2}{Restatement\040of\040the\040Problem}{section.1}% 3
\BOOKMARK [1][]{section.2}{Assumptions\040and\040Justifications}{}% 4
\BOOKMARK [1][]{section.3}{Symbol\040Description}{}% 5
\BOOKMARK [1][]{section.4}{Model\0401:Propagation\040Analysis\040and\040Prediction\040Model}{}% 6
\BOOKMARK [2][]{subsection.4.1}{Propagation\040Analysis\040Model\040based\040on\040SIR\040model}{section.4}% 7
\BOOKMARK [3][]{subsubsection.4.1.1}{Preparation\040of\040Analysis\040Model}{subsection.4.1}% 8
\BOOKMARK [3][]{subsubsection.4.1.2}{Establishment\040of\040Analysis\040Model}{subsection.4.1}% 9
\BOOKMARK [3][]{subsubsection.4.1.3}{Results\040of\040Analysis\040Model}{subsection.4.1}% 10
\BOOKMARK [2][]{subsection.4.2}{Prediction\040Model\040Combined\040with\040Entropy\040Method\040and\040ARIMA\040}{section.4}% 11
\BOOKMARK [3][]{subsubsection.4.2.1}{Establishment\040of\040Prediction\040Model}{subsection.4.2}% 12
\BOOKMARK [3][]{subsubsection.4.2.2}{Results\040of\040Prediction\040Model}{subsection.4.2}% 13
\BOOKMARK [1][]{section.5}{Model\0402:Weight\040Analysis\040Model}{}% 14
\BOOKMARK [2][]{subsection.5.1}{Preparation\040of\040Model\0402}{section.5}% 15
\BOOKMARK [2][]{subsection.5.2}{Establishment\040of\040Model\0402}{section.5}% 16
\BOOKMARK [2][]{subsection.5.3}{Results\040of\040Model\0402}{section.5}% 17
\BOOKMARK [1][]{section.6}{Solution\040to\040the\040Opioids\040Crisis}{}% 18
\BOOKMARK [2][]{subsection.6.1}{Some\040Solutions\040to\040the\040Opioids\040Crisis}{section.6}% 19
\BOOKMARK [2][]{subsection.6.2}{Program\040Feasibility\040Demonstration}{section.6}% 20
\BOOKMARK [1][]{section.7}{Validating\040the\040Model}{}% 21
\BOOKMARK [1][]{section.8}{Conclusions}{}% 22
\BOOKMARK [1][]{section.9}{Evaluate\040of\040the\040Mode}{}% 23
\BOOKMARK [2][]{subsection.9.1}{Strengths}{section.9}% 24
\BOOKMARK [2][]{subsection.9.2}{Weaknesses}{section.9}% 25
\BOOKMARK [1][]{section.10}{Memo}{}% 26
\BOOKMARK [1][]{section*.18}{References}{}% 27
\BOOKMARK [1][]{section*.19}{Appendices}{}% 28
\BOOKMARK [1][]{Appendix.a.A}{Appendix\040The\040Tables}{}% 29
\BOOKMARK [1][]{Appendix.a.B}{Appendix\040The\040Programmes}{}% 30
