Flow report for clock
Wed Dec 12 12:41:04 2018
Quartus II 64-Bit Version 9.1 Build 222 10/21/2009 SJ Full Version


---------------------
; Table of Contents ;
---------------------
  1. Legal Notice
  2. Flow Summary
  3. Flow Settings
  4. Flow Non-Default Global Settings
  5. Flow Elapsed Time
  6. Flow OS Summary
  7. Flow Log



----------------
; Legal Notice ;
----------------
Copyright (C) 1991-2009 Altera Corporation
Your use of Altera Corporation's design tools, logic functions 
and other software and tools, and its AMPP partner logic 
functions, and any output files from any of the foregoing 
(including device programming or simulation files), and any 
associated documentation or information are expressly subject 
to the terms and conditions of the Altera Program License 
Subscription Agreement, Altera MegaCore Function License 
Agreement, or other applicable license agreement, including, 
without limitation, that your use is for the sole purpose of 
programming logic devices manufactured by Altera and sold by 
Altera or its authorized distributors.  Please refer to the 
applicable agreement for further details.



+-------------------------------------------------------------------------------+
; Flow Summary                                                                  ;
+------------------------------------+------------------------------------------+
; Flow Status                        ; Successful - Wed Dec 12 12:40:55 2018    ;
; Quartus II 64-Bit Version          ; 9.1 Build 222 10/21/2009 SJ Full Version ;
; Revision Name                      ; clock                                    ;
; Top-level Entity Name              ; all                                      ;
; Family                             ; Cyclone III                              ;
; Device                             ; EP3C25F324C8                             ;
; Timing Models                      ; Final                                    ;
; Met timing requirements            ; N/A                                      ;
; Total logic elements               ; 293 / 24,624 ( 1 % )                     ;
;     Total combinational functions  ; 268 / 24,624 ( 1 % )                     ;
;     Dedicated logic registers      ; 127 / 24,624 ( < 1 % )                   ;
; Total registers                    ; 127                                      ;
; Total pins                         ; 25 / 216 ( 12 % )                        ;
; Total virtual pins                 ; 0                                        ;
; Total memory bits                  ; 0 / 608,256 ( 0 % )                      ;
; Embedded Multiplier 9-bit elements ; 0 / 132 ( 0 % )                          ;
; Total PLLs                         ; 0 / 4 ( 0 % )                            ;
+------------------------------------+------------------------------------------+


+-----------------------------------------+
; Flow Settings                           ;
+-------------------+---------------------+
; Option            ; Setting             ;
+-------------------+---------------------+
; Start date & time ; 12/12/2018 12:39:11 ;
; Main task         ; Compilation         ;
; Revision Name     ; clock               ;
+-------------------+---------------------+


+----------------------------------------------------------------------------------------------------------------------------+
; Flow Non-Default Global Settings                                                                                           ;
+------------------------------------+----------------------------------------+---------------+-------------+----------------+
; Assignment Name                    ; Value                                  ; Default Value ; Entity Name ; Section Id     ;
+------------------------------------+----------------------------------------+---------------+-------------+----------------+
; COMPILER_SIGNATURE_ID              ; 184849027994272.154458955014756        ; --            ; --          ; --             ;
; IP_TOOL_NAME                       ; LPM_MUX                                ; --            ; --          ; --             ;
; IP_TOOL_VERSION                    ; 9.1                                    ; --            ; --          ; --             ;
; MAX_CORE_JUNCTION_TEMP             ; 85                                     ; --            ; --          ; --             ;
; MIN_CORE_JUNCTION_TEMP             ; 0                                      ; --            ; --          ; --             ;
; MISC_FILE                          ; E:/baogao/EDAII DGDZ/project/clock.dpf ; --            ; --          ; --             ;
; MISC_FILE                          ; lpm_mux1.bsf                           ; --            ; --          ; --             ;
; MISC_FILE                          ; lpm_mux1.cmp                           ; --            ; --          ; --             ;
; NOMINAL_CORE_SUPPLY_VOLTAGE        ; 1.2V                                   ; --            ; --          ; --             ;
; PARTITION_COLOR                    ; 16764057                               ; --            ; all         ; Top            ;
; PARTITION_NETLIST_TYPE             ; SOURCE                                 ; --            ; all         ; Top            ;
; TOP_LEVEL_ENTITY                   ; all                                    ; clock         ; --          ; --             ;
; USE_GENERATED_PHYSICAL_CONSTRAINTS ; Off                                    ; --            ; --          ; eda_blast_fpga ;
+------------------------------------+----------------------------------------+---------------+-------------+----------------+


+-------------------------------------------------------------------------------------------------------------------------------+
; Flow Elapsed Time                                                                                                             ;
+---------------------------+--------------+-------------------------+---------------------+------------------------------------+
; Module Name               ; Elapsed Time ; Average Processors Used ; Peak Virtual Memory ; Total CPU Time (on all processors) ;
+---------------------------+--------------+-------------------------+---------------------+------------------------------------+
; Analysis & Synthesis      ; 00:00:06     ; 1.0                     ; 4486 MB             ; 00:00:06                           ;
; Fitter                    ; 00:01:08     ; 1.1                     ; 4589 MB             ; 00:00:12                           ;
; TimeQuest Timing Analyzer ; 00:00:15     ; 1.0                     ; 4485 MB             ; 00:00:07                           ;
; Assembler                 ; 00:00:08     ; 1.0                     ; 4446 MB             ; 00:00:02                           ;
; Total                     ; 00:01:29     ; --                      ; --                  ; 00:00:25                           ;
+---------------------------+--------------+-------------------------+---------------------+------------------------------------+


+--------------------------------------------------------------------------------------------+
; Flow OS Summary                                                                            ;
+---------------------------+------------------+---------------+------------+----------------+
; Module Name               ; Machine Hostname ; OS Name       ; OS Version ; Processor type ;
+---------------------------+------------------+---------------+------------+----------------+
; Analysis & Synthesis      ; LAPTOP-2VF6B982  ; Windows Vista ; 6.2        ; x86_64         ;
; Fitter                    ; LAPTOP-2VF6B982  ; Windows Vista ; 6.2        ; x86_64         ;
; Assembler                 ; LAPTOP-2VF6B982  ; Windows Vista ; 6.2        ; x86_64         ;
; TimeQuest Timing Analyzer ; LAPTOP-2VF6B982  ; Windows Vista ; 6.2        ; x86_64         ;
+---------------------------+------------------+---------------+------------+----------------+


------------
; Flow Log ;
------------
quartus_map --read_settings_files=on --write_settings_files=off clock -c clock
quartus_fit --read_settings_files=off --write_settings_files=off clock -c clock
quartus_asm --read_settings_files=off --write_settings_files=off clock -c clock
quartus_sta clock -c clock



