Flow report for DDFS
Wed Dec 12 16:51:03 2018
Quartus II 64-Bit Version 9.1 Build 222 10/21/2009 SJ Full Version


---------------------
; Table of Contents ;
---------------------
  1. Legal Notice
  2. Flow Summary
  3. Flow Settings
  4. Flow Non-Default Global Settings
  5. Flow Elapsed Time
  6. Flow OS Summary
  7. Flow Log



----------------
; Legal Notice ;
----------------
Copyright (C) 1991-2009 Altera Corporation
Your use of Altera Corporation's design tools, logic functions 
and other software and tools, and its AMPP partner logic 
functions, and any output files from any of the foregoing 
(including device programming or simulation files), and any 
associated documentation or information are expressly subject 
to the terms and conditions of the Altera Program License 
Subscription Agreement, Altera MegaCore Function License 
Agreement, or other applicable license agreement, including, 
without limitation, that your use is for the sole purpose of 
programming logic devices manufactured by Altera and sold by 
Altera or its authorized distributors.  Please refer to the 
applicable agreement for further details.



+-------------------------------------------------------------------------------+
; Flow Summary                                                                  ;
+------------------------------------+------------------------------------------+
; Flow Status                        ; Successful - Wed Dec 12 16:51:00 2018    ;
; Quartus II 64-Bit Version          ; 9.1 Build 222 10/21/2009 SJ Full Version ;
; Revision Name                      ; DDFS                                     ;
; Top-level Entity Name              ; circuite                                 ;
; Family                             ; Cyclone III                              ;
; Device                             ; EP3C25F324C8                             ;
; Timing Models                      ; Final                                    ;
; Met timing requirements            ; N/A                                      ;
; Total logic elements               ; 195 / 24,624 ( < 1 % )                   ;
;     Total combinational functions  ; 173 / 24,624 ( < 1 % )                   ;
;     Dedicated logic registers      ; 112 / 24,624 ( < 1 % )                   ;
; Total registers                    ; 112                                      ;
; Total pins                         ; 47 / 216 ( 22 % )                        ;
; Total virtual pins                 ; 0                                        ;
; Total memory bits                  ; 81,920 / 608,256 ( 13 % )                ;
; Embedded Multiplier 9-bit elements ; 2 / 132 ( 2 % )                          ;
; Total PLLs                         ; 0 / 4 ( 0 % )                            ;
+------------------------------------+------------------------------------------+


+-----------------------------------------+
; Flow Settings                           ;
+-------------------+---------------------+
; Option            ; Setting             ;
+-------------------+---------------------+
; Start date & time ; 12/12/2018 16:50:27 ;
; Main task         ; Compilation         ;
; Revision Name     ; DDFS                ;
+-------------------+---------------------+


+--------------------------------------------------------------------------------------------------------------------------+
; Flow Non-Default Global Settings                                                                                         ;
+------------------------------------+--------------------------------------+---------------+-------------+----------------+
; Assignment Name                    ; Value                                ; Default Value ; Entity Name ; Section Id     ;
+------------------------------------+--------------------------------------+---------------+-------------+----------------+
; COMPILER_SIGNATURE_ID              ; 184849027994272.154460462622568      ; --            ; --          ; --             ;
; IP_TOOL_NAME                       ; LPM_ROM                              ; --            ; --          ; --             ;
; IP_TOOL_NAME                       ; LPM_ROM                              ; --            ; --          ; --             ;
; IP_TOOL_NAME                       ; LPM_ROM                              ; --            ; --          ; --             ;
; IP_TOOL_NAME                       ; LPM_ADD_SUB                          ; --            ; --          ; --             ;
; IP_TOOL_NAME                       ; LPM_MULT                             ; --            ; --          ; --             ;
; IP_TOOL_NAME                       ; LPM_MULT                             ; --            ; --          ; --             ;
; IP_TOOL_NAME                       ; LPM_ADD_SUB                          ; --            ; --          ; --             ;
; IP_TOOL_NAME                       ; LPM_ROM                              ; --            ; --          ; --             ;
; IP_TOOL_NAME                       ; LPM_ROM                              ; --            ; --          ; --             ;
; IP_TOOL_NAME                       ; LPM_ROM                              ; --            ; --          ; --             ;
; IP_TOOL_NAME                       ; LPM_MUX                              ; --            ; --          ; --             ;
; IP_TOOL_NAME                       ; LPM_INV                              ; --            ; --          ; --             ;
; IP_TOOL_NAME                       ; LPM_ROM                              ; --            ; --          ; --             ;
; IP_TOOL_NAME                       ; LPM_MUX                              ; --            ; --          ; --             ;
; IP_TOOL_NAME                       ; LPM_MUX                              ; --            ; --          ; --             ;
; IP_TOOL_VERSION                    ; 9.1                                  ; --            ; --          ; --             ;
; IP_TOOL_VERSION                    ; 9.1                                  ; --            ; --          ; --             ;
; IP_TOOL_VERSION                    ; 9.1                                  ; --            ; --          ; --             ;
; IP_TOOL_VERSION                    ; 9.1                                  ; --            ; --          ; --             ;
; IP_TOOL_VERSION                    ; 9.1                                  ; --            ; --          ; --             ;
; IP_TOOL_VERSION                    ; 9.1                                  ; --            ; --          ; --             ;
; IP_TOOL_VERSION                    ; 9.1                                  ; --            ; --          ; --             ;
; IP_TOOL_VERSION                    ; 9.1                                  ; --            ; --          ; --             ;
; IP_TOOL_VERSION                    ; 9.1                                  ; --            ; --          ; --             ;
; IP_TOOL_VERSION                    ; 9.1                                  ; --            ; --          ; --             ;
; IP_TOOL_VERSION                    ; 9.1                                  ; --            ; --          ; --             ;
; IP_TOOL_VERSION                    ; 9.1                                  ; --            ; --          ; --             ;
; IP_TOOL_VERSION                    ; 9.1                                  ; --            ; --          ; --             ;
; IP_TOOL_VERSION                    ; 9.1                                  ; --            ; --          ; --             ;
; IP_TOOL_VERSION                    ; 9.1                                  ; --            ; --          ; --             ;
; MAX_CORE_JUNCTION_TEMP             ; 85                                   ; --            ; --          ; --             ;
; MIN_CORE_JUNCTION_TEMP             ; 0                                    ; --            ; --          ; --             ;
; MISC_FILE                          ; lpm_rom0.bsf                         ; --            ; --          ; --             ;
; MISC_FILE                          ; lpm_rom0.cmp                         ; --            ; --          ; --             ;
; MISC_FILE                          ; lpm_rom1.bsf                         ; --            ; --          ; --             ;
; MISC_FILE                          ; lpm_rom1.cmp                         ; --            ; --          ; --             ;
; MISC_FILE                          ; C:/Users/T460S/Desktop/DDFS/DDFS.dpf ; --            ; --          ; --             ;
; MISC_FILE                          ; E:/baogao/DDFS/DDFS/DDFS.dpf         ; --            ; --          ; --             ;
; MISC_FILE                          ; lpm_rom2.bsf                         ; --            ; --          ; --             ;
; MISC_FILE                          ; lpm_rom2.cmp                         ; --            ; --          ; --             ;
; MISC_FILE                          ; lpm_add_sub0.bsf                     ; --            ; --          ; --             ;
; MISC_FILE                          ; lpm_add_sub0.cmp                     ; --            ; --          ; --             ;
; MISC_FILE                          ; lpm_mult1.bsf                        ; --            ; --          ; --             ;
; MISC_FILE                          ; lpm_mult1.cmp                        ; --            ; --          ; --             ;
; MISC_FILE                          ; lpm_mult2.bsf                        ; --            ; --          ; --             ;
; MISC_FILE                          ; lpm_mult2.cmp                        ; --            ; --          ; --             ;
; MISC_FILE                          ; lpm_add_sub1.bsf                     ; --            ; --          ; --             ;
; MISC_FILE                          ; lpm_add_sub1.cmp                     ; --            ; --          ; --             ;
; MISC_FILE                          ; lpm_rom3.bsf                         ; --            ; --          ; --             ;
; MISC_FILE                          ; lpm_rom3.cmp                         ; --            ; --          ; --             ;
; MISC_FILE                          ; lpm_rom4.bsf                         ; --            ; --          ; --             ;
; MISC_FILE                          ; lpm_rom4.cmp                         ; --            ; --          ; --             ;
; MISC_FILE                          ; lpm_rom5.bsf                         ; --            ; --          ; --             ;
; MISC_FILE                          ; lpm_rom5.cmp                         ; --            ; --          ; --             ;
; MISC_FILE                          ; lpm_mux2.bsf                         ; --            ; --          ; --             ;
; MISC_FILE                          ; lpm_mux2.cmp                         ; --            ; --          ; --             ;
; MISC_FILE                          ; lpm_inv0.bsf                         ; --            ; --          ; --             ;
; MISC_FILE                          ; lpm_inv0.cmp                         ; --            ; --          ; --             ;
; MISC_FILE                          ; lpm_rom6.bsf                         ; --            ; --          ; --             ;
; MISC_FILE                          ; lpm_rom6.cmp                         ; --            ; --          ; --             ;
; MISC_FILE                          ; lpm_mux0.bsf                         ; --            ; --          ; --             ;
; MISC_FILE                          ; lpm_mux0.cmp                         ; --            ; --          ; --             ;
; MISC_FILE                          ; lpm_mux1.bsf                         ; --            ; --          ; --             ;
; MISC_FILE                          ; lpm_mux1.cmp                         ; --            ; --          ; --             ;
; NOMINAL_CORE_SUPPLY_VOLTAGE        ; 1.2V                                 ; --            ; --          ; --             ;
; PARTITION_COLOR                    ; 16764057                             ; --            ; circuite    ; Top            ;
; PARTITION_NETLIST_TYPE             ; SOURCE                               ; --            ; circuite    ; Top            ;
; TOP_LEVEL_ENTITY                   ; circuite                             ; DDFS          ; --          ; --             ;
; USE_GENERATED_PHYSICAL_CONSTRAINTS ; Off                                  ; --            ; --          ; eda_blast_fpga ;
+------------------------------------+--------------------------------------+---------------+-------------+----------------+


+-------------------------------------------------------------------------------------------------------------------------------+
; Flow Elapsed Time                                                                                                             ;
+---------------------------+--------------+-------------------------+---------------------+------------------------------------+
; Module Name               ; Elapsed Time ; Average Processors Used ; Peak Virtual Memory ; Total CPU Time (on all processors) ;
+---------------------------+--------------+-------------------------+---------------------+------------------------------------+
; Analysis & Synthesis      ; 00:00:15     ; 1.0                     ; 4503 MB             ; 00:00:10                           ;
; Fitter                    ; 00:00:08     ; 1.4                     ; 4589 MB             ; 00:00:10                           ;
; TimeQuest Timing Analyzer ; 00:00:05     ; 1.0                     ; 4483 MB             ; 00:00:04                           ;
; Assembler                 ; 00:00:03     ; 1.0                     ; 4447 MB             ; 00:00:02                           ;
; Total                     ; 00:00:28     ; --                      ; --                  ; 00:00:24                           ;
+---------------------------+--------------+-------------------------+---------------------+------------------------------------+


+--------------------------------------------------------------------------------------------+
; Flow OS Summary                                                                            ;
+---------------------------+------------------+---------------+------------+----------------+
; Module Name               ; Machine Hostname ; OS Name       ; OS Version ; Processor type ;
+---------------------------+------------------+---------------+------------+----------------+
; Analysis & Synthesis      ; LAPTOP-2VF6B982  ; Windows Vista ; 6.2        ; x86_64         ;
; Fitter                    ; LAPTOP-2VF6B982  ; Windows Vista ; 6.2        ; x86_64         ;
; Assembler                 ; LAPTOP-2VF6B982  ; Windows Vista ; 6.2        ; x86_64         ;
; TimeQuest Timing Analyzer ; LAPTOP-2VF6B982  ; Windows Vista ; 6.2        ; x86_64         ;
+---------------------------+------------------+---------------+------------+----------------+


------------
; Flow Log ;
------------
quartus_map --read_settings_files=on --write_settings_files=off DDFS -c DDFS
quartus_fit --read_settings_files=off --write_settings_files=off DDFS -c DDFS
quartus_asm --read_settings_files=off --write_settings_files=off DDFS -c DDFS
quartus_sta DDFS -c DDFS



