\BOOKMARK [1][-]{section.1}{\376\377\225\356\230\230\221\315\217\360}{}% 1
\BOOKMARK [2][-]{subsection.1.1}{\376\377\225\356\230\230\166\204\200\314\146\157}{section.1}% 2
\BOOKMARK [2][-]{subsection.1.2}{\376\377\227\000\211\201\211\343\121\263\166\204\225\356\230\230}{section.1}% 3
\BOOKMARK [1][-]{section.2}{\376\377\225\356\230\230\122\006\147\220}{}% 4
\BOOKMARK [2][-]{subsection.2.1}{\376\377\225\356\230\230\166\204\221\315\211\201\140\047\122\006\147\220}{section.2}% 5
\BOOKMARK [2][-]{subsection.2.2}{\376\377\145\207\163\056\176\374\217\360}{section.2}% 6
\BOOKMARK [2][-]{subsection.2.3}{\376\377\225\356\230\230\166\204\140\035\215\357\122\006\147\220}{section.2}% 7
\BOOKMARK [1][-]{section.3}{\376\377\225\356\230\230\120\107\213\276}{}% 8
\BOOKMARK [1][-]{section.4}{\376\377\173\046\123\367\213\364\146\016}{}% 9
\BOOKMARK [1][-]{section.5}{\376\377\152\041\127\213\166\204\136\372\172\313\123\312\154\102\211\343}{}% 10
\BOOKMARK [2][-]{subsection.5.1}{\376\377\152\041\127\213\116\000\377\032\127\372\116\216\131\032\230\171\137\017\126\336\137\122\166\204\122\051\155\246\147\000\131\047\123\026\152\041\127\213}{section.5}% 11
\BOOKMARK [3][-]{subsubsection.5.1.1}{\376\377\152\041\127\213\166\204\121\306\131\007}{subsection.5.1}% 12
\BOOKMARK [3][-]{subsubsection.5.1.2}{\376\377\152\041\127\213\166\204\136\372\172\313}{subsection.5.1}% 13
\BOOKMARK [3][-]{subsubsection.5.1.3}{\376\377\152\041\127\213\166\204\154\102\211\343}{subsection.5.1}% 14
\BOOKMARK [2][-]{subsection.5.2}{\376\377\152\041\127\213\116\214\377\032\200\003\206\121\215\055\116\160\116\272\177\244\166\204\173\241\164\006\117\030\123\026\152\041\127\213}{section.5}% 15
\BOOKMARK [3][-]{subsubsection.5.2.1}{\376\377\152\041\127\213\166\204\121\306\131\007}{subsection.5.2}% 16
\BOOKMARK [3][-]{subsubsection.5.2.2}{\376\377\152\041\127\213\166\204\136\372\172\313\116\016\154\102\211\343}{subsection.5.2}% 17
\BOOKMARK [1][-]{section.6}{\376\377\000N\000o\000k\000i\000a\000\040\0008\0001\0001\0000\231\231\205\111\147\072\121\150\227\142\213\304\117\060\142\245\124\112}{}% 18
\BOOKMARK [1][-]{section.7}{\376\377\152\041\127\213\122\006\147\220}{}% 19
\BOOKMARK [2][-]{subsection.7.1}{\376\377\120\107\213\276\166\204\124\010\164\006\140\047\122\006\147\220}{section.7}% 20
\BOOKMARK [2][-]{subsection.7.2}{\376\377\152\041\127\213\166\204\124\010\164\006\140\047\122\006\147\220}{section.7}% 21
\BOOKMARK [1][-]{section.8}{\376\377\152\041\127\213\166\204\213\304\116\367\116\016\117\030\123\026}{}% 22
\BOOKMARK [2][-]{subsection.8.1}{\376\377\152\041\127\213\166\204\117\030\160\271}{section.8}% 23
\BOOKMARK [2][-]{subsection.8.2}{\376\377\152\041\127\213\166\204\177\072\160\271}{section.8}% 24
\BOOKMARK [2][-]{subsection.8.3}{\376\377\152\041\127\213\166\204\117\030\123\026}{section.8}% 25
\BOOKMARK [1][-]{section.9}{\376\377\152\041\127\213\136\224\165\050\230\206\127\337\123\312\143\250\136\177}{}% 26
\BOOKMARK [1][-]{section.9}{\376\377\123\302\200\003\145\207\163\056}{}% 27
\BOOKMARK [1][-]{section.9}{\376\377\226\104\137\125}{}% 28
\BOOKMARK [2][-]{section*.17}{\376\377\000\040\000M\000A\000T\000L\000A\000B\172\013\136\217\116\343\170\001}{section.9}% 29
