\BOOKMARK [1][-]{section.1}{\376\377\116\377\167\037\211\201\154\102}{}% 1
\BOOKMARK [1][-]{section.2}{\376\377\176\277\140\047\214\003\230\221\117\341\123\367\377\010\000L\000F\000M\377\011\123\237\164\006}{}% 2
\BOOKMARK [2][-]{subsection.2.1}{\376\377\176\277\140\047\214\003\230\221\201\011\121\262\226\367\217\276}{section.2}% 3
\BOOKMARK [2][-]{subsection.2.2}{\376\377\176\277\140\047\214\003\230\221\117\341\123\367\377\010\000L\000F\000M\377\011}{section.2}% 4
\BOOKMARK [1][-]{section.3}{\376\377\123\125\166\356\150\007\145\366\166\204\116\377\167\037\140\305\121\265}{}% 5
\BOOKMARK [2][-]{subsection.3.1}{\376\377\000L\000F\000M\117\341\123\367}{section.3}% 6
\BOOKMARK [2][-]{subsection.3.2}{\376\377\201\352\166\370\121\163\121\375\145\160}{section.3}% 7
\BOOKMARK [3][-]{subsubsection.3.2.1}{\376\377\201\352\166\370\121\163\121\375\145\160\210\150\217\276\137\017\123\312\126\376\120\317}{subsection.3.2}% 8
\BOOKMARK [3][-]{subsubsection.3.2.2}{\376\377\201\352\166\370\121\163\121\375\145\160\166\370\121\163\123\302\145\160}{subsection.3.2}% 9
\BOOKMARK [3][-]{subsubsection.3.2.3}{\376\377\213\357\135\356\140\305\121\265\122\006\147\220}{subsection.3.2}% 10
\BOOKMARK [2][-]{subsection.3.3}{\376\377\126\336\154\342\117\341\123\367}{section.3}% 11
\BOOKMARK [2][-]{subsection.3.4}{\376\377\201\011\121\262\123\213\177\051\377\010\123\071\221\115\156\344\154\342\377\011}{section.3}% 12
\BOOKMARK [3][-]{subsubsection.3.4.1}{\376\377\201\011\121\262\123\213\177\051\210\150\217\276\137\017\123\312\126\376\120\317}{subsection.3.4}% 13
\BOOKMARK [3][-]{subsubsection.3.4.2}{\376\377\201\011\123\213\217\223\121\372\000S\000N\000R\123\312\213\357\135\356\140\305\121\265\122\006\147\220}{subsection.3.4}% 14
\BOOKMARK [3][-]{subsubsection.3.4.3}{\376\377\131\032\146\156\122\322\145\117\141\037\116\016\131\032\146\156\122\322\133\271\226\120}{subsection.3.4}% 15
\BOOKMARK [2][-]{subsection.3.5}{\376\377\000F\000F\000T\166\370\136\162\171\357\175\057}{section.3}% 16
\BOOKMARK [3][-]{subsubsection.3.5.1}{\376\377\000F\000F\000T\210\150\217\276\137\017\123\312\126\376\120\317}{subsection.3.5}% 17
\BOOKMARK [3][-]{subsubsection.3.5.2}{\376\377\000F\000F\000T\217\223\121\372\000S\000N\000R\123\312\213\357\135\356\140\305\121\265\122\006\147\220}{subsection.3.5}% 18
\BOOKMARK [2][-]{subsection.3.6}{\376\377\215\335\171\273\152\041\174\312\124\214\220\037\136\246\152\041\174\312}{section.3}% 19
\BOOKMARK [3][-]{subsubsection.3.6.1}{\376\377\215\335\171\273\152\041\174\312}{subsection.3.6}% 20
\BOOKMARK [3][-]{subsubsection.3.6.2}{\376\377\220\037\136\246\152\041\174\312}{subsection.3.6}% 21
\BOOKMARK [1][-]{section.4}{\376\377\123\314\166\356\150\007\145\366\166\204\116\377\167\037\140\305\121\265}{}% 22
\BOOKMARK [2][-]{subsection.4.1}{\376\377\131\047\166\356\150\007\145\301\164\343\143\251\166\326\134\017\166\356\150\007}{section.4}% 23
\BOOKMARK [3][-]{subsubsection.4.1.1}{\376\377\131\047\166\356\150\007\215\335\171\273\145\301\164\343\143\251\166\326\134\017\166\356\150\007}{subsection.4.1}% 24
\BOOKMARK [3][-]{subsubsection.4.1.2}{\376\377\131\047\166\356\150\007\220\037\136\246\145\301\164\343\143\251\166\326\134\017\166\356\150\007}{subsection.4.1}% 25
\BOOKMARK [2][-]{subsection.4.2}{\376\377\215\335\171\273\122\006\217\250\163\207\116\016\220\037\136\246\122\006\217\250\163\207}{section.4}% 26
\BOOKMARK [3][-]{subsubsection.4.2.1}{\376\377\215\335\171\273\122\006\217\250}{subsection.4.2}% 27
\BOOKMARK [3][-]{subsubsection.4.2.2}{\376\377\220\037\136\246\122\006\217\250}{subsection.4.2}% 28
\BOOKMARK [1][-]{section.5}{\376\377\000M\000A\000T\000L\000A\000B\172\013\136\217\116\343\170\001}{}% 29
\BOOKMARK [2][-]{subsection.5.1}{\376\377\123\321\134\004\117\341\123\367\116\016\201\352\166\370\121\163\121\375\145\160}{section.5}% 30
\BOOKMARK [2][-]{subsection.5.2}{\376\377\123\071\221\115\156\344\154\342\116\016\201\011\123\213\217\223\121\372\117\341\126\152\153\324}{section.5}% 31
\BOOKMARK [2][-]{subsection.5.3}{\376\377\131\032\146\156\122\322\145\117\141\037\116\016\131\032\146\156\122\322\133\271\226\120}{section.5}% 32
\BOOKMARK [2][-]{subsection.5.4}{\376\377\000F\000F\000T}{section.5}% 33
\BOOKMARK [2][-]{subsection.5.5}{\376\377\215\335\171\273\152\041\174\312\116\016\220\037\136\246\152\041\174\312}{section.5}% 34
\BOOKMARK [2][-]{subsection.5.6}{\376\377\123\314\166\356\150\007}{section.5}% 35
