\BOOKMARK [1][-]{section.0}{\376\377\137\025\212\000}{}% 1
\BOOKMARK [2][-]{subsection.0.1}{\376\377\225\356\230\230\166\204\200\314\146\157}{section.0}% 2
\BOOKMARK [2][-]{subsection.0.2}{\376\377\145\207\163\056\176\374\217\360}{section.0}% 3
\BOOKMARK [2][-]{subsection.0.3}{\376\377\227\000\211\201\211\343\121\263\166\204\225\356\230\230}{section.0}% 4
\BOOKMARK [1][-]{section.1}{\376\377\210\302\166\370\165\065\215\357\166\204\136\372\172\313}{}% 5
\BOOKMARK [2][-]{subsection.1.1}{\376\377\123\125\124\021\116\244\155\101\165\065\156\220\122\006\210\302\116\072\166\370\117\115\135\356\116\072\0009\0000\000\260\166\204\116\044\166\370\165\065\156\220\166\204\210\302\166\370\123\237\164\006}{section.1}% 6
\BOOKMARK [2][-]{subsection.1.2}{\376\377\123\125\124\021\116\244\155\101\165\065\156\220\122\006\210\302\116\072\166\370\117\115\135\356\116\072\0001\0002\0000\000\260\166\204\133\371\171\360\116\011\166\370\165\065\156\220\166\204\210\302\166\370\123\237\164\006}{section.1}% 7
\BOOKMARK [1][-]{section.2}{\376\377\116\214\166\370\210\302\166\370\165\065\215\357\166\370\121\163\145\160\143\156\166\204\155\113\221\317}{}% 8
\BOOKMARK [2][-]{subsection.2.1}{\376\377\165\065\123\213\000-\215\037\217\175\162\171\140\047\166\204\145\160\143\156\155\113\221\317\116\016\146\362\176\277\176\330\122\066}{section.2}% 9
\BOOKMARK [3][-]{subsubsection.2.1.1}{\376\377\165\065\226\073\140\047\215\037\217\175\166\204\165\065\123\213\000-\215\037\217\175\162\171\140\047}{subsection.2.1}% 10
\BOOKMARK [3][-]{subsubsection.2.1.2}{\376\377\133\271\140\047\215\037\217\175\166\204\165\065\123\213\000-\215\037\217\175\162\171\140\047}{subsection.2.1}% 11
\BOOKMARK [3][-]{subsubsection.2.1.3}{\376\377\141\037\140\047\215\037\217\175\166\204\165\065\123\213\000-\215\037\217\175\162\171\140\047}{subsection.2.1}% 12
\BOOKMARK [2][-]{subsection.2.2}{\376\377\122\237\163\207\000-\215\037\217\175\162\171\140\047\166\204\145\160\143\156\155\113\221\317\116\016\146\362\176\277\176\330\122\066}{section.2}% 13
\BOOKMARK [1][-]{section.3}{\376\377\116\011\166\370\210\302\166\370\165\065\215\357\166\370\121\163\145\160\143\156\166\204\155\113\221\317}{}% 14
\BOOKMARK [2][-]{subsection.3.1}{\376\377\165\065\123\213\000-\215\037\217\175\162\171\140\047\166\204\145\160\143\156\155\113\221\317\116\016\146\362\176\277\176\330\122\066}{section.3}% 15
\BOOKMARK [3][-]{subsubsection.3.1.1}{\376\377\165\065\226\073\140\047\215\037\217\175\166\204\165\065\123\213\000-\215\037\217\175\162\171\140\047}{subsection.3.1}% 16
\BOOKMARK [3][-]{subsubsection.3.1.2}{\376\377\133\271\140\047\215\037\217\175\166\204\165\065\123\213\000-\215\037\217\175\162\171\140\047}{subsection.3.1}% 17
\BOOKMARK [3][-]{subsubsection.3.1.3}{\376\377\141\037\140\047\215\037\217\175\166\204\165\065\123\213\000-\215\037\217\175\162\171\140\047}{subsection.3.1}% 18
\BOOKMARK [2][-]{subsection.3.2}{\376\377\122\237\163\207\000-\215\037\217\175\162\171\140\047\166\204\145\160\143\156\155\113\221\317\116\016\146\362\176\277\176\330\122\066}{section.3}% 19
\BOOKMARK [1][-]{section.4}{\376\377\176\323\213\272}{}% 20
\BOOKMARK [2][-]{subsection.4.1}{\376\377\116\214\166\370\210\302\166\370\165\065\215\357\133\236\232\214\176\323\213\272}{section.4}% 21
\BOOKMARK [2][-]{subsection.4.2}{\376\377\116\011\166\370\210\302\166\370\165\065\215\357\133\236\232\214\176\323\213\272}{section.4}% 22
\BOOKMARK [2][-]{subsection.4.3}{\376\377\210\302\166\370\165\065\215\357\166\204\165\050\220\024\116\076\117\213}{section.4}% 23
\BOOKMARK [1][-]{subsection.4.3}{\376\377\123\302\200\003\145\207\163\056}{}% 24
