\BOOKMARK [1][-]{section.1}{\376\377\133\374\212\000}{}% 1
\BOOKMARK [2][-]{subsection.1.1}{\376\377\227\136\162\151\215\050\145\207\123\026\220\127\116\247\123\206\123\362\154\277\227\151\151\202\211\201}{section.1}% 2
\BOOKMARK [2][-]{subsection.1.2}{\376\377\123\127\116\254\136\002\227\136\162\151\215\050\145\207\123\026\220\127\116\247\140\305\121\265\173\200\217\360}{section.1}% 3
\BOOKMARK [2][-]{subsection.1.3}{\376\377\225\356\230\230\166\204\143\320\121\372}{section.1}% 4
\BOOKMARK [2][-]{subsection.1.4}{\376\377\145\207\163\056\176\374\217\360}{section.1}% 5
\BOOKMARK [1][-]{section.2}{\376\377\123\127\116\254\136\002\040\034\227\136\220\127\040\035\116\016\154\021\225\364\117\040\176\337\145\207\123\026\140\305\121\265\225\356\123\167\214\003\147\345\123\312\214\003\147\345\133\371\214\141\166\370\121\163\140\305\121\265}{}% 6
\BOOKMARK [1][-]{section.3}{\376\377\225\356\123\167\214\003\147\345\176\323\147\234}{}% 7
\BOOKMARK [2][-]{subsection.3.1}{\376\377\123\127\116\254\136\002\220\350\122\006\227\136\162\151\215\050\145\207\123\026\220\127\116\247\166\204\154\021\225\364\116\206\211\343\140\305\121\265}{section.3}% 8
\BOOKMARK [2][-]{subsection.3.2}{\376\377\123\127\116\254\136\002\040\034\227\136\220\127\040\035\123\321\134\125\122\115\146\157\123\312\166\370\121\163\140\305\121\265\166\204\154\021\225\364\140\047\167\013\154\325}{section.3}% 9
\BOOKMARK [1][-]{section.4}{\376\377\176\323\213\272\122\006\147\220\116\016\136\372\213\256}{}% 10
\BOOKMARK [2][-]{subsection.4.1}{\376\377\214\003\147\345\176\323\147\234\155\105\147\220}{section.4}% 11
\BOOKMARK [2][-]{subsection.4.2}{\376\377\141\017\211\301\116\016\136\372\213\256}{section.4}% 12
\BOOKMARK [1][-]{section*.2}{\376\377\123\302\200\003\145\207\163\056}{}% 13
\BOOKMARK [1][-]{section*.3}{\376\377\226\104\137\125}{}% 14
\BOOKMARK [2][-]{section*.4}{\376\377\122\006\135\345\123\312\141\037\140\363}{section*.3}% 15
\BOOKMARK [3][-]{section*.5}{\376\377\213\270\146\123\146\016}{section*.4}% 16
\BOOKMARK [3][-]{section*.6}{\376\377\210\201\125\204\136\005}{section*.4}% 17
\BOOKMARK [3][-]{section*.7}{\376\377\124\150\133\217\117\037}{section*.4}% 18
\BOOKMARK [3][-]{section*.8}{\376\377\220\271\126\011\164\207}{section*.4}% 19
\BOOKMARK [2][-]{section*.9}{\376\377\225\356\123\167\137\017\150\067}{section*.3}% 20
\BOOKMARK [2][-]{section*.10}{\376\377\176\304\124\130\200\124\174\373\145\271\137\017}{section*.3}% 21
